<?xml version="1.0" encoding="utf-8"?>
<!DOCTYPE coverage SYSTEM "http://cobertura.sourceforge.net/xml/coverage-04.dtd">
<coverage line-rate="0.523002421307506" branch-rate="0.541666666666667" lines-covered="216" lines-valid="413" branches-covered="26" branches-valid="48" complexity="109" version="0" timestamp="1671057749">
  <sources>
    <source>C:\Users\aline\</source>
  </sources>
  <packages>
    <package name="TryitterSolution.UnitTests" line-rate="0.993421052631579" branch-rate="0.666666666666667" complexity="29">
      <classes>
        <class name="AutoGeneratedProgram" filename="C:\Users\aline\.nuget\packages\microsoft.net.test.sdk\17.3.2\build\netcoreapp2.1\Microsoft.NET.Test.Sdk.Program.cs" line-rate="0" branch-rate="1" complexity="1">
          <methods>
            <method name="Main" signature="(...)" line-rate="0" branch-rate="1" complexity="1">
              <lines>
                <line number="4" hits="0" branch="false" />
              </lines>
            </method>
          </methods>
          <lines>
            <line number="4" hits="0" branch="false" />
          </lines>
        </class>
        <class name="TryitterSolution.UnitTests.Services.PostServiceTests" filename="C:\Users\aline\Desktop\ProjetoFinal\Tryitter\TryitterSolution\tests\TryitterSolution.UnitTests\Services\PostServiceTests.cs" line-rate="1" branch-rate="0.666666666666667" complexity="14">
          <methods>
            <method name="BuildPostService" signature="()" line-rate="1" branch-rate="1" complexity="1">
              <lines>
                <line number="25" hits="6" branch="false" />
                <line number="26" hits="6" branch="false" />
                <line number="27" hits="6" branch="false" />
              </lines>
            </method>
            <method name="DeveSerPossivelObterTodosOsPosts" signature="()" line-rate="1" branch-rate="1" complexity="2">
              <lines>
                <line number="140" hits="1" branch="false" />
                <line number="142" hits="1" branch="false" />
                <line number="143" hits="1" branch="false" />
                <line number="145" hits="1" branch="false" />
                <line number="146" hits="1" branch="false" />
                <line number="147" hits="1" branch="false" />
                <line number="149" hits="1" branch="false" />
                <line number="152" hits="1" branch="false" />
                <line number="155" hits="1" branch="false" />
                <line number="157" hits="1" branch="true" condition-coverage="100% (2/2)" />
                <line number="159" hits="1" branch="false" />
              </lines>
            </method>
            <method name=".ctor" signature="()" line-rate="1" branch-rate="1" complexity="1">
              <lines>
                <line number="18" hits="6" branch="false" />
                <line number="19" hits="6" branch="false" />
                <line number="20" hits="6" branch="false" />
                <line number="21" hits="6" branch="false" />
                <line number="22" hits="6" branch="false" />
              </lines>
            </method>
            <method name="DeveSerPossivelAdicionarUmPost" signature="()" line-rate="1" branch-rate="0.5" complexity="2">
              <lines>
                <line number="31" hits="1" branch="false" />
                <line number="33" hits="1" branch="false" />
                <line number="34" hits="1" branch="false" />
                <line number="36" hits="1" branch="false" />
                <line number="39" hits="1" branch="false" />
                <line number="42" hits="1" branch="true" condition-coverage="50% (1/2)" />
                <line number="43" hits="1" branch="false" />
              </lines>
            </method>
            <method name="DeveSerPossivelAlterarUmPost" signature="()" line-rate="1" branch-rate="0.5" complexity="2">
              <lines>
                <line number="47" hits="1" branch="false" />
                <line number="49" hits="1" branch="false" />
                <line number="50" hits="1" branch="false" />
                <line number="51" hits="1" branch="false" />
                <line number="53" hits="1" branch="false" />
                <line number="55" hits="1" branch="false" />
                <line number="56" hits="1" branch="false" />
                <line number="57" hits="1" branch="false" />
                <line number="59" hits="1" branch="false" />
                <line number="62" hits="1" branch="false" />
                <line number="65" hits="1" branch="true" condition-coverage="50% (1/2)" />
                <line number="66" hits="1" branch="false" />
              </lines>
            </method>
            <method name="DeveSerPossivelDeletarUmPost" signature="()" line-rate="1" branch-rate="0.5" complexity="2">
              <lines>
                <line number="97" hits="1" branch="false" />
                <line number="100" hits="1" branch="false" />
                <line number="102" hits="1" branch="false" />
                <line number="104" hits="1" branch="false" />
                <line number="105" hits="1" branch="false" />
                <line number="106" hits="1" branch="false" />
                <line number="108" hits="1" branch="false" />
                <line number="111" hits="1" branch="false" />
                <line number="114" hits="1" branch="true" condition-coverage="50% (1/2)" />
                <line number="115" hits="1" branch="false" />
              </lines>
            </method>
            <method name="NaoDeveSerPossivelAlterarUmPostQuandoForInvalido" signature="()" line-rate="1" branch-rate="0.5" complexity="2">
              <lines>
                <line number="70" hits="1" branch="false" />
                <line number="72" hits="1" branch="false" />
                <line number="73" hits="1" branch="false" />
                <line number="74" hits="1" branch="false" />
                <line number="76" hits="1" branch="false" />
                <line number="78" hits="1" branch="false" />
                <line number="81" hits="2" branch="false" />
                <line number="84" hits="1" branch="false" />
                <line number="85" hits="1" branch="false" />
                <line number="86" hits="1" branch="false" />
                <line number="88" hits="1" branch="true" condition-coverage="50% (1/2)" />
                <line number="89" hits="1" branch="false" />
                <line number="90" hits="1" branch="false" />
                <line number="91" hits="1" branch="false" />
                <line number="92" hits="1" branch="false" />
                <line number="93" hits="1" branch="false" />
              </lines>
            </method>
            <method name="NaoDeveSerPossivelDeletarUmPostQuandoForInvalido" signature="()" line-rate="1" branch-rate="1" complexity="2">
              <lines>
                <line number="119" hits="1" branch="false" />
                <line number="120" hits="1" branch="false" />
                <line number="122" hits="1" branch="false" />
                <line number="124" hits="1" branch="false" />
                <line number="127" hits="2" branch="false" />
                <line number="130" hits="1" branch="false" />
                <line number="131" hits="1" branch="false" />
                <line number="132" hits="1" branch="false" />
                <line number="134" hits="1" branch="true" condition-coverage="100% (2/2)" />
                <line number="135" hits="1" branch="false" />
                <line number="136" hits="1" branch="false" />
              </lines>
            </method>
          </methods>
          <lines>
            <line number="18" hits="6" branch="false" />
            <line number="19" hits="6" branch="false" />
            <line number="20" hits="6" branch="false" />
            <line number="21" hits="6" branch="false" />
            <line number="22" hits="6" branch="false" />
            <line number="25" hits="6" branch="false" />
            <line number="26" hits="6" branch="false" />
            <line number="27" hits="6" branch="false" />
            <line number="31" hits="1" branch="false" />
            <line number="33" hits="1" branch="false" />
            <line number="34" hits="1" branch="false" />
            <line number="36" hits="1" branch="false" />
            <line number="39" hits="1" branch="false" />
            <line number="42" hits="1" branch="true" condition-coverage="50% (1/2)" />
            <line number="43" hits="1" branch="false" />
            <line number="47" hits="1" branch="false" />
            <line number="49" hits="1" branch="false" />
            <line number="50" hits="1" branch="false" />
            <line number="51" hits="1" branch="false" />
            <line number="53" hits="1" branch="false" />
            <line number="55" hits="1" branch="false" />
            <line number="56" hits="1" branch="false" />
            <line number="57" hits="1" branch="false" />
            <line number="59" hits="1" branch="false" />
            <line number="62" hits="1" branch="false" />
            <line number="65" hits="1" branch="true" condition-coverage="50% (1/2)" />
            <line number="66" hits="1" branch="false" />
            <line number="70" hits="1" branch="false" />
            <line number="72" hits="1" branch="false" />
            <line number="73" hits="1" branch="false" />
            <line number="74" hits="1" branch="false" />
            <line number="76" hits="1" branch="false" />
            <line number="78" hits="1" branch="false" />
            <line number="81" hits="2" branch="false" />
            <line number="84" hits="1" branch="false" />
            <line number="85" hits="1" branch="false" />
            <line number="86" hits="1" branch="false" />
            <line number="88" hits="1" branch="true" condition-coverage="50% (1/2)" />
            <line number="89" hits="1" branch="false" />
            <line number="90" hits="1" branch="false" />
            <line number="91" hits="1" branch="false" />
            <line number="92" hits="1" branch="false" />
            <line number="93" hits="1" branch="false" />
            <line number="97" hits="1" branch="false" />
            <line number="100" hits="1" branch="false" />
            <line number="102" hits="1" branch="false" />
            <line number="104" hits="1" branch="false" />
            <line number="105" hits="1" branch="false" />
            <line number="106" hits="1" branch="false" />
            <line number="108" hits="1" branch="false" />
            <line number="111" hits="1" branch="false" />
            <line number="114" hits="1" branch="true" condition-coverage="50% (1/2)" />
            <line number="115" hits="1" branch="false" />
            <line number="119" hits="1" branch="false" />
            <line number="120" hits="1" branch="false" />
            <line number="122" hits="1" branch="false" />
            <line number="124" hits="1" branch="false" />
            <line number="127" hits="2" branch="false" />
            <line number="130" hits="1" branch="false" />
            <line number="131" hits="1" branch="false" />
            <line number="132" hits="1" branch="false" />
            <line number="134" hits="1" branch="true" condition-coverage="100% (2/2)" />
            <line number="135" hits="1" branch="false" />
            <line number="136" hits="1" branch="false" />
            <line number="140" hits="1" branch="false" />
            <line number="142" hits="1" branch="false" />
            <line number="143" hits="1" branch="false" />
            <line number="145" hits="1" branch="false" />
            <line number="146" hits="1" branch="false" />
            <line number="147" hits="1" branch="false" />
            <line number="149" hits="1" branch="false" />
            <line number="152" hits="1" branch="false" />
            <line number="155" hits="1" branch="false" />
            <line number="157" hits="1" branch="true" condition-coverage="100% (2/2)" />
            <line number="159" hits="1" branch="false" />
          </lines>
        </class>
        <class name="TryitterSolution.UnitTests.Services.UserServiceTests" filename="C:\Users\aline\Desktop\ProjetoFinal\Tryitter\TryitterSolution\tests\TryitterSolution.UnitTests\Services\UserServiceTests.cs" line-rate="1" branch-rate="0.666666666666667" complexity="14">
          <methods>
            <method name="BuildUserService" signature="()" line-rate="1" branch-rate="1" complexity="1">
              <lines>
                <line number="24" hits="6" branch="false" />
                <line number="25" hits="6" branch="false" />
                <line number="26" hits="6" branch="false" />
              </lines>
            </method>
            <method name=".ctor" signature="()" line-rate="1" branch-rate="1" complexity="1">
              <lines>
                <line number="17" hits="6" branch="false" />
                <line number="18" hits="6" branch="false" />
                <line number="19" hits="6" branch="false" />
                <line number="20" hits="6" branch="false" />
                <line number="21" hits="6" branch="false" />
              </lines>
            </method>
            <method name="DeveSerPossivelAdicionarUmUsuario" signature="()" line-rate="1" branch-rate="1" complexity="2">
              <lines>
                <line number="30" hits="1" branch="false" />
                <line number="32" hits="1" branch="false" />
                <line number="33" hits="1" branch="false" />
                <line number="36" hits="1" branch="false" />
                <line number="39" hits="1" branch="false" />
                <line number="42" hits="1" branch="true" condition-coverage="100% (2/2)" />
                <line number="43" hits="1" branch="false" />
              </lines>
            </method>
            <method name="DeveSerPossivelAlterarSenhaDeUmUsuario" signature="()" line-rate="1" branch-rate="0.5" complexity="2">
              <lines>
                <line number="73" hits="1" branch="false" />
                <line number="75" hits="1" branch="false" />
                <line number="76" hits="1" branch="false" />
                <line number="77" hits="1" branch="false" />
                <line number="79" hits="1" branch="false" />
                <line number="80" hits="1" branch="false" />
                <line number="81" hits="1" branch="false" />
                <line number="83" hits="1" branch="false" />
                <line number="86" hits="1" branch="false" />
                <line number="89" hits="1" branch="true" condition-coverage="50% (1/2)" />
                <line number="90" hits="1" branch="false" />
              </lines>
            </method>
            <method name="DeveSerPossivelDeletarUmUsuario" signature="()" line-rate="1" branch-rate="0.5" complexity="2">
              <lines>
                <line number="118" hits="1" branch="false" />
                <line number="120" hits="1" branch="false" />
                <line number="122" hits="1" branch="false" />
                <line number="124" hits="1" branch="false" />
                <line number="125" hits="1" branch="false" />
                <line number="126" hits="1" branch="false" />
                <line number="128" hits="1" branch="false" />
                <line number="131" hits="1" branch="false" />
                <line number="134" hits="1" branch="true" condition-coverage="50% (1/2)" />
                <line number="135" hits="1" branch="false" />
              </lines>
            </method>
            <method name="NaoDeveSerPossivelAdicionarUmUsuarioQuandoForInvalido" signature="()" line-rate="1" branch-rate="0.5" complexity="2">
              <lines>
                <line number="47" hits="1" branch="false" />
                <line number="49" hits="1" branch="false" />
                <line number="50" hits="1" branch="false" />
                <line number="52" hits="1" branch="false" />
                <line number="53" hits="1" branch="false" />
                <line number="54" hits="1" branch="false" />
                <line number="56" hits="1" branch="false" />
                <line number="59" hits="2" branch="false" />
                <line number="62" hits="1" branch="false" />
                <line number="63" hits="1" branch="false" />
                <line number="64" hits="1" branch="false" />
                <line number="66" hits="1" branch="true" condition-coverage="50% (1/2)" />
                <line number="67" hits="1" branch="false" />
                <line number="68" hits="1" branch="false" />
                <line number="69" hits="1" branch="false" />
              </lines>
            </method>
            <method name="NaoDeveSerPossivelAlterarSenhaDeUmUsuarioQuandoForInvalido" signature="()" line-rate="1" branch-rate="0.5" complexity="2">
              <lines>
                <line number="94" hits="1" branch="false" />
                <line number="96" hits="1" branch="false" />
                <line number="97" hits="1" branch="false" />
                <line number="98" hits="1" branch="false" />
                <line number="100" hits="1" branch="false" />
                <line number="103" hits="2" branch="false" />
                <line number="106" hits="1" branch="false" />
                <line number="107" hits="1" branch="false" />
                <line number="108" hits="1" branch="false" />
                <line number="110" hits="1" branch="true" condition-coverage="50% (1/2)" />
                <line number="111" hits="1" branch="false" />
                <line number="112" hits="1" branch="false" />
                <line number="113" hits="1" branch="false" />
                <line number="114" hits="1" branch="false" />
              </lines>
            </method>
            <method name="NaoDeveSerPossivelDeletarUmUsuarioQuandoForInvalido" signature="()" line-rate="1" branch-rate="1" complexity="2">
              <lines>
                <line number="139" hits="1" branch="false" />
                <line number="141" hits="1" branch="false" />
                <line number="142" hits="1" branch="false" />
                <line number="144" hits="1" branch="false" />
                <line number="147" hits="2" branch="false" />
                <line number="150" hits="1" branch="false" />
                <line number="151" hits="1" branch="false" />
                <line number="152" hits="1" branch="false" />
                <line number="154" hits="1" branch="true" condition-coverage="100% (2/2)" />
                <line number="155" hits="1" branch="false" />
                <line number="156" hits="1" branch="false" />
              </lines>
            </method>
          </methods>
          <lines>
            <line number="17" hits="6" branch="false" />
            <line number="18" hits="6" branch="false" />
            <line number="19" hits="6" branch="false" />
            <line number="20" hits="6" branch="false" />
            <line number="21" hits="6" branch="false" />
            <line number="24" hits="6" branch="false" />
            <line number="25" hits="6" branch="false" />
            <line number="26" hits="6" branch="false" />
            <line number="30" hits="1" branch="false" />
            <line number="32" hits="1" branch="false" />
            <line number="33" hits="1" branch="false" />
            <line number="36" hits="1" branch="false" />
            <line number="39" hits="1" branch="false" />
            <line number="42" hits="1" branch="true" condition-coverage="100% (2/2)" />
            <line number="43" hits="1" branch="false" />
            <line number="47" hits="1" branch="false" />
            <line number="49" hits="1" branch="false" />
            <line number="50" hits="1" branch="false" />
            <line number="52" hits="1" branch="false" />
            <line number="53" hits="1" branch="false" />
            <line number="54" hits="1" branch="false" />
            <line number="56" hits="1" branch="false" />
            <line number="59" hits="2" branch="false" />
            <line number="62" hits="1" branch="false" />
            <line number="63" hits="1" branch="false" />
            <line number="64" hits="1" branch="false" />
            <line number="66" hits="1" branch="true" condition-coverage="50% (1/2)" />
            <line number="67" hits="1" branch="false" />
            <line number="68" hits="1" branch="false" />
            <line number="69" hits="1" branch="false" />
            <line number="73" hits="1" branch="false" />
            <line number="75" hits="1" branch="false" />
            <line number="76" hits="1" branch="false" />
            <line number="77" hits="1" branch="false" />
            <line number="79" hits="1" branch="false" />
            <line number="80" hits="1" branch="false" />
            <line number="81" hits="1" branch="false" />
            <line number="83" hits="1" branch="false" />
            <line number="86" hits="1" branch="false" />
            <line number="89" hits="1" branch="true" condition-coverage="50% (1/2)" />
            <line number="90" hits="1" branch="false" />
            <line number="94" hits="1" branch="false" />
            <line number="96" hits="1" branch="false" />
            <line number="97" hits="1" branch="false" />
            <line number="98" hits="1" branch="false" />
            <line number="100" hits="1" branch="false" />
            <line number="103" hits="2" branch="false" />
            <line number="106" hits="1" branch="false" />
            <line number="107" hits="1" branch="false" />
            <line number="108" hits="1" branch="false" />
            <line number="110" hits="1" branch="true" condition-coverage="50% (1/2)" />
            <line number="111" hits="1" branch="false" />
            <line number="112" hits="1" branch="false" />
            <line number="113" hits="1" branch="false" />
            <line number="114" hits="1" branch="false" />
            <line number="118" hits="1" branch="false" />
            <line number="120" hits="1" branch="false" />
            <line number="122" hits="1" branch="false" />
            <line number="124" hits="1" branch="false" />
            <line number="125" hits="1" branch="false" />
            <line number="126" hits="1" branch="false" />
            <line number="128" hits="1" branch="false" />
            <line number="131" hits="1" branch="false" />
            <line number="134" hits="1" branch="true" condition-coverage="50% (1/2)" />
            <line number="135" hits="1" branch="false" />
            <line number="139" hits="1" branch="false" />
            <line number="141" hits="1" branch="false" />
            <line number="142" hits="1" branch="false" />
            <line number="144" hits="1" branch="false" />
            <line number="147" hits="2" branch="false" />
            <line number="150" hits="1" branch="false" />
            <line number="151" hits="1" branch="false" />
            <line number="152" hits="1" branch="false" />
            <line number="154" hits="1" branch="true" condition-coverage="100% (2/2)" />
            <line number="155" hits="1" branch="false" />
            <line number="156" hits="1" branch="false" />
          </lines>
        </class>
      </classes>
    </package>
    <package name="TryitterSolution.WebAPI" line-rate="0.24904214559387" branch-rate="0.416666666666667" complexity="80">
      <classes>
        <class name="Program" filename="C:\Users\aline\Desktop\ProjetoFinal\Tryitter\TryitterSolution\src\TryitterSolution.WebAPI\Program.cs" line-rate="0" branch-rate="0" complexity="2">
          <methods>
            <method name="&lt;Main&gt;$" signature="(...)" line-rate="0" branch-rate="0" complexity="2">
              <lines>
                <line number="3" hits="0" branch="false" />
                <line number="5" hits="0" branch="false" />
                <line number="6" hits="0" branch="false" />
                <line number="7" hits="0" branch="false" />
                <line number="8" hits="0" branch="false" />
                <line number="9" hits="0" branch="false" />
                <line number="10" hits="0" branch="false" />
                <line number="12" hits="0" branch="false" />
                <line number="14" hits="0" branch="true" condition-coverage="0% (0/2)" />
                <line number="15" hits="0" branch="false" />
                <line number="16" hits="0" branch="false" />
                <line number="17" hits="0" branch="false" />
                <line number="19" hits="0" branch="false" />
                <line number="20" hits="0" branch="false" />
                <line number="21" hits="0" branch="false" />
                <line number="22" hits="0" branch="false" />
                <line number="23" hits="0" branch="false" />
              </lines>
            </method>
          </methods>
          <lines>
            <line number="3" hits="0" branch="false" />
            <line number="5" hits="0" branch="false" />
            <line number="6" hits="0" branch="false" />
            <line number="7" hits="0" branch="false" />
            <line number="8" hits="0" branch="false" />
            <line number="9" hits="0" branch="false" />
            <line number="10" hits="0" branch="false" />
            <line number="12" hits="0" branch="false" />
            <line number="14" hits="0" branch="true" condition-coverage="0% (0/2)" />
            <line number="15" hits="0" branch="false" />
            <line number="16" hits="0" branch="false" />
            <line number="17" hits="0" branch="false" />
            <line number="19" hits="0" branch="false" />
            <line number="20" hits="0" branch="false" />
            <line number="21" hits="0" branch="false" />
            <line number="22" hits="0" branch="false" />
            <line number="23" hits="0" branch="false" />
          </lines>
        </class>
        <class name="TryitterSolution.WebAPI.Controllers.LoginController" filename="C:\Users\aline\Desktop\ProjetoFinal\Tryitter\TryitterSolution\src\TryitterSolution.WebAPI\Controllers\LoginController.cs" line-rate="0" branch-rate="1" complexity="2">
          <methods>
            <method name=".ctor" signature="(...)" line-rate="0" branch-rate="1" complexity="1">
              <lines>
                <line number="17" hits="0" branch="false" />
                <line number="18" hits="0" branch="false" />
                <line number="19" hits="0" branch="false" />
                <line number="20" hits="0" branch="false" />
                <line number="21" hits="0" branch="false" />
                <line number="22" hits="0" branch="false" />
              </lines>
            </method>
            <method name="LoginAsync" signature="()" line-rate="0" branch-rate="1" complexity="1">
              <lines>
                <line number="30" hits="0" branch="false" />
                <line number="31" hits="0" branch="false" />
                <line number="33" hits="0" branch="false" />
                <line number="34" hits="0" branch="false" />
                <line number="35" hits="0" branch="false" />
                <line number="36" hits="0" branch="false" />
                <line number="37" hits="0" branch="false" />
                <line number="39" hits="0" branch="false" />
                <line number="40" hits="0" branch="false" />
              </lines>
            </method>
          </methods>
          <lines>
            <line number="17" hits="0" branch="false" />
            <line number="18" hits="0" branch="false" />
            <line number="19" hits="0" branch="false" />
            <line number="20" hits="0" branch="false" />
            <line number="21" hits="0" branch="false" />
            <line number="22" hits="0" branch="false" />
            <line number="30" hits="0" branch="false" />
            <line number="31" hits="0" branch="false" />
            <line number="33" hits="0" branch="false" />
            <line number="34" hits="0" branch="false" />
            <line number="35" hits="0" branch="false" />
            <line number="36" hits="0" branch="false" />
            <line number="37" hits="0" branch="false" />
            <line number="39" hits="0" branch="false" />
            <line number="40" hits="0" branch="false" />
          </lines>
        </class>
        <class name="TryitterSolution.WebAPI.Controllers.PostController" filename="C:\Users\aline\Desktop\ProjetoFinal\Tryitter\TryitterSolution\src\TryitterSolution.WebAPI\Controllers\PostController.cs" line-rate="0" branch-rate="0" complexity="9">
          <methods>
            <method name="GetAll" signature="(...)" line-rate="0" branch-rate="0" complexity="4">
              <lines>
                <line number="53" hits="0" branch="false" />
                <line number="55" hits="0" branch="false" />
                <line number="57" hits="0" branch="true" condition-coverage="0% (0/4)" />
                <line number="58" hits="0" branch="false" />
                <line number="59" hits="0" branch="false" />
                <line number="62" hits="0" branch="false" />
                <line number="63" hits="0" branch="false" />
                <line number="64" hits="0" branch="false" />
                <line number="65" hits="0" branch="false" />
                <line number="66" hits="0" branch="false" />
                <line number="67" hits="0" branch="false" />
                <line number="68" hits="0" branch="false" />
                <line number="70" hits="0" branch="false" />
                <line number="71" hits="0" branch="false" />
              </lines>
            </method>
            <method name=".ctor" signature="(...)" line-rate="0" branch-rate="1" complexity="1">
              <lines>
                <line number="15" hits="0" branch="false" />
                <line number="16" hits="0" branch="false" />
                <line number="17" hits="0" branch="false" />
                <line number="18" hits="0" branch="false" />
              </lines>
            </method>
            <method name="AddAsync" signature="()" line-rate="0" branch-rate="1" complexity="1">
              <lines>
                <line number="26" hits="0" branch="false" />
                <line number="27" hits="0" branch="false" />
                <line number="28" hits="0" branch="false" />
                <line number="29" hits="0" branch="false" />
                <line number="30" hits="0" branch="false" />
                <line number="31" hits="0" branch="false" />
                <line number="32" hits="0" branch="false" />
                <line number="33" hits="0" branch="false" />
                <line number="34" hits="0" branch="false" />
                <line number="35" hits="0" branch="false" />
              </lines>
            </method>
            <method name="ChangePasswordAsync" signature="()" line-rate="0" branch-rate="0" complexity="2">
              <lines>
                <line number="43" hits="0" branch="false" />
                <line number="44" hits="0" branch="true" condition-coverage="0% (0/2)" />
                <line number="45" hits="0" branch="false" />
                <line number="46" hits="0" branch="false" />
              </lines>
            </method>
            <method name="DeleteAsync" signature="()" line-rate="0" branch-rate="1" complexity="1">
              <lines>
                <line number="80" hits="0" branch="false" />
                <line number="82" hits="0" branch="false" />
                <line number="84" hits="0" branch="false" />
                <line number="85" hits="0" branch="false" />
              </lines>
            </method>
          </methods>
          <lines>
            <line number="15" hits="0" branch="false" />
            <line number="16" hits="0" branch="false" />
            <line number="17" hits="0" branch="false" />
            <line number="18" hits="0" branch="false" />
            <line number="26" hits="0" branch="false" />
            <line number="27" hits="0" branch="false" />
            <line number="28" hits="0" branch="false" />
            <line number="29" hits="0" branch="false" />
            <line number="30" hits="0" branch="false" />
            <line number="31" hits="0" branch="false" />
            <line number="32" hits="0" branch="false" />
            <line number="33" hits="0" branch="false" />
            <line number="34" hits="0" branch="false" />
            <line number="35" hits="0" branch="false" />
            <line number="43" hits="0" branch="false" />
            <line number="44" hits="0" branch="true" condition-coverage="0% (0/2)" />
            <line number="45" hits="0" branch="false" />
            <line number="46" hits="0" branch="false" />
            <line number="53" hits="0" branch="false" />
            <line number="55" hits="0" branch="false" />
            <line number="57" hits="0" branch="true" condition-coverage="0% (0/4)" />
            <line number="58" hits="0" branch="false" />
            <line number="59" hits="0" branch="false" />
            <line number="62" hits="0" branch="false" />
            <line number="63" hits="0" branch="false" />
            <line number="64" hits="0" branch="false" />
            <line number="65" hits="0" branch="false" />
            <line number="66" hits="0" branch="false" />
            <line number="67" hits="0" branch="false" />
            <line number="68" hits="0" branch="false" />
            <line number="70" hits="0" branch="false" />
            <line number="71" hits="0" branch="false" />
            <line number="80" hits="0" branch="false" />
            <line number="82" hits="0" branch="false" />
            <line number="84" hits="0" branch="false" />
            <line number="85" hits="0" branch="false" />
          </lines>
        </class>
        <class name="TryitterSolution.WebAPI.Controllers.UserController" filename="C:\Users\aline\Desktop\ProjetoFinal\Tryitter\TryitterSolution\src\TryitterSolution.WebAPI\Controllers\UserController.cs" line-rate="0" branch-rate="0" complexity="8">
          <methods>
            <method name="GetAll" signature="(...)" line-rate="0" branch-rate="0" complexity="4">
              <lines>
                <line number="55" hits="0" branch="false" />
                <line number="57" hits="0" branch="false" />
                <line number="59" hits="0" branch="true" condition-coverage="0% (0/4)" />
                <line number="60" hits="0" branch="false" />
                <line number="61" hits="0" branch="false" />
                <line number="64" hits="0" branch="false" />
                <line number="65" hits="0" branch="false" />
                <line number="66" hits="0" branch="false" />
                <line number="67" hits="0" branch="false" />
                <line number="68" hits="0" branch="false" />
                <line number="69" hits="0" branch="false" />
                <line number="70" hits="0" branch="false" />
                <line number="71" hits="0" branch="false" />
                <line number="73" hits="0" branch="false" />
                <line number="74" hits="0" branch="false" />
              </lines>
            </method>
            <method name=".ctor" signature="(...)" line-rate="0" branch-rate="1" complexity="1">
              <lines>
                <line number="16" hits="0" branch="false" />
                <line number="17" hits="0" branch="false" />
                <line number="18" hits="0" branch="false" />
                <line number="19" hits="0" branch="false" />
              </lines>
            </method>
            <method name="AddAsync" signature="()" line-rate="0" branch-rate="1" complexity="1">
              <lines>
                <line number="27" hits="0" branch="false" />
                <line number="28" hits="0" branch="false" />
                <line number="29" hits="0" branch="false" />
                <line number="30" hits="0" branch="false" />
                <line number="31" hits="0" branch="false" />
                <line number="32" hits="0" branch="false" />
                <line number="33" hits="0" branch="false" />
                <line number="34" hits="0" branch="false" />
                <line number="35" hits="0" branch="false" />
                <line number="36" hits="0" branch="false" />
              </lines>
            </method>
            <method name="ChangePasswordAsync" signature="()" line-rate="0" branch-rate="1" complexity="1">
              <lines>
                <line number="44" hits="0" branch="false" />
                <line number="46" hits="0" branch="false" />
                <line number="47" hits="0" branch="false" />
                <line number="48" hits="0" branch="false" />
              </lines>
            </method>
            <method name="DeleteAsync" signature="()" line-rate="0" branch-rate="1" complexity="1">
              <lines>
                <line number="82" hits="0" branch="false" />
                <line number="84" hits="0" branch="false" />
                <line number="86" hits="0" branch="false" />
                <line number="87" hits="0" branch="false" />
              </lines>
            </method>
          </methods>
          <lines>
            <line number="16" hits="0" branch="false" />
            <line number="17" hits="0" branch="false" />
            <line number="18" hits="0" branch="false" />
            <line number="19" hits="0" branch="false" />
            <line number="27" hits="0" branch="false" />
            <line number="28" hits="0" branch="false" />
            <line number="29" hits="0" branch="false" />
            <line number="30" hits="0" branch="false" />
            <line number="31" hits="0" branch="false" />
            <line number="32" hits="0" branch="false" />
            <line number="33" hits="0" branch="false" />
            <line number="34" hits="0" branch="false" />
            <line number="35" hits="0" branch="false" />
            <line number="36" hits="0" branch="false" />
            <line number="44" hits="0" branch="false" />
            <line number="46" hits="0" branch="false" />
            <line number="47" hits="0" branch="false" />
            <line number="48" hits="0" branch="false" />
            <line number="55" hits="0" branch="false" />
            <line number="57" hits="0" branch="false" />
            <line number="59" hits="0" branch="true" condition-coverage="0% (0/4)" />
            <line number="60" hits="0" branch="false" />
            <line number="61" hits="0" branch="false" />
            <line number="64" hits="0" branch="false" />
            <line number="65" hits="0" branch="false" />
            <line number="66" hits="0" branch="false" />
            <line number="67" hits="0" branch="false" />
            <line number="68" hits="0" branch="false" />
            <line number="69" hits="0" branch="false" />
            <line number="70" hits="0" branch="false" />
            <line number="71" hits="0" branch="false" />
            <line number="73" hits="0" branch="false" />
            <line number="74" hits="0" branch="false" />
            <line number="82" hits="0" branch="false" />
            <line number="84" hits="0" branch="false" />
            <line number="86" hits="0" branch="false" />
            <line number="87" hits="0" branch="false" />
          </lines>
        </class>
        <class name="TryitterSolution.WebAPI.Exceptions.PostAlreadyExistsException" filename="C:\Users\aline\Desktop\ProjetoFinal\Tryitter\TryitterSolution\src\TryitterSolution.WebAPI\Exceptions\PostAlreadyExistsException.cs" line-rate="0" branch-rate="1" complexity="1">
          <methods>
            <method name=".ctor" signature="(...)" line-rate="0" branch-rate="1" complexity="1">
              <lines>
                <line number="6" hits="0" branch="false" />
                <line number="7" hits="0" branch="false" />
              </lines>
            </method>
          </methods>
          <lines>
            <line number="6" hits="0" branch="false" />
            <line number="7" hits="0" branch="false" />
          </lines>
        </class>
        <class name="TryitterSolution.WebAPI.Exceptions.PostNotExistsException" filename="C:\Users\aline\Desktop\ProjetoFinal\Tryitter\TryitterSolution\src\TryitterSolution.WebAPI\Exceptions\PostNotExistsException.cs" line-rate="1" branch-rate="1" complexity="1">
          <methods>
            <method name=".ctor" signature="(...)" line-rate="1" branch-rate="1" complexity="1">
              <lines>
                <line number="6" hits="2" branch="false" />
                <line number="7" hits="4" branch="false" />
              </lines>
            </method>
          </methods>
          <lines>
            <line number="6" hits="2" branch="false" />
            <line number="7" hits="4" branch="false" />
          </lines>
        </class>
        <class name="TryitterSolution.WebAPI.Exceptions.UserAlreadyExistsException" filename="C:\Users\aline\Desktop\ProjetoFinal\Tryitter\TryitterSolution\src\TryitterSolution.WebAPI\Exceptions\UserAlreadyExistsException.cs" line-rate="1" branch-rate="1" complexity="1">
          <methods>
            <method name=".ctor" signature="(...)" line-rate="1" branch-rate="1" complexity="1">
              <lines>
                <line number="6" hits="1" branch="false" />
                <line number="7" hits="2" branch="false" />
              </lines>
            </method>
          </methods>
          <lines>
            <line number="6" hits="1" branch="false" />
            <line number="7" hits="2" branch="false" />
          </lines>
        </class>
        <class name="TryitterSolution.WebAPI.Exceptions.UserNotExistsException" filename="C:\Users\aline\Desktop\ProjetoFinal\Tryitter\TryitterSolution\src\TryitterSolution.WebAPI\Exceptions\UserNotExistsException.cs" line-rate="1" branch-rate="1" complexity="1">
          <methods>
            <method name=".ctor" signature="(...)" line-rate="1" branch-rate="1" complexity="1">
              <lines>
                <line number="6" hits="2" branch="false" />
                <line number="7" hits="4" branch="false" />
              </lines>
            </method>
          </methods>
          <lines>
            <line number="6" hits="2" branch="false" />
            <line number="7" hits="4" branch="false" />
          </lines>
        </class>
        <class name="TryitterSolution.WebAPI.Extensions.AuthenticationExtensions" filename="C:\Users\aline\Desktop\ProjetoFinal\Tryitter\TryitterSolution\src\TryitterSolution.WebAPI\Extensions\AuthenticationExtensions.cs" line-rate="0" branch-rate="1" complexity="1">
          <methods>
            <method name="AddCustomAuthentication" signature="(...)" line-rate="0" branch-rate="1" complexity="1">
              <lines>
                <line number="10" hits="0" branch="false" />
                <line number="11" hits="0" branch="false" />
                <line number="12" hits="0" branch="false" />
                <line number="13" hits="0" branch="false" />
                <line number="14" hits="0" branch="false" />
                <line number="15" hits="0" branch="false" />
                <line number="16" hits="0" branch="false" />
                <line number="17" hits="0" branch="false" />
                <line number="18" hits="0" branch="false" />
                <line number="19" hits="0" branch="false" />
                <line number="20" hits="0" branch="false" />
                <line number="21" hits="0" branch="false" />
                <line number="22" hits="0" branch="false" />
                <line number="23" hits="0" branch="false" />
                <line number="24" hits="0" branch="false" />
                <line number="25" hits="0" branch="false" />
                <line number="26" hits="0" branch="false" />
                <line number="27" hits="0" branch="false" />
                <line number="28" hits="0" branch="false" />
                <line number="29" hits="0" branch="false" />
                <line number="30" hits="0" branch="false" />
                <line number="32" hits="0" branch="false" />
                <line number="34" hits="0" branch="false" />
                <line number="35" hits="0" branch="false" />
              </lines>
            </method>
          </methods>
          <lines>
            <line number="10" hits="0" branch="false" />
            <line number="11" hits="0" branch="false" />
            <line number="12" hits="0" branch="false" />
            <line number="13" hits="0" branch="false" />
            <line number="14" hits="0" branch="false" />
            <line number="15" hits="0" branch="false" />
            <line number="16" hits="0" branch="false" />
            <line number="17" hits="0" branch="false" />
            <line number="18" hits="0" branch="false" />
            <line number="19" hits="0" branch="false" />
            <line number="20" hits="0" branch="false" />
            <line number="21" hits="0" branch="false" />
            <line number="22" hits="0" branch="false" />
            <line number="23" hits="0" branch="false" />
            <line number="24" hits="0" branch="false" />
            <line number="25" hits="0" branch="false" />
            <line number="26" hits="0" branch="false" />
            <line number="27" hits="0" branch="false" />
            <line number="28" hits="0" branch="false" />
            <line number="29" hits="0" branch="false" />
            <line number="30" hits="0" branch="false" />
            <line number="32" hits="0" branch="false" />
            <line number="34" hits="0" branch="false" />
            <line number="35" hits="0" branch="false" />
          </lines>
        </class>
        <class name="TryitterSolution.WebAPI.Extensions.DatabaseExtensions" filename="C:\Users\aline\Desktop\ProjetoFinal\Tryitter\TryitterSolution\src\TryitterSolution.WebAPI\Extensions\DatabaseExtensions.cs" line-rate="0" branch-rate="1" complexity="1">
          <methods>
            <method name="AddDatabase" signature="(...)" line-rate="0" branch-rate="1" complexity="1">
              <lines>
                <line number="10" hits="0" branch="false" />
                <line number="11" hits="0" branch="false" />
                <line number="12" hits="0" branch="false" />
                <line number="14" hits="0" branch="false" />
                <line number="15" hits="0" branch="false" />
                <line number="16" hits="0" branch="false" />
                <line number="18" hits="0" branch="false" />
                <line number="19" hits="0" branch="false" />
              </lines>
            </method>
          </methods>
          <lines>
            <line number="10" hits="0" branch="false" />
            <line number="11" hits="0" branch="false" />
            <line number="12" hits="0" branch="false" />
            <line number="14" hits="0" branch="false" />
            <line number="15" hits="0" branch="false" />
            <line number="16" hits="0" branch="false" />
            <line number="18" hits="0" branch="false" />
            <line number="19" hits="0" branch="false" />
          </lines>
        </class>
        <class name="TryitterSolution.WebAPI.Extensions.ServiceExtensions" filename="C:\Users\aline\Desktop\ProjetoFinal\Tryitter\TryitterSolution\src\TryitterSolution.WebAPI\Extensions\ServiceExtensions.cs" line-rate="0" branch-rate="1" complexity="1">
          <methods>
            <method name="AddServices" signature="(...)" line-rate="0" branch-rate="1" complexity="1">
              <lines>
                <line number="9" hits="0" branch="false" />
                <line number="10" hits="0" branch="false" />
                <line number="11" hits="0" branch="false" />
                <line number="12" hits="0" branch="false" />
                <line number="14" hits="0" branch="false" />
                <line number="15" hits="0" branch="false" />
              </lines>
            </method>
          </methods>
          <lines>
            <line number="9" hits="0" branch="false" />
            <line number="10" hits="0" branch="false" />
            <line number="11" hits="0" branch="false" />
            <line number="12" hits="0" branch="false" />
            <line number="14" hits="0" branch="false" />
            <line number="15" hits="0" branch="false" />
          </lines>
        </class>
        <class name="TryitterSolution.WebAPI.Models.Post" filename="C:\Users\aline\Desktop\ProjetoFinal\Tryitter\TryitterSolution\src\TryitterSolution.WebAPI\Models\Post.cs" line-rate="1" branch-rate="1" complexity="4">
          <methods>
            <method name="get_PostId" signature="()" line-rate="1" branch-rate="1" complexity="1">
              <lines>
                <line number="9" hits="36" branch="false" />
              </lines>
            </method>
            <method name="get_Text" signature="()" line-rate="1" branch-rate="1" complexity="1">
              <lines>
                <line number="12" hits="26" branch="false" />
              </lines>
            </method>
            <method name="get_Imagem" signature="()" line-rate="1" branch-rate="1" complexity="1">
              <lines>
                <line number="14" hits="26" branch="false" />
              </lines>
            </method>
            <method name="get_UserId" signature="()" line-rate="1" branch-rate="1" complexity="1">
              <lines>
                <line number="17" hits="26" branch="false" />
              </lines>
            </method>
          </methods>
          <lines>
            <line number="9" hits="36" branch="false" />
            <line number="12" hits="26" branch="false" />
            <line number="14" hits="26" branch="false" />
            <line number="17" hits="26" branch="false" />
          </lines>
        </class>
        <class name="TryitterSolution.WebAPI.Models.User" filename="C:\Users\aline\Desktop\ProjetoFinal\Tryitter\TryitterSolution\src\TryitterSolution.WebAPI\Models\User.cs" line-rate="1" branch-rate="1" complexity="7">
          <methods>
            <method name="get_UserId" signature="()" line-rate="1" branch-rate="1" complexity="1">
              <lines>
                <line number="8" hits="16" branch="false" />
              </lines>
            </method>
            <method name="get_Fullname" signature="()" line-rate="1" branch-rate="1" complexity="1">
              <lines>
                <line number="11" hits="6" branch="false" />
              </lines>
            </method>
            <method name="get_Email" signature="()" line-rate="1" branch-rate="1" complexity="1">
              <lines>
                <line number="14" hits="8" branch="false" />
              </lines>
            </method>
            <method name="get_Modulo" signature="()" line-rate="1" branch-rate="1" complexity="1">
              <lines>
                <line number="16" hits="6" branch="false" />
              </lines>
            </method>
            <method name="get_Status" signature="()" line-rate="1" branch-rate="1" complexity="1">
              <lines>
                <line number="18" hits="6" branch="false" />
              </lines>
            </method>
            <method name="get_Password" signature="()" line-rate="1" branch-rate="1" complexity="1">
              <lines>
                <line number="21" hits="6" branch="false" />
              </lines>
            </method>
            <method name="get_Posts" signature="()" line-rate="1" branch-rate="1" complexity="1">
              <lines>
                <line number="23" hits="6" branch="false" />
              </lines>
            </method>
          </methods>
          <lines>
            <line number="8" hits="16" branch="false" />
            <line number="11" hits="6" branch="false" />
            <line number="14" hits="8" branch="false" />
            <line number="16" hits="6" branch="false" />
            <line number="18" hits="6" branch="false" />
            <line number="21" hits="6" branch="false" />
            <line number="23" hits="6" branch="false" />
          </lines>
        </class>
        <class name="TryitterSolution.WebAPI.Services.AuthService" filename="C:\Users\aline\Desktop\ProjetoFinal\Tryitter\TryitterSolution\src\TryitterSolution.WebAPI\Services\AuthService.cs" line-rate="0" branch-rate="1" complexity="1">
          <methods>
            <method name="GenerateToken" signature="(...)" line-rate="0" branch-rate="1" complexity="1">
              <lines>
                <line number="13" hits="0" branch="false" />
                <line number="14" hits="0" branch="false" />
                <line number="15" hits="0" branch="false" />
                <line number="16" hits="0" branch="false" />
                <line number="17" hits="0" branch="false" />
                <line number="18" hits="0" branch="false" />
                <line number="19" hits="0" branch="false" />
                <line number="21" hits="0" branch="false" />
                <line number="23" hits="0" branch="false" />
                <line number="25" hits="0" branch="false" />
                <line number="26" hits="0" branch="false" />
                <line number="27" hits="0" branch="false" />
                <line number="28" hits="0" branch="false" />
                <line number="29" hits="0" branch="false" />
                <line number="30" hits="0" branch="false" />
                <line number="32" hits="0" branch="false" />
                <line number="33" hits="0" branch="false" />
                <line number="34" hits="0" branch="false" />
              </lines>
            </method>
          </methods>
          <lines>
            <line number="13" hits="0" branch="false" />
            <line number="14" hits="0" branch="false" />
            <line number="15" hits="0" branch="false" />
            <line number="16" hits="0" branch="false" />
            <line number="17" hits="0" branch="false" />
            <line number="18" hits="0" branch="false" />
            <line number="19" hits="0" branch="false" />
            <line number="21" hits="0" branch="false" />
            <line number="23" hits="0" branch="false" />
            <line number="25" hits="0" branch="false" />
            <line number="26" hits="0" branch="false" />
            <line number="27" hits="0" branch="false" />
            <line number="28" hits="0" branch="false" />
            <line number="29" hits="0" branch="false" />
            <line number="30" hits="0" branch="false" />
            <line number="32" hits="0" branch="false" />
            <line number="33" hits="0" branch="false" />
            <line number="34" hits="0" branch="false" />
          </lines>
        </class>
        <class name="TryitterSolution.WebAPI.Services.PostService" filename="C:\Users\aline\Desktop\ProjetoFinal\Tryitter\TryitterSolution\src\TryitterSolution.WebAPI\Services\PostService.cs" line-rate="1" branch-rate="1" complexity="7">
          <methods>
            <method name="GetAll" signature="(...)" line-rate="1" branch-rate="1" complexity="1">
              <lines>
                <line number="44" hits="1" branch="false" />
                <line number="45" hits="1" branch="false" />
                <line number="46" hits="1" branch="false" />
              </lines>
            </method>
            <method name=".ctor" signature="(...)" line-rate="1" branch-rate="1" complexity="1">
              <lines>
                <line number="12" hits="6" branch="false" />
                <line number="13" hits="6" branch="false" />
                <line number="14" hits="6" branch="false" />
                <line number="15" hits="6" branch="false" />
              </lines>
            </method>
            <method name="AddAsync" signature="()" line-rate="1" branch-rate="1" complexity="1">
              <lines>
                <line number="18" hits="1" branch="false" />
                <line number="19" hits="1" branch="false" />
                <line number="20" hits="1" branch="false" />
              </lines>
            </method>
            <method name="ChangePostAsync" signature="()" line-rate="1" branch-rate="1" complexity="2">
              <lines>
                <line number="23" hits="2" branch="false" />
                <line number="24" hits="2" branch="false" />
                <line number="26" hits="2" branch="true" condition-coverage="100% (2/2)" />
                <line number="27" hits="1" branch="false" />
                <line number="28" hits="1" branch="false" />
                <line number="30" hits="1" branch="false" />
                <line number="31" hits="1" branch="false" />
              </lines>
            </method>
            <method name="DeleteAsync" signature="()" line-rate="1" branch-rate="1" complexity="2">
              <lines>
                <line number="33" hits="2" branch="false" />
                <line number="34" hits="2" branch="false" />
                <line number="36" hits="2" branch="true" condition-coverage="100% (2/2)" />
                <line number="37" hits="1" branch="false" />
                <line number="38" hits="1" branch="false" />
                <line number="40" hits="1" branch="false" />
                <line number="41" hits="1" branch="false" />
              </lines>
            </method>
          </methods>
          <lines>
            <line number="12" hits="6" branch="false" />
            <line number="13" hits="6" branch="false" />
            <line number="14" hits="6" branch="false" />
            <line number="15" hits="6" branch="false" />
            <line number="18" hits="1" branch="false" />
            <line number="19" hits="1" branch="false" />
            <line number="20" hits="1" branch="false" />
            <line number="23" hits="2" branch="false" />
            <line number="24" hits="2" branch="false" />
            <line number="26" hits="2" branch="true" condition-coverage="100% (2/2)" />
            <line number="27" hits="1" branch="false" />
            <line number="28" hits="1" branch="false" />
            <line number="30" hits="1" branch="false" />
            <line number="31" hits="1" branch="false" />
            <line number="33" hits="2" branch="false" />
            <line number="34" hits="2" branch="false" />
            <line number="36" hits="2" branch="true" condition-coverage="100% (2/2)" />
            <line number="37" hits="1" branch="false" />
            <line number="38" hits="1" branch="false" />
            <line number="40" hits="1" branch="false" />
            <line number="41" hits="1" branch="false" />
            <line number="44" hits="1" branch="false" />
            <line number="45" hits="1" branch="false" />
            <line number="46" hits="1" branch="false" />
          </lines>
        </class>
        <class name="TryitterSolution.WebAPI.Services.UserService" filename="C:\Users\aline\Desktop\ProjetoFinal\Tryitter\TryitterSolution\src\TryitterSolution.WebAPI\Services\UserService.cs" line-rate="0.705882352941177" branch-rate="0.75" complexity="10">
          <methods>
            <method name="GetAll" signature="(...)" line-rate="0" branch-rate="1" complexity="1">
              <lines>
                <line number="52" hits="0" branch="false" />
                <line number="53" hits="0" branch="false" />
                <line number="54" hits="0" branch="false" />
              </lines>
            </method>
            <method name=".ctor" signature="(...)" line-rate="1" branch-rate="1" complexity="1">
              <lines>
                <line number="12" hits="6" branch="false" />
                <line number="13" hits="6" branch="false" />
                <line number="14" hits="6" branch="false" />
                <line number="15" hits="6" branch="false" />
              </lines>
            </method>
            <method name="AddAsync" signature="()" line-rate="1" branch-rate="1" complexity="2">
              <lines>
                <line number="18" hits="2" branch="false" />
                <line number="19" hits="2" branch="true" condition-coverage="100% (2/2)" />
                <line number="20" hits="1" branch="false" />
                <line number="21" hits="1" branch="false" />
                <line number="24" hits="1" branch="false" />
                <line number="25" hits="1" branch="false" />
              </lines>
            </method>
            <method name="ChangePasswordAsync" signature="()" line-rate="1" branch-rate="1" complexity="2">
              <lines>
                <line number="28" hits="2" branch="false" />
                <line number="29" hits="2" branch="false" />
                <line number="31" hits="2" branch="true" condition-coverage="100% (2/2)" />
                <line number="32" hits="1" branch="false" />
                <line number="33" hits="1" branch="false" />
                <line number="36" hits="1" branch="false" />
                <line number="37" hits="1" branch="false" />
              </lines>
            </method>
            <method name="DeleteAsync" signature="()" line-rate="1" branch-rate="1" complexity="2">
              <lines>
                <line number="40" hits="2" branch="false" />
                <line number="41" hits="2" branch="false" />
                <line number="43" hits="2" branch="true" condition-coverage="100% (2/2)" />
                <line number="44" hits="1" branch="false" />
                <line number="45" hits="1" branch="false" />
                <line number="48" hits="1" branch="false" />
                <line number="49" hits="1" branch="false" />
              </lines>
            </method>
            <method name="GetByEmailAndPasswordAsync" signature="()" line-rate="0" branch-rate="0" complexity="2">
              <lines>
                <line number="57" hits="0" branch="false" />
                <line number="58" hits="0" branch="false" />
                <line number="60" hits="0" branch="true" condition-coverage="0% (0/2)" />
                <line number="61" hits="0" branch="false" />
                <line number="62" hits="0" branch="false" />
                <line number="65" hits="0" branch="false" />
                <line number="66" hits="0" branch="false" />
              </lines>
            </method>
          </methods>
          <lines>
            <line number="12" hits="6" branch="false" />
            <line number="13" hits="6" branch="false" />
            <line number="14" hits="6" branch="false" />
            <line number="15" hits="6" branch="false" />
            <line number="18" hits="2" branch="false" />
            <line number="19" hits="2" branch="true" condition-coverage="100% (2/2)" />
            <line number="20" hits="1" branch="false" />
            <line number="21" hits="1" branch="false" />
            <line number="24" hits="1" branch="false" />
            <line number="25" hits="1" branch="false" />
            <line number="28" hits="2" branch="false" />
            <line number="29" hits="2" branch="false" />
            <line number="31" hits="2" branch="true" condition-coverage="100% (2/2)" />
            <line number="32" hits="1" branch="false" />
            <line number="33" hits="1" branch="false" />
            <line number="36" hits="1" branch="false" />
            <line number="37" hits="1" branch="false" />
            <line number="40" hits="2" branch="false" />
            <line number="41" hits="2" branch="false" />
            <line number="43" hits="2" branch="true" condition-coverage="100% (2/2)" />
            <line number="44" hits="1" branch="false" />
            <line number="45" hits="1" branch="false" />
            <line number="48" hits="1" branch="false" />
            <line number="49" hits="1" branch="false" />
            <line number="52" hits="0" branch="false" />
            <line number="53" hits="0" branch="false" />
            <line number="54" hits="0" branch="false" />
            <line number="57" hits="0" branch="false" />
            <line number="58" hits="0" branch="false" />
            <line number="60" hits="0" branch="true" condition-coverage="0% (0/2)" />
            <line number="61" hits="0" branch="false" />
            <line number="62" hits="0" branch="false" />
            <line number="65" hits="0" branch="false" />
            <line number="66" hits="0" branch="false" />
          </lines>
        </class>
        <class name="TryitterSolution.WebAPI.ViewModels.AddPostViewModel" filename="C:\Users\aline\Desktop\ProjetoFinal\Tryitter\TryitterSolution\src\TryitterSolution.WebAPI\ViewModels\AddPostViewModel.cs" line-rate="0" branch-rate="1" complexity="3">
          <methods>
            <method name="get_Text" signature="()" line-rate="0" branch-rate="1" complexity="1">
              <lines>
                <line number="12" hits="0" branch="false" />
              </lines>
            </method>
            <method name="get_Imagem" signature="()" line-rate="0" branch-rate="1" complexity="1">
              <lines>
                <line number="16" hits="0" branch="false" />
              </lines>
            </method>
            <method name="get_UserId" signature="()" line-rate="0" branch-rate="1" complexity="1">
              <lines>
                <line number="19" hits="0" branch="false" />
              </lines>
            </method>
          </methods>
          <lines>
            <line number="12" hits="0" branch="false" />
            <line number="16" hits="0" branch="false" />
            <line number="19" hits="0" branch="false" />
          </lines>
        </class>
        <class name="TryitterSolution.WebAPI.ViewModels.AddUserViewModel" filename="C:\Users\aline\Desktop\ProjetoFinal\Tryitter\TryitterSolution\src\TryitterSolution.WebAPI\ViewModels\AddUserViewModel.cs" line-rate="0" branch-rate="1" complexity="3">
          <methods>
            <method name="get_FullName" signature="()" line-rate="0" branch-rate="1" complexity="1">
              <lines>
                <line number="10" hits="0" branch="false" />
              </lines>
            </method>
            <method name="get_Email" signature="()" line-rate="0" branch-rate="1" complexity="1">
              <lines>
                <line number="14" hits="0" branch="false" />
              </lines>
            </method>
            <method name="get_Password" signature="()" line-rate="0" branch-rate="1" complexity="1">
              <lines>
                <line number="18" hits="0" branch="false" />
              </lines>
            </method>
          </methods>
          <lines>
            <line number="10" hits="0" branch="false" />
            <line number="14" hits="0" branch="false" />
            <line number="18" hits="0" branch="false" />
          </lines>
        </class>
        <class name="TryitterSolution.WebAPI.ViewModels.ChangePasswordViewModel" filename="C:\Users\aline\Desktop\ProjetoFinal\Tryitter\TryitterSolution\src\TryitterSolution.WebAPI\ViewModels\ChangePasswordViewModel.cs" line-rate="0" branch-rate="1" complexity="2">
          <methods>
            <method name="get_UserId" signature="()" line-rate="0" branch-rate="1" complexity="1">
              <lines>
                <line number="11" hits="0" branch="false" />
              </lines>
            </method>
            <method name="get_NewPassword" signature="()" line-rate="0" branch-rate="1" complexity="1">
              <lines>
                <line number="15" hits="0" branch="false" />
              </lines>
            </method>
          </methods>
          <lines>
            <line number="11" hits="0" branch="false" />
            <line number="15" hits="0" branch="false" />
          </lines>
        </class>
        <class name="TryitterSolution.WebAPI.ViewModels.ChangePostViewModel" filename="C:\Users\aline\Desktop\ProjetoFinal\Tryitter\TryitterSolution\src\TryitterSolution.WebAPI\ViewModels\ChangePostViewModel.cs" line-rate="0" branch-rate="1" complexity="4">
          <methods>
            <method name="get_PostId" signature="()" line-rate="0" branch-rate="1" complexity="1">
              <lines>
                <line number="9" hits="0" branch="false" />
              </lines>
            </method>
            <method name="get_Text" signature="()" line-rate="0" branch-rate="1" complexity="1">
              <lines>
                <line number="13" hits="0" branch="false" />
              </lines>
            </method>
            <method name="get_Imagem" signature="()" line-rate="0" branch-rate="1" complexity="1">
              <lines>
                <line number="17" hits="0" branch="false" />
              </lines>
            </method>
            <method name="get_UserId" signature="()" line-rate="0" branch-rate="1" complexity="1">
              <lines>
                <line number="20" hits="0" branch="false" />
              </lines>
            </method>
          </methods>
          <lines>
            <line number="9" hits="0" branch="false" />
            <line number="13" hits="0" branch="false" />
            <line number="17" hits="0" branch="false" />
            <line number="20" hits="0" branch="false" />
          </lines>
        </class>
        <class name="TryitterSolution.WebAPI.ViewModels.LoginViewModel" filename="C:\Users\aline\Desktop\ProjetoFinal\Tryitter\TryitterSolution\src\TryitterSolution.WebAPI\ViewModels\LoginViewModel.cs" line-rate="0" branch-rate="1" complexity="2">
          <methods>
            <method name="get_Email" signature="()" line-rate="0" branch-rate="1" complexity="1">
              <lines>
                <line number="10" hits="0" branch="false" />
              </lines>
            </method>
            <method name="get_Password" signature="()" line-rate="0" branch-rate="1" complexity="1">
              <lines>
                <line number="14" hits="0" branch="false" />
              </lines>
            </method>
          </methods>
          <lines>
            <line number="10" hits="0" branch="false" />
            <line number="14" hits="0" branch="false" />
          </lines>
        </class>
        <class name="TryitterSolution.WebAPI.ViewModels.PostViewModel" filename="C:\Users\aline\Desktop\ProjetoFinal\Tryitter\TryitterSolution\src\TryitterSolution.WebAPI\ViewModels\PostViewModel.cs" line-rate="0" branch-rate="1" complexity="4">
          <methods>
            <method name="get_PostId" signature="()" line-rate="0" branch-rate="1" complexity="1">
              <lines>
                <line number="9" hits="0" branch="false" />
              </lines>
            </method>
            <method name="get_Text" signature="()" line-rate="0" branch-rate="1" complexity="1">
              <lines>
                <line number="13" hits="0" branch="false" />
              </lines>
            </method>
            <method name="get_Imagem" signature="()" line-rate="0" branch-rate="1" complexity="1">
              <lines>
                <line number="17" hits="0" branch="false" />
              </lines>
            </method>
            <method name="get_UserId" signature="()" line-rate="0" branch-rate="1" complexity="1">
              <lines>
                <line number="20" hits="0" branch="false" />
              </lines>
            </method>
          </methods>
          <lines>
            <line number="9" hits="0" branch="false" />
            <line number="13" hits="0" branch="false" />
            <line number="17" hits="0" branch="false" />
            <line number="20" hits="0" branch="false" />
          </lines>
        </class>
        <class name="TryitterSolution.WebAPI.ViewModels.UserViewModel" filename="C:\Users\aline\Desktop\ProjetoFinal\Tryitter\TryitterSolution\src\TryitterSolution.WebAPI\ViewModels\UserViewModel.cs" line-rate="0" branch-rate="1" complexity="5">
          <methods>
            <method name="get_UserId" signature="()" line-rate="0" branch-rate="1" complexity="1">
              <lines>
                <line number="8" hits="0" branch="false" />
              </lines>
            </method>
            <method name="get_FullName" signature="()" line-rate="0" branch-rate="1" complexity="1">
              <lines>
                <line number="11" hits="0" branch="false" />
              </lines>
            </method>
            <method name="get_Email" signature="()" line-rate="0" branch-rate="1" complexity="1">
              <lines>
                <line number="14" hits="0" branch="false" />
              </lines>
            </method>
            <method name="get_Modulo" signature="()" line-rate="0" branch-rate="1" complexity="1">
              <lines>
                <line number="16" hits="0" branch="false" />
              </lines>
            </method>
            <method name="get_Status" signature="()" line-rate="0" branch-rate="1" complexity="1">
              <lines>
                <line number="19" hits="0" branch="false" />
              </lines>
            </method>
          </methods>
          <lines>
            <line number="8" hits="0" branch="false" />
            <line number="11" hits="0" branch="false" />
            <line number="14" hits="0" branch="false" />
            <line number="16" hits="0" branch="false" />
            <line number="19" hits="0" branch="false" />
          </lines>
        </class>
      </classes>
    </package>
  </packages>
</coverage>