TpTrace Verbose: 0 : 82408, 1, 2022/12/14, 22:42:24.439, 220201945735, vstest.console.dll, Version: 17.4.0-release-20221019-01 Current process architecture: X64
TpTrace Verbose: 0 : 82408, 1, 2022/12/14, 22:42:24.440, 220201963481, vstest.console.dll, Runtime location: C:\Program Files\dotnet\shared\Microsoft.NETCore.App\7.0.0
TpTrace Verbose: 0 : 82408, 1, 2022/12/14, 22:42:24.445, 220202010301, vstest.console.dll, ArtifactProcessingPostProcessModeProcessorExecutor.Initialize: ArtifactProcessingMode.Collect
TpTrace Verbose: 0 : 82408, 1, 2022/12/14, 22:42:24.445, 220202011928, vstest.console.dll, TestSessionCorrelationIdProcessorModeProcessorExecutor.Initialize: TestSessionCorrelationId '85544_1c402165-13c9-405a-9c62-68a59ab1b420'
TpTrace Information: 0 : 82408, 1, 2022/12/14, 22:42:24.457, 220202133307, vstest.console.dll, FilePatternParser: The given file C:\Users\aline\Desktop\ProjetoFinal\Tryitter\TryitterSolution\tests\TryitterSolution.UnitTests\bin\Debug\net7.0\fine-code-coverage\build-output\TryitterSolution.UnitTests.dll is a full path.
TpTrace Verbose: 0 : 82408, 1, 2022/12/14, 22:42:24.466, 220202217880, vstest.console.dll, TestPluginCache.DiscoverTestExtensions: finding test extensions in assemblies ends with: RuntimeProvider.dll TPluginInfo: Microsoft.VisualStudio.TestPlatform.Common.ExtensionFramework.Utilities.TestRuntimePluginInformation TExtension: Microsoft.VisualStudio.TestPlatform.ObjectModel.Host.ITestRuntimeProvider
TpTrace Verbose: 0 : 82408, 1, 2022/12/14, 22:42:24.466, 220202221834, vstest.console.dll, TestPluginCache.GetExtensionPaths: Filtered extension paths: 
TpTrace Verbose: 0 : 82408, 1, 2022/12/14, 22:42:24.466, 220202223000, vstest.console.dll, TestPluginCache.GetExtensionPaths: Added default extension paths: C:\Program Files\dotnet\sdk\7.0.100\Extensions\Microsoft.Diagnostics.NETCore.Client.dll
C:\Program Files\dotnet\sdk\7.0.100\Extensions\Microsoft.TestPlatform.Extensions.BlameDataCollector.dll
C:\Program Files\dotnet\sdk\7.0.100\Extensions\Microsoft.TestPlatform.Extensions.EventLogCollector.dll
C:\Program Files\dotnet\sdk\7.0.100\Extensions\Microsoft.TestPlatform.TestHostRuntimeProvider.dll
C:\Program Files\dotnet\sdk\7.0.100\Extensions\Microsoft.VisualStudio.TestPlatform.Extensions.Html.TestLogger.dll
C:\Program Files\dotnet\sdk\7.0.100\Extensions\Microsoft.VisualStudio.TestPlatform.Extensions.Trx.TestLogger.dll
TpTrace Verbose: 0 : 82408, 1, 2022/12/14, 22:42:24.466, 220202223493, vstest.console.dll, TestPluginCache.GetExtensionPaths: Added unfilterableExtensionPaths: 
TpTrace Information: 0 : 82408, 1, 2022/12/14, 22:42:24.467, 220202232309, vstest.console.dll, AssemblyResolver.ctor: Creating AssemblyResolver with searchDirectories C:\Program Files\dotnet\sdk\7.0.100\Extensions,C:\Program Files\dotnet\sdk\7.0.100
TpTrace Verbose: 0 : 82408, 1, 2022/12/14, 22:42:24.469, 220202248889, vstest.console.dll, TestPluginCache.DiscoverTestExtensions: Discovering the extensions using extension path.
TpTrace Verbose: 0 : 82408, 1, 2022/12/14, 22:42:24.469, 220202251496, vstest.console.dll, TestPluginCache.GetExtensionPaths: Filtered extension paths: 
TpTrace Verbose: 0 : 82408, 1, 2022/12/14, 22:42:24.469, 220202252671, vstest.console.dll, TestPluginCache.GetExtensionPaths: Added default extension paths: C:\Program Files\dotnet\sdk\7.0.100\Extensions\Microsoft.Diagnostics.NETCore.Client.dll
C:\Program Files\dotnet\sdk\7.0.100\Extensions\Microsoft.TestPlatform.Extensions.BlameDataCollector.dll
C:\Program Files\dotnet\sdk\7.0.100\Extensions\Microsoft.TestPlatform.Extensions.EventLogCollector.dll
C:\Program Files\dotnet\sdk\7.0.100\Extensions\Microsoft.TestPlatform.TestHostRuntimeProvider.dll
C:\Program Files\dotnet\sdk\7.0.100\Extensions\Microsoft.VisualStudio.TestPlatform.Extensions.Html.TestLogger.dll
C:\Program Files\dotnet\sdk\7.0.100\Extensions\Microsoft.VisualStudio.TestPlatform.Extensions.Trx.TestLogger.dll
TpTrace Verbose: 0 : 82408, 1, 2022/12/14, 22:42:24.469, 220202253098, vstest.console.dll, TestPluginCache.GetExtensionPaths: Added unfilterableExtensionPaths: 
TpTrace Verbose: 0 : 82408, 1, 2022/12/14, 22:42:24.470, 220202255726, vstest.console.dll, TestPluginCache.DiscoverTestExtensions: Discovering the extensions using allExtensionPaths: C:\Program Files\dotnet\sdk\7.0.100\Extensions\Microsoft.Diagnostics.NETCore.Client.dll
C:\Program Files\dotnet\sdk\7.0.100\Extensions\Microsoft.TestPlatform.Extensions.BlameDataCollector.dll
C:\Program Files\dotnet\sdk\7.0.100\Extensions\Microsoft.TestPlatform.Extensions.EventLogCollector.dll
C:\Program Files\dotnet\sdk\7.0.100\Extensions\Microsoft.TestPlatform.TestHostRuntimeProvider.dll
C:\Program Files\dotnet\sdk\7.0.100\Extensions\Microsoft.VisualStudio.TestPlatform.Extensions.Html.TestLogger.dll
C:\Program Files\dotnet\sdk\7.0.100\Extensions\Microsoft.VisualStudio.TestPlatform.Extensions.Trx.TestLogger.dll
TpTrace Information: 0 : 82408, 1, 2022/12/14, 22:42:24.470, 220202257138, vstest.console.dll, AssemblyResolver.AddSearchDirectories: Adding more searchDirectories C:\Program Files\dotnet\sdk\7.0.100\Extensions,C:\Program Files\dotnet\sdk\7.0.100
TpTrace Information: 0 : 82408, 1, 2022/12/14, 22:42:24.470, 220202257782, vstest.console.dll, AssemblyResolver.AddSearchDirectories: Adding more searchDirectories C:\Program Files\dotnet\sdk\7.0.100\Extensions,C:\Program Files\dotnet\sdk\7.0.100
TpTrace Information: 0 : 82408, 1, 2022/12/14, 22:42:24.470, 220202258163, vstest.console.dll, AssemblyResolver.AddSearchDirectories: Adding more searchDirectories C:\Program Files\dotnet\sdk\7.0.100\Extensions,C:\Program Files\dotnet\sdk\7.0.100
TpTrace Information: 0 : 82408, 1, 2022/12/14, 22:42:24.470, 220202258510, vstest.console.dll, AssemblyResolver.AddSearchDirectories: Adding more searchDirectories C:\Program Files\dotnet\sdk\7.0.100\Extensions,C:\Program Files\dotnet\sdk\7.0.100
TpTrace Information: 0 : 82408, 1, 2022/12/14, 22:42:24.470, 220202258890, vstest.console.dll, AssemblyResolver.AddSearchDirectories: Adding more searchDirectories C:\Program Files\dotnet\sdk\7.0.100\Extensions,C:\Program Files\dotnet\sdk\7.0.100
TpTrace Information: 0 : 82408, 1, 2022/12/14, 22:42:24.470, 220202259238, vstest.console.dll, AssemblyResolver.AddSearchDirectories: Adding more searchDirectories C:\Program Files\dotnet\sdk\7.0.100\Extensions,C:\Program Files\dotnet\sdk\7.0.100
TpTrace Information: 0 : 82408, 1, 2022/12/14, 22:42:24.470, 220202263460, vstest.console.dll, AssemblyResolver.OnResolve: Microsoft.Diagnostics.NETCore.Client: Resolving assembly.
TpTrace Information: 0 : 82408, 1, 2022/12/14, 22:42:24.470, 220202264212, vstest.console.dll, AssemblyResolver.OnResolve: Microsoft.Diagnostics.NETCore.Client: Searching in: 'C:\Program Files\dotnet\sdk\7.0.100\Extensions'.
TpTrace Information: 0 : 82408, 1, 2022/12/14, 22:42:24.479, 220202351426, vstest.console.dll, AssemblyResolver.OnResolve: Microsoft.Diagnostics.NETCore.Client: Loading assembly 'C:\Program Files\dotnet\sdk\7.0.100\Extensions\Microsoft.Diagnostics.NETCore.Client.dll'.
TpTrace Information: 0 : 82408, 1, 2022/12/14, 22:42:24.480, 220202360318, vstest.console.dll, AssemblyResolver.OnResolve: Resolved assembly: Microsoft.Diagnostics.NETCore.Client, from path: C:\Program Files\dotnet\sdk\7.0.100\Extensions\Microsoft.Diagnostics.NETCore.Client.dll
TpTrace Verbose: 0 : 82408, 1, 2022/12/14, 22:42:24.481, 220202372208, vstest.console.dll, MetadataReaderExtensionsHelper: Discovering extensions inside assembly 'Microsoft.Diagnostics.NETCore.Client, Version=0.2.6.42401, Culture=neutral, PublicKeyToken=31bf3856ad364e35' file path 'C:\Program Files\dotnet\sdk\7.0.100\Extensions\Microsoft.Diagnostics.NETCore.Client.dll'
TpTrace Information: 0 : 82408, 1, 2022/12/14, 22:42:24.486, 220202420158, vstest.console.dll, AssemblyResolver.OnResolve: Microsoft.Bcl.AsyncInterfaces: Resolving assembly.
TpTrace Information: 0 : 82408, 1, 2022/12/14, 22:42:24.486, 220202421149, vstest.console.dll, AssemblyResolver.OnResolve: Microsoft.Bcl.AsyncInterfaces: Searching in: 'C:\Program Files\dotnet\sdk\7.0.100\Extensions'.
TpTrace Information: 0 : 82408, 1, 2022/12/14, 22:42:24.486, 220202422339, vstest.console.dll, AssemblyResolver.OnResolve: Microsoft.Bcl.AsyncInterfaces: Assembly path does not exist: 'C:\Program Files\dotnet\sdk\7.0.100\Extensions\Microsoft.Bcl.AsyncInterfaces.dll', returning.
TpTrace Information: 0 : 82408, 1, 2022/12/14, 22:42:24.486, 220202423721, vstest.console.dll, AssemblyResolver.OnResolve: Microsoft.Bcl.AsyncInterfaces: Assembly path does not exist: 'C:\Program Files\dotnet\sdk\7.0.100\Extensions\Microsoft.Bcl.AsyncInterfaces.exe', returning.
TpTrace Information: 0 : 82408, 1, 2022/12/14, 22:42:24.486, 220202424129, vstest.console.dll, AssemblyResolver.OnResolve: Microsoft.Bcl.AsyncInterfaces: Searching in: 'C:\Program Files\dotnet\sdk\7.0.100'.
TpTrace Information: 0 : 82408, 1, 2022/12/14, 22:42:24.487, 220202424900, vstest.console.dll, AssemblyResolver.OnResolve: Microsoft.Bcl.AsyncInterfaces: Assembly path does not exist: 'C:\Program Files\dotnet\sdk\7.0.100\Microsoft.Bcl.AsyncInterfaces.dll', returning.
TpTrace Information: 0 : 82408, 1, 2022/12/14, 22:42:24.487, 220202425646, vstest.console.dll, AssemblyResolver.OnResolve: Microsoft.Bcl.AsyncInterfaces: Assembly path does not exist: 'C:\Program Files\dotnet\sdk\7.0.100\Microsoft.Bcl.AsyncInterfaces.exe', returning.
TpTrace Information: 0 : 82408, 1, 2022/12/14, 22:42:24.487, 220202426292, vstest.console.dll, AssemblyResolver.OnResolve: Microsoft.Bcl.AsyncInterfaces: Failed to load assembly.
TpTrace Verbose: 0 : 82408, 1, 2022/12/14, 22:42:24.487, 220202426833, vstest.console.dll, CurrentDomainAssemblyResolve: Resolving assembly 'Microsoft.Bcl.AsyncInterfaces'.
TpTrace Information: 0 : 82408, 1, 2022/12/14, 22:42:24.487, 220202427443, vstest.console.dll, AssemblyResolver.OnResolve: Microsoft.Bcl.AsyncInterfaces: Resolving assembly.
TpTrace Information: 0 : 82408, 1, 2022/12/14, 22:42:24.487, 220202427877, vstest.console.dll, AssemblyResolver.OnResolve: Microsoft.Bcl.AsyncInterfaces: Resolved from cache.
TpTrace Verbose: 0 : 82408, 1, 2022/12/14, 22:42:24.487, 220202428194, vstest.console.dll, CurrentDomainAssemblyResolve: Resolving assembly 'Microsoft.Bcl.AsyncInterfaces'.
TpTrace Verbose: 0 : 82408, 1, 2022/12/14, 22:42:24.487, 220202428573, vstest.console.dll, CurrentDomainAssemblyResolve: Failed to resolve assembly 'Microsoft.Bcl.AsyncInterfaces'.
TpTrace Verbose: 0 : 82408, 1, 2022/12/14, 22:42:24.489, 220202448017, vstest.console.dll, CurrentDomainAssemblyResolve: Failed to resolve assembly 'Microsoft.Bcl.AsyncInterfaces'.
TpTrace Warning: 0 : 82408, 1, 2022/12/14, 22:42:24.496, 220202523521, vstest.console.dll, TestPluginDiscoverer: Failed to get types from assembly 'Microsoft.Diagnostics.NETCore.Client, Version=0.2.6.42401, Culture=neutral, PublicKeyToken=31bf3856ad364e35'. Error: System.Reflection.ReflectionTypeLoadException: Unable to load one or more of the requested types.
Could not load file or assembly 'Microsoft.Bcl.AsyncInterfaces, Version=1.0.0.0, Culture=neutral, PublicKeyToken=cc7b13ffcd2ddd51'. O sistema não pode encontrar o arquivo especificado.
   at System.Reflection.RuntimeModule.GetTypes(RuntimeModule module)
   at System.Reflection.Assembly.GetTypes()
   at Microsoft.VisualStudio.TestPlatform.Common.ExtensionFramework.TestPluginDiscoverer.GetTestExtensionsFromAssembly[TPluginInfo,TExtension](Assembly assembly, Dictionary`2 pluginInfos, String filePath)
System.IO.FileNotFoundException: Could not load file or assembly 'Microsoft.Bcl.AsyncInterfaces, Version=1.0.0.0, Culture=neutral, PublicKeyToken=cc7b13ffcd2ddd51'. O sistema não pode encontrar o arquivo especificado.
File name: 'Microsoft.Bcl.AsyncInterfaces, Version=1.0.0.0, Culture=neutral, PublicKeyToken=cc7b13ffcd2ddd51'
 ---> System.IO.FileNotFoundException: Could not load file or assembly 'Microsoft.Bcl.AsyncInterfaces, Culture=neutral, PublicKeyToken=null'. O sistema não pode encontrar o arquivo especificado.
File name: 'Microsoft.Bcl.AsyncInterfaces, Culture=neutral, PublicKeyToken=null'
   at System.Reflection.RuntimeAssembly.InternalLoad(AssemblyName assemblyName, StackCrawlMark& stackMark, AssemblyLoadContext assemblyLoadContext, RuntimeAssembly requestingAssembly, Boolean throwOnFileNotFound)
   at System.Reflection.Assembly.Load(AssemblyName assemblyRef)
   at Microsoft.VisualStudio.TestPlatform.Common.ExtensionFramework.TestPluginCache.CurrentDomainAssemblyResolve(Object sender, AssemblyResolveEventArgs args)
   at System.Runtime.Loader.AssemblyLoadContext.GetFirstResolvedAssemblyFromResolvingEvent(AssemblyName assemblyName)
   at System.Runtime.Loader.AssemblyLoadContext.ResolveUsingEvent(AssemblyName assemblyName)
   at System.Runtime.Loader.AssemblyLoadContext.ResolveUsingResolvingEvent(IntPtr gchManagedAssemblyLoadContext, AssemblyName assemblyName)
TpTrace Warning: 0 : 82408, 1, 2022/12/14, 22:42:24.497, 220202527793, vstest.console.dll, LoaderExceptions: System.IO.FileNotFoundException: Could not load file or assembly 'Microsoft.Bcl.AsyncInterfaces, Version=1.0.0.0, Culture=neutral, PublicKeyToken=cc7b13ffcd2ddd51'. O sistema não pode encontrar o arquivo especificado.
File name: 'Microsoft.Bcl.AsyncInterfaces, Version=1.0.0.0, Culture=neutral, PublicKeyToken=cc7b13ffcd2ddd51'
 ---> System.IO.FileNotFoundException: Could not load file or assembly 'Microsoft.Bcl.AsyncInterfaces, Culture=neutral, PublicKeyToken=null'. O sistema não pode encontrar o arquivo especificado.
File name: 'Microsoft.Bcl.AsyncInterfaces, Culture=neutral, PublicKeyToken=null'
   at System.Reflection.RuntimeAssembly.InternalLoad(AssemblyName assemblyName, StackCrawlMark& stackMark, AssemblyLoadContext assemblyLoadContext, RuntimeAssembly requestingAssembly, Boolean throwOnFileNotFound)
   at System.Reflection.Assembly.Load(AssemblyName assemblyRef)
   at Microsoft.VisualStudio.TestPlatform.Common.ExtensionFramework.TestPluginCache.CurrentDomainAssemblyResolve(Object sender, AssemblyResolveEventArgs args)
   at System.Runtime.Loader.AssemblyLoadContext.GetFirstResolvedAssemblyFromResolvingEvent(AssemblyName assemblyName)
   at System.Runtime.Loader.AssemblyLoadContext.ResolveUsingEvent(AssemblyName assemblyName)
   at System.Runtime.Loader.AssemblyLoadContext.ResolveUsingResolvingEvent(IntPtr gchManagedAssemblyLoadContext, AssemblyName assemblyName)
TpTrace Information: 0 : 82408, 1, 2022/12/14, 22:42:24.497, 220202529750, vstest.console.dll, AssemblyResolver.OnResolve: Microsoft.TestPlatform.Extensions.BlameDataCollector: Resolving assembly.
TpTrace Information: 0 : 82408, 1, 2022/12/14, 22:42:24.497, 220202530235, vstest.console.dll, AssemblyResolver.OnResolve: Microsoft.TestPlatform.Extensions.BlameDataCollector: Searching in: 'C:\Program Files\dotnet\sdk\7.0.100\Extensions'.
TpTrace Information: 0 : 82408, 1, 2022/12/14, 22:42:24.498, 220202543633, vstest.console.dll, AssemblyResolver.OnResolve: Microsoft.TestPlatform.Extensions.BlameDataCollector: Loading assembly 'C:\Program Files\dotnet\sdk\7.0.100\Extensions\Microsoft.TestPlatform.Extensions.BlameDataCollector.dll'.
TpTrace Information: 0 : 82408, 1, 2022/12/14, 22:42:24.499, 220202551004, vstest.console.dll, AssemblyResolver.OnResolve: Resolved assembly: Microsoft.TestPlatform.Extensions.BlameDataCollector, from path: C:\Program Files\dotnet\sdk\7.0.100\Extensions\Microsoft.TestPlatform.Extensions.BlameDataCollector.dll
TpTrace Verbose: 0 : 82408, 1, 2022/12/14, 22:42:24.499, 220202551950, vstest.console.dll, MetadataReaderExtensionsHelper: Discovering extensions inside assembly 'Microsoft.TestPlatform.Extensions.BlameDataCollector, Version=15.0.0.0, Culture=neutral, PublicKeyToken=b03f5f7f11d50a3a' file path 'C:\Program Files\dotnet\sdk\7.0.100\Extensions\Microsoft.TestPlatform.Extensions.BlameDataCollector.dll'
TpTrace Information: 0 : 82408, 1, 2022/12/14, 22:42:24.501, 220202570367, vstest.console.dll, AssemblyResolver.OnResolve: Microsoft.TestPlatform.Extensions.EventLogCollector: Resolving assembly.
TpTrace Information: 0 : 82408, 1, 2022/12/14, 22:42:24.501, 220202571152, vstest.console.dll, AssemblyResolver.OnResolve: Microsoft.TestPlatform.Extensions.EventLogCollector: Searching in: 'C:\Program Files\dotnet\sdk\7.0.100\Extensions'.
TpTrace Information: 0 : 82408, 1, 2022/12/14, 22:42:24.502, 220202579271, vstest.console.dll, AssemblyResolver.OnResolve: Microsoft.TestPlatform.Extensions.EventLogCollector: Loading assembly 'C:\Program Files\dotnet\sdk\7.0.100\Extensions\Microsoft.TestPlatform.Extensions.EventLogCollector.dll'.
TpTrace Information: 0 : 82408, 1, 2022/12/14, 22:42:24.503, 220202588599, vstest.console.dll, AssemblyResolver.OnResolve: Resolved assembly: Microsoft.TestPlatform.Extensions.EventLogCollector, from path: C:\Program Files\dotnet\sdk\7.0.100\Extensions\Microsoft.TestPlatform.Extensions.EventLogCollector.dll
TpTrace Verbose: 0 : 82408, 1, 2022/12/14, 22:42:24.503, 220202589509, vstest.console.dll, MetadataReaderExtensionsHelper: Discovering extensions inside assembly 'Microsoft.TestPlatform.Extensions.EventLogCollector, Version=15.0.0.0, Culture=neutral, PublicKeyToken=b03f5f7f11d50a3a' file path 'C:\Program Files\dotnet\sdk\7.0.100\Extensions\Microsoft.TestPlatform.Extensions.EventLogCollector.dll'
TpTrace Information: 0 : 82408, 1, 2022/12/14, 22:42:24.506, 220202619439, vstest.console.dll, AssemblyResolver.OnResolve: Microsoft.TestPlatform.TestHostRuntimeProvider: Resolving assembly.
TpTrace Information: 0 : 82408, 1, 2022/12/14, 22:42:24.506, 220202620397, vstest.console.dll, AssemblyResolver.OnResolve: Microsoft.TestPlatform.TestHostRuntimeProvider: Searching in: 'C:\Program Files\dotnet\sdk\7.0.100\Extensions'.
TpTrace Information: 0 : 82408, 1, 2022/12/14, 22:42:24.508, 220202637571, vstest.console.dll, AssemblyResolver.OnResolve: Microsoft.TestPlatform.TestHostRuntimeProvider: Loading assembly 'C:\Program Files\dotnet\sdk\7.0.100\Extensions\Microsoft.TestPlatform.TestHostRuntimeProvider.dll'.
TpTrace Information: 0 : 82408, 1, 2022/12/14, 22:42:24.509, 220202646227, vstest.console.dll, AssemblyResolver.OnResolve: Resolved assembly: Microsoft.TestPlatform.TestHostRuntimeProvider, from path: C:\Program Files\dotnet\sdk\7.0.100\Extensions\Microsoft.TestPlatform.TestHostRuntimeProvider.dll
TpTrace Verbose: 0 : 82408, 1, 2022/12/14, 22:42:24.509, 220202647235, vstest.console.dll, MetadataReaderExtensionsHelper: Discovering extensions inside assembly 'Microsoft.TestPlatform.TestHostRuntimeProvider, Version=15.0.0.0, Culture=neutral, PublicKeyToken=b03f5f7f11d50a3a' file path 'C:\Program Files\dotnet\sdk\7.0.100\Extensions\Microsoft.TestPlatform.TestHostRuntimeProvider.dll'
TpTrace Information: 0 : 82408, 1, 2022/12/14, 22:42:24.511, 220202670462, vstest.console.dll, GetTestExtensionFromType: Register extension with identifier data 'HostProvider://DefaultTestHost' and type 'Microsoft.VisualStudio.TestPlatform.CrossPlatEngine.Hosting.DefaultTestHostManager, Microsoft.TestPlatform.TestHostRuntimeProvider, Version=15.0.0.0, Culture=neutral, PublicKeyToken=b03f5f7f11d50a3a' inside file 'C:\Program Files\dotnet\sdk\7.0.100\Extensions\Microsoft.TestPlatform.TestHostRuntimeProvider.dll'
TpTrace Information: 0 : 82408, 1, 2022/12/14, 22:42:24.511, 220202673364, vstest.console.dll, GetTestExtensionFromType: Register extension with identifier data 'HostProvider://DotnetTestHost' and type 'Microsoft.VisualStudio.TestPlatform.CrossPlatEngine.Hosting.DotnetTestHostManager, Microsoft.TestPlatform.TestHostRuntimeProvider, Version=15.0.0.0, Culture=neutral, PublicKeyToken=b03f5f7f11d50a3a' inside file 'C:\Program Files\dotnet\sdk\7.0.100\Extensions\Microsoft.TestPlatform.TestHostRuntimeProvider.dll'
TpTrace Information: 0 : 82408, 1, 2022/12/14, 22:42:24.511, 220202674287, vstest.console.dll, AssemblyResolver.OnResolve: Microsoft.VisualStudio.TestPlatform.Extensions.Html.TestLogger: Resolving assembly.
TpTrace Information: 0 : 82408, 1, 2022/12/14, 22:42:24.512, 220202674736, vstest.console.dll, AssemblyResolver.OnResolve: Microsoft.VisualStudio.TestPlatform.Extensions.Html.TestLogger: Searching in: 'C:\Program Files\dotnet\sdk\7.0.100\Extensions'.
TpTrace Information: 0 : 82408, 1, 2022/12/14, 22:42:24.512, 220202683965, vstest.console.dll, AssemblyResolver.OnResolve: Microsoft.VisualStudio.TestPlatform.Extensions.Html.TestLogger: Loading assembly 'C:\Program Files\dotnet\sdk\7.0.100\Extensions\Microsoft.VisualStudio.TestPlatform.Extensions.Html.TestLogger.dll'.
TpTrace Information: 0 : 82408, 1, 2022/12/14, 22:42:24.513, 220202690165, vstest.console.dll, AssemblyResolver.OnResolve: Resolved assembly: Microsoft.VisualStudio.TestPlatform.Extensions.Html.TestLogger, from path: C:\Program Files\dotnet\sdk\7.0.100\Extensions\Microsoft.VisualStudio.TestPlatform.Extensions.Html.TestLogger.dll
TpTrace Verbose: 0 : 82408, 1, 2022/12/14, 22:42:24.513, 220202690960, vstest.console.dll, MetadataReaderExtensionsHelper: Discovering extensions inside assembly 'Microsoft.VisualStudio.TestPlatform.Extensions.Html.TestLogger, Version=15.0.0.0, Culture=neutral, PublicKeyToken=b03f5f7f11d50a3a' file path 'C:\Program Files\dotnet\sdk\7.0.100\Extensions\Microsoft.VisualStudio.TestPlatform.Extensions.Html.TestLogger.dll'
TpTrace Information: 0 : 82408, 1, 2022/12/14, 22:42:24.514, 220202701145, vstest.console.dll, AssemblyResolver.OnResolve: Microsoft.VisualStudio.TestPlatform.Extensions.Trx.TestLogger: Resolving assembly.
TpTrace Information: 0 : 82408, 1, 2022/12/14, 22:42:24.514, 220202701770, vstest.console.dll, AssemblyResolver.OnResolve: Microsoft.VisualStudio.TestPlatform.Extensions.Trx.TestLogger: Searching in: 'C:\Program Files\dotnet\sdk\7.0.100\Extensions'.
TpTrace Information: 0 : 82408, 1, 2022/12/14, 22:42:24.516, 220202717012, vstest.console.dll, AssemblyResolver.OnResolve: Microsoft.VisualStudio.TestPlatform.Extensions.Trx.TestLogger: Loading assembly 'C:\Program Files\dotnet\sdk\7.0.100\Extensions\Microsoft.VisualStudio.TestPlatform.Extensions.Trx.TestLogger.dll'.
TpTrace Information: 0 : 82408, 1, 2022/12/14, 22:42:24.516, 220202722804, vstest.console.dll, AssemblyResolver.OnResolve: Resolved assembly: Microsoft.VisualStudio.TestPlatform.Extensions.Trx.TestLogger, from path: C:\Program Files\dotnet\sdk\7.0.100\Extensions\Microsoft.VisualStudio.TestPlatform.Extensions.Trx.TestLogger.dll
TpTrace Verbose: 0 : 82408, 1, 2022/12/14, 22:42:24.516, 220202723514, vstest.console.dll, MetadataReaderExtensionsHelper: Discovering extensions inside assembly 'Microsoft.VisualStudio.TestPlatform.Extensions.Trx.TestLogger, Version=15.0.0.0, Culture=neutral, PublicKeyToken=b03f5f7f11d50a3a' file path 'C:\Program Files\dotnet\sdk\7.0.100\Extensions\Microsoft.VisualStudio.TestPlatform.Extensions.Trx.TestLogger.dll'
TpTrace Verbose: 0 : 82408, 1, 2022/12/14, 22:42:24.518, 220202735089, vstest.console.dll, TestPluginCache: Discovered the extensions using extension path ''.
TpTrace Verbose: 0 : 82408, 1, 2022/12/14, 22:42:24.518, 220202735927, vstest.console.dll, TestPluginCache: Discoverers are ''.
TpTrace Verbose: 0 : 82408, 1, 2022/12/14, 22:42:24.518, 220202736489, vstest.console.dll, TestPluginCache: Executors are ''.
TpTrace Verbose: 0 : 82408, 1, 2022/12/14, 22:42:24.518, 220202736972, vstest.console.dll, TestPluginCache: Executors2 are ''.
TpTrace Verbose: 0 : 82408, 1, 2022/12/14, 22:42:24.518, 220202737259, vstest.console.dll, TestPluginCache: Setting providers are ''.
TpTrace Verbose: 0 : 82408, 1, 2022/12/14, 22:42:24.518, 220202737674, vstest.console.dll, TestPluginCache: Loggers are ''.
TpTrace Verbose: 0 : 82408, 1, 2022/12/14, 22:42:24.518, 220202739318, vstest.console.dll, TestPluginCache: TestHosts are 'HostProvider://DefaultTestHost,HostProvider://DotnetTestHost'.
TpTrace Verbose: 0 : 82408, 1, 2022/12/14, 22:42:24.518, 220202739952, vstest.console.dll, TestPluginCache: DataCollectors are ''.
TpTrace Information: 0 : 82408, 1, 2022/12/14, 22:42:24.530, 220202855516, vstest.console.dll, RunTestsArgumentProcessor:Execute: Test run is starting.
TpTrace Verbose: 0 : 82408, 1, 2022/12/14, 22:42:24.530, 220202856563, vstest.console.dll, RunTestsArgumentProcessor:Execute: Queuing Test run.
TpTrace Information: 0 : 82408, 1, 2022/12/14, 22:42:24.530, 220202859460, vstest.console.dll, TestRequestManager.RunTests: run tests started.
TpTrace Information: 0 : 82408, 1, 2022/12/14, 22:42:24.531, 220202874096, vstest.console.dll, AssemblyMetadataProvider.GetFrameworkName: Determined framework:'.NETCoreApp,Version=v7.0' for source: 'C:\Users\aline\Desktop\ProjetoFinal\Tryitter\TryitterSolution\tests\TryitterSolution.UnitTests\bin\Debug\net7.0\fine-code-coverage\build-output\TryitterSolution.UnitTests.dll'
TpTrace Information: 0 : 82408, 1, 2022/12/14, 22:42:24.532, 220202877902, vstest.console.dll, Determined framework for all sources: .NETCoreApp,Version=v7.0
TpTrace Verbose: 0 : 82408, 1, 2022/12/14, 22:42:24.532, 220202882017, vstest.console.dll, TestRequestManager.UpdateRunSettingsIfRequired: Default architecture: X64 IsDefaultTargetArchitecture: True, Current process architecture: X64 OperatingSystem: Windows.
TpTrace Information: 0 : 82408, 1, 2022/12/14, 22:42:24.534, 220202902494, vstest.console.dll, AssemblyMetadataProvider.GetArchitecture: Determined architecture:AnyCPU info for assembly: C:\Users\aline\Desktop\ProjetoFinal\Tryitter\TryitterSolution\tests\TryitterSolution.UnitTests\bin\Debug\net7.0\fine-code-coverage\build-output\TryitterSolution.UnitTests.dll
TpTrace Information: 0 : 82408, 1, 2022/12/14, 22:42:24.534, 220202903231, vstest.console.dll, Determined platform for source 'C:\Users\aline\Desktop\ProjetoFinal\Tryitter\TryitterSolution\tests\TryitterSolution.UnitTests\bin\Debug\net7.0\fine-code-coverage\build-output\TryitterSolution.UnitTests.dll' was AnyCPU and it will use the default plaform X64.
TpTrace Information: 0 : 82408, 1, 2022/12/14, 22:42:24.534, 220202903594, vstest.console.dll, None of the sources provided any runnable platform, using the default platform: X64
TpTrace Information: 0 : 82408, 1, 2022/12/14, 22:42:24.534, 220202904540, vstest.console.dll, Platform was updated to 'X64'.
TpTrace Information: 0 : 82408, 1, 2022/12/14, 22:42:24.541, 220202964804, vstest.console.dll, InferRunSettingsHelper.IsTestSettingsEnabled: Unable to navigate to RunSettings/MSTest. Current node: RunSettings
TpTrace Information: 0 : 82408, 1, 2022/12/14, 22:42:24.541, 220202971314, vstest.console.dll, AssemblyResolver.OnResolve: Microsoft.VisualStudio.TestPlatform.Fakes: Resolving assembly.
TpTrace Information: 0 : 82408, 1, 2022/12/14, 22:42:24.541, 220202971962, vstest.console.dll, AssemblyResolver.OnResolve: Microsoft.VisualStudio.TestPlatform.Fakes: Searching in: 'C:\Program Files\dotnet\sdk\7.0.100\Extensions'.
TpTrace Information: 0 : 82408, 1, 2022/12/14, 22:42:24.541, 220202973243, vstest.console.dll, AssemblyResolver.OnResolve: Microsoft.VisualStudio.TestPlatform.Fakes: Assembly path does not exist: 'C:\Program Files\dotnet\sdk\7.0.100\Extensions\Microsoft.VisualStudio.TestPlatform.Fakes.dll', returning.
TpTrace Information: 0 : 82408, 1, 2022/12/14, 22:42:24.541, 220202974123, vstest.console.dll, AssemblyResolver.OnResolve: Microsoft.VisualStudio.TestPlatform.Fakes: Assembly path does not exist: 'C:\Program Files\dotnet\sdk\7.0.100\Extensions\Microsoft.VisualStudio.TestPlatform.Fakes.exe', returning.
TpTrace Information: 0 : 82408, 1, 2022/12/14, 22:42:24.541, 220202974491, vstest.console.dll, AssemblyResolver.OnResolve: Microsoft.VisualStudio.TestPlatform.Fakes: Searching in: 'C:\Program Files\dotnet\sdk\7.0.100'.
TpTrace Information: 0 : 82408, 1, 2022/12/14, 22:42:24.542, 220202975255, vstest.console.dll, AssemblyResolver.OnResolve: Microsoft.VisualStudio.TestPlatform.Fakes: Assembly path does not exist: 'C:\Program Files\dotnet\sdk\7.0.100\Microsoft.VisualStudio.TestPlatform.Fakes.dll', returning.
TpTrace Information: 0 : 82408, 1, 2022/12/14, 22:42:24.542, 220202976048, vstest.console.dll, AssemblyResolver.OnResolve: Microsoft.VisualStudio.TestPlatform.Fakes: Assembly path does not exist: 'C:\Program Files\dotnet\sdk\7.0.100\Microsoft.VisualStudio.TestPlatform.Fakes.exe', returning.
TpTrace Information: 0 : 82408, 1, 2022/12/14, 22:42:24.542, 220202976513, vstest.console.dll, AssemblyResolver.OnResolve: Microsoft.VisualStudio.TestPlatform.Fakes: Failed to load assembly.
TpTrace Information: 0 : 82408, 1, 2022/12/14, 22:42:24.542, 220202978904, vstest.console.dll, Failed to load assembly Microsoft.VisualStudio.TestPlatform.Fakes, Version=17.0.0.0, Culture=neutral. Reason:System.IO.FileNotFoundException: Could not load file or assembly 'Microsoft.VisualStudio.TestPlatform.Fakes, Version=17.0.0.0, Culture=neutral, PublicKeyToken=null'. O sistema não pode encontrar o arquivo especificado.
File name: 'Microsoft.VisualStudio.TestPlatform.Fakes, Version=17.0.0.0, Culture=neutral, PublicKeyToken=null'
   at System.Reflection.RuntimeAssembly.InternalLoad(AssemblyName assemblyName, StackCrawlMark& stackMark, AssemblyLoadContext assemblyLoadContext, RuntimeAssembly requestingAssembly, Boolean throwOnFileNotFound)
   at System.Reflection.Assembly.Load(AssemblyName assemblyRef)
   at Microsoft.VisualStudio.TestPlatform.Common.Utilities.FakesUtilities.LoadTestPlatformAssembly()
TpTrace Verbose: 0 : 82408, 1, 2022/12/14, 22:42:24.545, 220203011505, vstest.console.dll, TestPluginCache.DiscoverTestExtensions: finding test extensions in assemblies ends with: TestLogger.dll TPluginInfo: Microsoft.VisualStudio.TestPlatform.Common.ExtensionFramework.Utilities.TestLoggerPluginInformation TExtension: Microsoft.VisualStudio.TestPlatform.ObjectModel.Client.ITestLogger
TpTrace Verbose: 0 : 82408, 1, 2022/12/14, 22:42:24.545, 220203012513, vstest.console.dll, TestPluginCache.GetExtensionPaths: Filtered extension paths: 
TpTrace Verbose: 0 : 82408, 1, 2022/12/14, 22:42:24.545, 220203012938, vstest.console.dll, TestPluginCache.GetExtensionPaths: Added default extension paths: C:\Program Files\dotnet\sdk\7.0.100\Extensions\Microsoft.Diagnostics.NETCore.Client.dll
C:\Program Files\dotnet\sdk\7.0.100\Extensions\Microsoft.TestPlatform.Extensions.BlameDataCollector.dll
C:\Program Files\dotnet\sdk\7.0.100\Extensions\Microsoft.TestPlatform.Extensions.EventLogCollector.dll
C:\Program Files\dotnet\sdk\7.0.100\Extensions\Microsoft.TestPlatform.TestHostRuntimeProvider.dll
C:\Program Files\dotnet\sdk\7.0.100\Extensions\Microsoft.VisualStudio.TestPlatform.Extensions.Html.TestLogger.dll
C:\Program Files\dotnet\sdk\7.0.100\Extensions\Microsoft.VisualStudio.TestPlatform.Extensions.Trx.TestLogger.dll
TpTrace Verbose: 0 : 82408, 1, 2022/12/14, 22:42:24.545, 220203013358, vstest.console.dll, TestPluginCache.GetExtensionPaths: Added unfilterableExtensionPaths: 
TpTrace Information: 0 : 82408, 1, 2022/12/14, 22:42:24.546, 220203014845, vstest.console.dll, AssemblyResolver.AddSearchDirectories: Adding more searchDirectories C:\Program Files\dotnet\sdk\7.0.100\Extensions,C:\Program Files\dotnet\sdk\7.0.100
TpTrace Verbose: 0 : 82408, 1, 2022/12/14, 22:42:24.546, 220203015374, vstest.console.dll, TestPluginCache.DiscoverTestExtensions: Discovering the extensions using extension path.
TpTrace Verbose: 0 : 82408, 1, 2022/12/14, 22:42:24.546, 220203015902, vstest.console.dll, TestPluginCache.GetExtensionPaths: Filtered extension paths: 
TpTrace Verbose: 0 : 82408, 1, 2022/12/14, 22:42:24.546, 220203016253, vstest.console.dll, TestPluginCache.GetExtensionPaths: Added default extension paths: C:\Program Files\dotnet\sdk\7.0.100\Extensions\Microsoft.Diagnostics.NETCore.Client.dll
C:\Program Files\dotnet\sdk\7.0.100\Extensions\Microsoft.TestPlatform.Extensions.BlameDataCollector.dll
C:\Program Files\dotnet\sdk\7.0.100\Extensions\Microsoft.TestPlatform.Extensions.EventLogCollector.dll
C:\Program Files\dotnet\sdk\7.0.100\Extensions\Microsoft.TestPlatform.TestHostRuntimeProvider.dll
C:\Program Files\dotnet\sdk\7.0.100\Extensions\Microsoft.VisualStudio.TestPlatform.Extensions.Html.TestLogger.dll
C:\Program Files\dotnet\sdk\7.0.100\Extensions\Microsoft.VisualStudio.TestPlatform.Extensions.Trx.TestLogger.dll
TpTrace Verbose: 0 : 82408, 1, 2022/12/14, 22:42:24.546, 220203016614, vstest.console.dll, TestPluginCache.GetExtensionPaths: Added unfilterableExtensionPaths: 
TpTrace Verbose: 0 : 82408, 1, 2022/12/14, 22:42:24.546, 220203016953, vstest.console.dll, TestPluginCache.DiscoverTestExtensions: Discovering the extensions using allExtensionPaths: C:\Program Files\dotnet\sdk\7.0.100\Extensions\Microsoft.Diagnostics.NETCore.Client.dll
C:\Program Files\dotnet\sdk\7.0.100\Extensions\Microsoft.TestPlatform.Extensions.BlameDataCollector.dll
C:\Program Files\dotnet\sdk\7.0.100\Extensions\Microsoft.TestPlatform.Extensions.EventLogCollector.dll
C:\Program Files\dotnet\sdk\7.0.100\Extensions\Microsoft.TestPlatform.TestHostRuntimeProvider.dll
C:\Program Files\dotnet\sdk\7.0.100\Extensions\Microsoft.VisualStudio.TestPlatform.Extensions.Html.TestLogger.dll
C:\Program Files\dotnet\sdk\7.0.100\Extensions\Microsoft.VisualStudio.TestPlatform.Extensions.Trx.TestLogger.dll
TpTrace Information: 0 : 82408, 1, 2022/12/14, 22:42:24.546, 220203017978, vstest.console.dll, AssemblyResolver.AddSearchDirectories: Adding more searchDirectories C:\Program Files\dotnet\sdk\7.0.100\Extensions,C:\Program Files\dotnet\sdk\7.0.100
TpTrace Information: 0 : 82408, 1, 2022/12/14, 22:42:24.546, 220203018420, vstest.console.dll, AssemblyResolver.AddSearchDirectories: Adding more searchDirectories C:\Program Files\dotnet\sdk\7.0.100\Extensions,C:\Program Files\dotnet\sdk\7.0.100
TpTrace Information: 0 : 82408, 1, 2022/12/14, 22:42:24.546, 220203018759, vstest.console.dll, AssemblyResolver.AddSearchDirectories: Adding more searchDirectories C:\Program Files\dotnet\sdk\7.0.100\Extensions,C:\Program Files\dotnet\sdk\7.0.100
TpTrace Information: 0 : 82408, 1, 2022/12/14, 22:42:24.546, 220203019078, vstest.console.dll, AssemblyResolver.AddSearchDirectories: Adding more searchDirectories C:\Program Files\dotnet\sdk\7.0.100\Extensions,C:\Program Files\dotnet\sdk\7.0.100
TpTrace Information: 0 : 82408, 1, 2022/12/14, 22:42:24.546, 220203019488, vstest.console.dll, AssemblyResolver.AddSearchDirectories: Adding more searchDirectories C:\Program Files\dotnet\sdk\7.0.100\Extensions,C:\Program Files\dotnet\sdk\7.0.100
TpTrace Information: 0 : 82408, 1, 2022/12/14, 22:42:24.546, 220203019818, vstest.console.dll, AssemblyResolver.AddSearchDirectories: Adding more searchDirectories C:\Program Files\dotnet\sdk\7.0.100\Extensions,C:\Program Files\dotnet\sdk\7.0.100
TpTrace Verbose: 0 : 82408, 1, 2022/12/14, 22:42:24.546, 220203020893, vstest.console.dll, MetadataReaderExtensionsHelper: Discovering extensions inside assembly 'Microsoft.Diagnostics.NETCore.Client, Version=0.2.6.42401, Culture=neutral, PublicKeyToken=31bf3856ad364e35' file path 'C:\Program Files\dotnet\sdk\7.0.100\Extensions\Microsoft.Diagnostics.NETCore.Client.dll'
TpTrace Information: 0 : 82408, 1, 2022/12/14, 22:42:24.547, 220203029605, vstest.console.dll, AssemblyResolver.OnResolve: Microsoft.Bcl.AsyncInterfaces: Resolving assembly.
TpTrace Information: 0 : 82408, 1, 2022/12/14, 22:42:24.547, 220203030268, vstest.console.dll, AssemblyResolver.OnResolve: Microsoft.Bcl.AsyncInterfaces: Resolved from cache.
TpTrace Verbose: 0 : 82408, 1, 2022/12/14, 22:42:24.547, 220203030616, vstest.console.dll, CurrentDomainAssemblyResolve: Resolving assembly 'Microsoft.Bcl.AsyncInterfaces'.
TpTrace Information: 0 : 82408, 1, 2022/12/14, 22:42:24.547, 220203031084, vstest.console.dll, AssemblyResolver.OnResolve: Microsoft.Bcl.AsyncInterfaces: Resolving assembly.
TpTrace Information: 0 : 82408, 1, 2022/12/14, 22:42:24.547, 220203031509, vstest.console.dll, AssemblyResolver.OnResolve: Microsoft.Bcl.AsyncInterfaces: Resolved from cache.
TpTrace Verbose: 0 : 82408, 1, 2022/12/14, 22:42:24.547, 220203031819, vstest.console.dll, CurrentDomainAssemblyResolve: Resolving assembly 'Microsoft.Bcl.AsyncInterfaces'.
TpTrace Verbose: 0 : 82408, 1, 2022/12/14, 22:42:24.547, 220203032122, vstest.console.dll, CurrentDomainAssemblyResolve: Failed to resolve assembly 'Microsoft.Bcl.AsyncInterfaces'.
TpTrace Verbose: 0 : 82408, 1, 2022/12/14, 22:42:24.547, 220203033423, vstest.console.dll, CurrentDomainAssemblyResolve: Failed to resolve assembly 'Microsoft.Bcl.AsyncInterfaces'.
TpTrace Warning: 0 : 82408, 1, 2022/12/14, 22:42:24.548, 220203036300, vstest.console.dll, TestPluginDiscoverer: Failed to get types from assembly 'Microsoft.Diagnostics.NETCore.Client, Version=0.2.6.42401, Culture=neutral, PublicKeyToken=31bf3856ad364e35'. Error: System.Reflection.ReflectionTypeLoadException: Unable to load one or more of the requested types.
Could not load file or assembly 'Microsoft.Bcl.AsyncInterfaces, Version=1.0.0.0, Culture=neutral, PublicKeyToken=cc7b13ffcd2ddd51'. O sistema não pode encontrar o arquivo especificado.
   at System.Reflection.RuntimeModule.GetTypes(RuntimeModule module)
   at System.Reflection.Assembly.GetTypes()
   at Microsoft.VisualStudio.TestPlatform.Common.ExtensionFramework.TestPluginDiscoverer.GetTestExtensionsFromAssembly[TPluginInfo,TExtension](Assembly assembly, Dictionary`2 pluginInfos, String filePath)
System.IO.FileNotFoundException: Could not load file or assembly 'Microsoft.Bcl.AsyncInterfaces, Version=1.0.0.0, Culture=neutral, PublicKeyToken=cc7b13ffcd2ddd51'. O sistema não pode encontrar o arquivo especificado.
File name: 'Microsoft.Bcl.AsyncInterfaces, Version=1.0.0.0, Culture=neutral, PublicKeyToken=cc7b13ffcd2ddd51'
 ---> System.IO.FileNotFoundException: Could not load file or assembly 'Microsoft.Bcl.AsyncInterfaces, Culture=neutral, PublicKeyToken=null'. O sistema não pode encontrar o arquivo especificado.
File name: 'Microsoft.Bcl.AsyncInterfaces, Culture=neutral, PublicKeyToken=null'
   at System.Reflection.RuntimeAssembly.InternalLoad(AssemblyName assemblyName, StackCrawlMark& stackMark, AssemblyLoadContext assemblyLoadContext, RuntimeAssembly requestingAssembly, Boolean throwOnFileNotFound)
   at System.Reflection.Assembly.Load(AssemblyName assemblyRef)
   at Microsoft.VisualStudio.TestPlatform.Common.ExtensionFramework.TestPluginCache.CurrentDomainAssemblyResolve(Object sender, AssemblyResolveEventArgs args)
   at System.Runtime.Loader.AssemblyLoadContext.GetFirstResolvedAssemblyFromResolvingEvent(AssemblyName assemblyName)
   at System.Runtime.Loader.AssemblyLoadContext.ResolveUsingEvent(AssemblyName assemblyName)
   at System.Runtime.Loader.AssemblyLoadContext.ResolveUsingResolvingEvent(IntPtr gchManagedAssemblyLoadContext, AssemblyName assemblyName)
TpTrace Warning: 0 : 82408, 1, 2022/12/14, 22:42:24.548, 220203037819, vstest.console.dll, LoaderExceptions: System.IO.FileNotFoundException: Could not load file or assembly 'Microsoft.Bcl.AsyncInterfaces, Version=1.0.0.0, Culture=neutral, PublicKeyToken=cc7b13ffcd2ddd51'. O sistema não pode encontrar o arquivo especificado.
File name: 'Microsoft.Bcl.AsyncInterfaces, Version=1.0.0.0, Culture=neutral, PublicKeyToken=cc7b13ffcd2ddd51'
 ---> System.IO.FileNotFoundException: Could not load file or assembly 'Microsoft.Bcl.AsyncInterfaces, Culture=neutral, PublicKeyToken=null'. O sistema não pode encontrar o arquivo especificado.
File name: 'Microsoft.Bcl.AsyncInterfaces, Culture=neutral, PublicKeyToken=null'
   at System.Reflection.RuntimeAssembly.InternalLoad(AssemblyName assemblyName, StackCrawlMark& stackMark, AssemblyLoadContext assemblyLoadContext, RuntimeAssembly requestingAssembly, Boolean throwOnFileNotFound)
   at System.Reflection.Assembly.Load(AssemblyName assemblyRef)
   at Microsoft.VisualStudio.TestPlatform.Common.ExtensionFramework.TestPluginCache.CurrentDomainAssemblyResolve(Object sender, AssemblyResolveEventArgs args)
   at System.Runtime.Loader.AssemblyLoadContext.GetFirstResolvedAssemblyFromResolvingEvent(AssemblyName assemblyName)
   at System.Runtime.Loader.AssemblyLoadContext.ResolveUsingEvent(AssemblyName assemblyName)
   at System.Runtime.Loader.AssemblyLoadContext.ResolveUsingResolvingEvent(IntPtr gchManagedAssemblyLoadContext, AssemblyName assemblyName)
TpTrace Verbose: 0 : 82408, 1, 2022/12/14, 22:42:24.548, 220203038623, vstest.console.dll, MetadataReaderExtensionsHelper: Discovering extensions inside assembly 'Microsoft.TestPlatform.Extensions.BlameDataCollector, Version=15.0.0.0, Culture=neutral, PublicKeyToken=b03f5f7f11d50a3a' file path 'C:\Program Files\dotnet\sdk\7.0.100\Extensions\Microsoft.TestPlatform.Extensions.BlameDataCollector.dll'
TpTrace Information: 0 : 82408, 1, 2022/12/14, 22:42:24.548, 220203043916, vstest.console.dll, GetTestExtensionFromType: Register extension with identifier data 'logger://Microsoft/TestPlatform/Extensions/Blame/v1' and type 'Microsoft.TestPlatform.Extensions.BlameDataCollector.BlameLogger, Microsoft.TestPlatform.Extensions.BlameDataCollector, Version=15.0.0.0, Culture=neutral, PublicKeyToken=b03f5f7f11d50a3a' inside file 'C:\Program Files\dotnet\sdk\7.0.100\Extensions\Microsoft.TestPlatform.Extensions.BlameDataCollector.dll'
TpTrace Verbose: 0 : 82408, 1, 2022/12/14, 22:42:24.548, 220203044595, vstest.console.dll, MetadataReaderExtensionsHelper: Discovering extensions inside assembly 'Microsoft.TestPlatform.Extensions.EventLogCollector, Version=15.0.0.0, Culture=neutral, PublicKeyToken=b03f5f7f11d50a3a' file path 'C:\Program Files\dotnet\sdk\7.0.100\Extensions\Microsoft.TestPlatform.Extensions.EventLogCollector.dll'
TpTrace Verbose: 0 : 82408, 1, 2022/12/14, 22:42:24.549, 220203048054, vstest.console.dll, MetadataReaderExtensionsHelper: Discovering extensions inside assembly 'Microsoft.TestPlatform.TestHostRuntimeProvider, Version=15.0.0.0, Culture=neutral, PublicKeyToken=b03f5f7f11d50a3a' file path 'C:\Program Files\dotnet\sdk\7.0.100\Extensions\Microsoft.TestPlatform.TestHostRuntimeProvider.dll'
TpTrace Verbose: 0 : 82408, 1, 2022/12/14, 22:42:24.549, 220203051624, vstest.console.dll, MetadataReaderExtensionsHelper: Discovering extensions inside assembly 'Microsoft.VisualStudio.TestPlatform.Extensions.Html.TestLogger, Version=15.0.0.0, Culture=neutral, PublicKeyToken=b03f5f7f11d50a3a' file path 'C:\Program Files\dotnet\sdk\7.0.100\Extensions\Microsoft.VisualStudio.TestPlatform.Extensions.Html.TestLogger.dll'
TpTrace Information: 0 : 82408, 1, 2022/12/14, 22:42:24.550, 220203056803, vstest.console.dll, GetTestExtensionFromType: Register extension with identifier data 'logger://Microsoft/TestPlatform/HtmlLogger/v1' and type 'Microsoft.VisualStudio.TestPlatform.Extensions.HtmlLogger.HtmlLogger, Microsoft.VisualStudio.TestPlatform.Extensions.Html.TestLogger, Version=15.0.0.0, Culture=neutral, PublicKeyToken=b03f5f7f11d50a3a' inside file 'C:\Program Files\dotnet\sdk\7.0.100\Extensions\Microsoft.VisualStudio.TestPlatform.Extensions.Html.TestLogger.dll'
TpTrace Verbose: 0 : 82408, 1, 2022/12/14, 22:42:24.550, 220203057548, vstest.console.dll, MetadataReaderExtensionsHelper: Discovering extensions inside assembly 'Microsoft.VisualStudio.TestPlatform.Extensions.Trx.TestLogger, Version=15.0.0.0, Culture=neutral, PublicKeyToken=b03f5f7f11d50a3a' file path 'C:\Program Files\dotnet\sdk\7.0.100\Extensions\Microsoft.VisualStudio.TestPlatform.Extensions.Trx.TestLogger.dll'
TpTrace Information: 0 : 82408, 1, 2022/12/14, 22:42:24.550, 220203061625, vstest.console.dll, GetTestExtensionFromType: Register extension with identifier data 'logger://Microsoft/TestPlatform/TrxLogger/v1' and type 'Microsoft.VisualStudio.TestPlatform.Extensions.TrxLogger.TrxLogger, Microsoft.VisualStudio.TestPlatform.Extensions.Trx.TestLogger, Version=15.0.0.0, Culture=neutral, PublicKeyToken=b03f5f7f11d50a3a' inside file 'C:\Program Files\dotnet\sdk\7.0.100\Extensions\Microsoft.VisualStudio.TestPlatform.Extensions.Trx.TestLogger.dll'
TpTrace Verbose: 0 : 82408, 1, 2022/12/14, 22:42:24.550, 220203062546, vstest.console.dll, TestPluginCache: Discovered the extensions using extension path ''.
TpTrace Verbose: 0 : 82408, 1, 2022/12/14, 22:42:24.550, 220203062932, vstest.console.dll, TestPluginCache: Discoverers are ''.
TpTrace Verbose: 0 : 82408, 1, 2022/12/14, 22:42:24.550, 220203063221, vstest.console.dll, TestPluginCache: Executors are ''.
TpTrace Verbose: 0 : 82408, 1, 2022/12/14, 22:42:24.550, 220203063501, vstest.console.dll, TestPluginCache: Executors2 are ''.
TpTrace Verbose: 0 : 82408, 1, 2022/12/14, 22:42:24.550, 220203063773, vstest.console.dll, TestPluginCache: Setting providers are ''.
TpTrace Verbose: 0 : 82408, 1, 2022/12/14, 22:42:24.550, 220203064446, vstest.console.dll, TestPluginCache: Loggers are 'logger://Microsoft/TestPlatform/Extensions/Blame/v1,logger://Microsoft/TestPlatform/HtmlLogger/v1,logger://Microsoft/TestPlatform/TrxLogger/v1'.
TpTrace Verbose: 0 : 82408, 1, 2022/12/14, 22:42:24.551, 220203064933, vstest.console.dll, TestPluginCache: TestHosts are 'HostProvider://DefaultTestHost,HostProvider://DotnetTestHost'.
TpTrace Verbose: 0 : 82408, 1, 2022/12/14, 22:42:24.551, 220203065287, vstest.console.dll, TestPluginCache: DataCollectors are ''.
TpTrace Information: 0 : 82408, 1, 2022/12/14, 22:42:24.551, 220203073313, vstest.console.dll, TestPluginManager.CreateTestExtension: Attempting to load test extension: Microsoft.TestPlatform.Extensions.BlameDataCollector.BlameLogger
TpTrace Verbose: 0 : 82408, 1, 2022/12/14, 22:42:24.559, 220203148364, vstest.console.dll, TestEngine: Initializing Parallel Execution as MaxCpuCount is set to: 1
TpTrace Information: 0 : 82408, 1, 2022/12/14, 22:42:24.560, 220203164586, vstest.console.dll, TestPluginManager.CreateTestExtension: Attempting to load test extension: Microsoft.VisualStudio.TestPlatform.CrossPlatEngine.Hosting.DefaultTestHostManager
TpTrace Information: 0 : 82408, 1, 2022/12/14, 22:42:24.562, 220203174861, vstest.console.dll, TestPluginManager.CreateTestExtension: Attempting to load test extension: Microsoft.VisualStudio.TestPlatform.CrossPlatEngine.Hosting.DotnetTestHostManager
TpTrace Information: 0 : 82408, 1, 2022/12/14, 22:42:24.562, 220203181706, vstest.console.dll, InferRunSettingsHelper.IsTestSettingsEnabled: Unable to navigate to RunSettings/MSTest. Current node: RunSettings
TpTrace Verbose: 0 : 82408, 1, 2022/12/14, 22:42:24.567, 220203225904, vstest.console.dll, TestEngine.GetExecutionManager: Chosen execution manager 'Microsoft.VisualStudio.TestPlatform.CrossPlatEngine.Client.Parallel.ParallelProxyExecutionManager, Microsoft.TestPlatform.CrossPlatEngine, Version=15.0.0.0, Culture=neutral, PublicKeyToken=b03f5f7f11d50a3a' ParallelLevel '1'.
TpTrace Verbose: 0 : 82408, 1, 2022/12/14, 22:42:24.567, 220203228363, vstest.console.dll, TestRunRequest.ExecuteAsync: Creating test run request.
TpTrace Verbose: 0 : 82408, 1, 2022/12/14, 22:42:24.567, 220203230666, vstest.console.dll, TestRunRequest.ExecuteAsync: Starting.
TpTrace Information: 0 : 82408, 1, 2022/12/14, 22:42:24.567, 220203233227, vstest.console.dll, TestRunRequest.ExecuteAsync: Starting run with settings:TestRunCriteria:
   KeepAlive=False,FrequencyOfRunStatsChangeEvent=10,RunStatsChangeEventTimeout=00:00:01.5000000,TestCaseFilter=,TestExecutorLauncher=
   Settingsxml=<RunSettings>
  <RunConfiguration>
    <ResultsDirectory>C:\Users\aline\Desktop\ProjetoFinal\Tryitter\TryitterSolution\tests\TryitterSolution.UnitTests\bin\Debug\net7.0\fine-code-coverage\coverage-tool-output</ResultsDirectory>
    <TargetPlatform>X64</TargetPlatform>
    <TargetFrameworkVersion>.NETCoreApp,Version=v7.0</TargetFrameworkVersion>
    <DesignMode>False</DesignMode>
    <CollectSourceInformation>False</CollectSourceInformation>
  </RunConfiguration>
  <LoggerRunSettings>
    <Loggers>
      <Logger friendlyName="blame" enabled="True" />
      <Logger friendlyName="Console" uri="logger://microsoft/TestPlatform/ConsoleLogger/v1" assemblyQualifiedName="Microsoft.VisualStudio.TestPlatform.CommandLine.Internal.ConsoleLogger, vstest.console, Version=15.0.0.0, Culture=neutral, PublicKeyToken=b03f5f7f11d50a3a" codeBase="C:\Program Files\dotnet\sdk\7.0.100\vstest.console.dll" enabled="True" />
    </Loggers>
  </LoggerRunSettings>
  <DataCollectionRunSettings>
    <DataCollectors>
      <DataCollector friendlyName="blame" enabled="True">
        <Configuration>
          <ResultsDirectory>C:\Users\aline\Desktop\ProjetoFinal\Tryitter\TryitterSolution\tests\TryitterSolution.UnitTests\bin\Debug\net7.0\fine-code-coverage\coverage-tool-output</ResultsDirectory>
        </Configuration>
      </DataCollector>
    </DataCollectors>
  </DataCollectionRunSettings>
</RunSettings>

TpTrace Verbose: 0 : 82408, 1, 2022/12/14, 22:42:24.567, 220203233821, vstest.console.dll, TestRunRequest.ExecuteAsync: Wait for the first run request is over.
TpTrace Verbose: 0 : 82408, 1, 2022/12/14, 22:42:24.568, 220203236634, vstest.console.dll, MulticastDelegateUtilities.SafeInvoke: TestRun.TestRunStart: Invoking callbacks was skipped because there are no subscribers.
TpTrace Verbose: 0 : 82408, 4, 2022/12/14, 22:42:24.568, 220203238788, vstest.console.dll, MulticastDelegateUtilities.SafeInvoke: InternalTestLoggerEvents.SendTestRunStart: Invoking callback 1/1 for Microsoft.VisualStudio.TestPlatform.CommandLine.Internal.ConsoleLogger., took 0 ms.
TpTrace Verbose: 0 : 82408, 1, 2022/12/14, 22:42:24.569, 220203251227, vstest.console.dll, ParallelProxyExecutionManager: Start execution. Total sources: 1
TpTrace Verbose: 0 : 82408, 1, 2022/12/14, 22:42:24.571, 220203267429, vstest.console.dll, TestRequestSender is acting as server.
TpTrace Verbose: 0 : 82408, 1, 2022/12/14, 22:42:24.572, 220203281020, vstest.console.dll, DataCollectionRequestSender.InitializeCommunication : Initialize communication. 
TpTrace Information: 0 : 82408, 1, 2022/12/14, 22:42:24.577, 220203334359, vstest.console.dll, Listening on Endpoint : 127.0.0.1:27448
TpTrace Verbose: 0 : 82408, 1, 2022/12/14, 22:42:24.585, 220203410971, vstest.console.dll, DotnetDataCollectionLauncher: Adding  --runtimeconfig "C:\Program Files\dotnet\sdk\7.0.100\datacollector.runtimeconfig.json" in args
TpTrace Verbose: 0 : 82408, 1, 2022/12/14, 22:42:24.585, 220203412836, vstest.console.dll, DotnetDataCollectionLauncher: Adding  --depsfile "C:\Program Files\dotnet\sdk\7.0.100\datacollector.deps.json" in args
TpTrace Verbose: 0 : 82408, 1, 2022/12/14, 22:42:24.586, 220203415605, vstest.console.dll, DotnetDataCollectionLauncher: Full path of dotnet.exe is C:\Program Files\dotnet\dotnet.exe
TpTrace Information: 0 : 82408, 1, 2022/12/14, 22:42:24.598, 220203537113, vstest.console.dll, ProxyDataCollectionManager.Initialize: Launched datacollector processId: 79648 port: 27448
TpTrace Information: 0 : 82408, 1, 2022/12/14, 22:42:24.598, 220203539935, vstest.console.dll, ProxyDataCollectionManager.Initialize: waiting for connection with timeout: 90 seconds
TpTrace Verbose: 0 : 82408, 1, 2022/12/14, 22:42:24.598, 220203541217, vstest.console.dll, DataCollectionRequestSender.WaitForRequestHandlerConnection : Waiting for connection with timeout: 90000
TpTrace Information: 0 : 82408, 7, 2022/12/14, 22:42:24.828, 220205842920, vstest.console.dll, Using the buffer size of 16384 bytes
TpTrace Verbose: 0 : 82408, 1, 2022/12/14, 22:42:24.828, 220205843183, vstest.console.dll, SocketCommunicationManager.WaitForClientConnection took: 230 ms, with 90000 ms timeout, and finished with True.
TpTrace Information: 0 : 82408, 7, 2022/12/14, 22:42:24.828, 220205844394, vstest.console.dll, Accepted Client request and set the flag
TpTrace Verbose: 0 : 82408, 1, 2022/12/14, 22:42:24.829, 220205846220, vstest.console.dll, ProxyDataCollectionManager.InvokeDataCollectionServiceAction: Starting.
TpTrace Information: 0 : 82408, 1, 2022/12/14, 22:42:24.829, 220205847544, vstest.console.dll, ProxyDataCollectionManager.BeforeTestRunStart: Get environment variable and port for datacollector processId: 79648 port: 27448
TpTrace Verbose: 0 : 82408, 1, 2022/12/14, 22:42:24.829, 220205849064, vstest.console.dll, DataCollectionRequestSender.SendBeforeTestRunStartAndGetResult: Send BeforeTestRunStart message with settingsXml <RunSettings><RunConfiguration><ResultsDirectory>C:\Users\aline\Desktop\ProjetoFinal\Tryitter\TryitterSolution\tests\TryitterSolution.UnitTests\bin\Debug\net7.0\fine-code-coverage\coverage-tool-output</ResultsDirectory><TargetPlatform>X64</TargetPlatform><TargetFrameworkVersion>.NETCoreApp,Version=v7.0</TargetFrameworkVersion><DesignMode>False</DesignMode><CollectSourceInformation>False</CollectSourceInformation><TestAdaptersPaths>C:\Program Files\dotnet\sdk\7.0.100\Extensions</TestAdaptersPaths></RunConfiguration><LoggerRunSettings><Loggers><Logger friendlyName="blame" enabled="True" /><Logger friendlyName="Console" uri="logger://microsoft/TestPlatform/ConsoleLogger/v1" assemblyQualifiedName="Microsoft.VisualStudio.TestPlatform.CommandLine.Internal.ConsoleLogger, vstest.console, Version=15.0.0.0, Culture=neutral, PublicKeyToken=b03f5f7f11d50a3a" codeBase="C:\Program Files\dotnet\sdk\7.0.100\vstest.console.dll" enabled="True" /></Loggers></LoggerRunSettings><DataCollectionRunSettings><DataCollectors><DataCollector friendlyName="blame" enabled="True"><Configuration><ResultsDirectory>C:\Users\aline\Desktop\ProjetoFinal\Tryitter\TryitterSolution\tests\TryitterSolution.UnitTests\bin\Debug\net7.0\fine-code-coverage\coverage-tool-output</ResultsDirectory></Configuration></DataCollector></DataCollectors></DataCollectionRunSettings></RunSettings> and sources System.Collections.Generic.List`1[System.String]: 
TpTrace Verbose: 0 : 82408, 1, 2022/12/14, 22:42:24.933, 220206886698, vstest.console.dll, DataCollectionRequestSender.SendBeforeTestRunStartAndGetResult: Received message: (DataCollection.SendMessage) -> {"MessageType":"DataCollection.SendMessage","Payload":{"FriendlyName":null,"Uri":null,"TestCaseId":"00000000-0000-0000-0000-000000000000","Message":"Logging DataCollector Diagnostics in file: C:\\Users\\aline\\Desktop\\ProjetoFinal\\Tryitter\\TryitterSolution\\tests\\TryitterSolution.UnitTests\\bin\\Debug\\net7.0\\fine-code-coverage\\coverage-tool-output\\diagnostics.datacollector.22-12-14_22-42-24_58527_1.log","Level":0}}
TpTrace Verbose: 0 : 82408, 1, 2022/12/14, 22:42:25.053, 220208087423, vstest.console.dll, DataCollectionRequestSender.SendBeforeTestRunStartAndGetResult: Received message: (DataCollection.BeforeTestRunStartResult) -> {"MessageType":"DataCollection.BeforeTestRunStartResult","Payload":{"EnvironmentVariables":{},"DataCollectionEventsPort":27450}}
TpTrace Information: 0 : 82408, 1, 2022/12/14, 22:42:25.058, 220208139987, vstest.console.dll, ProxyDataCollectionManager.BeforeTestRunStart: SendBeforeTestRunStartAndGetResult successful, env variable from datacollector:   and testhost port: 27450
TpTrace Information: 0 : 82408, 1, 2022/12/14, 22:42:25.058, 220208141231, vstest.console.dll, ProxyDataCollectionManager.InvokeDataCollectionServiceAction: Completed.
TpTrace Verbose: 0 : 82408, 7, 2022/12/14, 22:42:25.058, 220208142605, vstest.console.dll, ParallelProxyExecutionManager: Execution started. Started clients: 1
TpTrace Verbose: 0 : 82408, 1, 2022/12/14, 22:42:25.058, 220208143343, vstest.console.dll, ProxyParallelExecutionManager: No sources available for execution.
TpTrace Information: 0 : 82408, 1, 2022/12/14, 22:42:25.058, 220208144388, vstest.console.dll, TestRunRequest.ExecuteAsync: Started.
TpTrace Verbose: 0 : 82408, 1, 2022/12/14, 22:42:25.059, 220208145651, vstest.console.dll, TestRunRequest.WaitForCompletion: Waiting with timeout -1.
TpTrace Verbose: 0 : 82408, 7, 2022/12/14, 22:42:25.059, 220208146677, vstest.console.dll, TestRunRequest:SendTestRunMessage: Starting.
TpTrace Verbose: 0 : 82408, 4, 2022/12/14, 22:42:25.059, 220208149017, vstest.console.dll, MulticastDelegateUtilities.SafeInvoke: InternalTestLoggerEvents.SendTestRunMessage: Invoking callback 1/1 for Microsoft.VisualStudio.TestPlatform.CommandLine.Internal.ConsoleLogger., took 0 ms.
TpTrace Verbose: 0 : 82408, 7, 2022/12/14, 22:42:25.059, 220208150839, vstest.console.dll, MulticastDelegateUtilities.SafeInvoke: TestRun.LogMessages: Invoking callback 1/1 for Microsoft.VisualStudio.TestPlatform.CommandLine.TestRunResultAggregator., took 0 ms.
TpTrace Information: 0 : 82408, 7, 2022/12/14, 22:42:25.059, 220208151628, vstest.console.dll, TestRunRequest:SendTestRunMessage: Completed.
TpTrace Verbose: 0 : 82408, 7, 2022/12/14, 22:42:25.059, 220208154379, vstest.console.dll, ProxyExecutionManager: Test host is always Lazy initialize.
TpTrace Verbose: 0 : 82408, 7, 2022/12/14, 22:42:25.060, 220208158655, vstest.console.dll, TestRequestSender.InitializeCommunication: initialize communication. 
TpTrace Information: 0 : 82408, 7, 2022/12/14, 22:42:25.061, 220208165264, vstest.console.dll, SocketServer.Start: Listening on endpoint : 127.0.0.1:27451
TpTrace Verbose: 0 : 82408, 7, 2022/12/14, 22:42:25.062, 220208183165, vstest.console.dll, DotnetTestHostmanager.GetTestHostProcessStartInfo: Platform environment 'X64' target architecture 'X64' framework '.NETCoreApp,Version=v7.0' OS 'Windows'
TpTrace Verbose: 0 : 82408, 7, 2022/12/14, 22:42:25.063, 220208187412, vstest.console.dll, DotnetTestHostmanager: Adding  --runtimeconfig "C:\Users\aline\Desktop\ProjetoFinal\Tryitter\TryitterSolution\tests\TryitterSolution.UnitTests\bin\Debug\net7.0\fine-code-coverage\build-output\TryitterSolution.UnitTests.runtimeconfig.json" in args
TpTrace Verbose: 0 : 82408, 7, 2022/12/14, 22:42:25.063, 220208189536, vstest.console.dll, DotnetTestHostmanager: Adding  --depsfile "C:\Users\aline\Desktop\ProjetoFinal\Tryitter\TryitterSolution\tests\TryitterSolution.UnitTests\bin\Debug\net7.0\fine-code-coverage\build-output\TryitterSolution.UnitTests.deps.json" in args
TpTrace Verbose: 0 : 82408, 7, 2022/12/14, 22:42:25.063, 220208193768, vstest.console.dll, DotnetTestHostmanager.IsWinOnArm: Current PROCESSOR_ARCHITECTURE from environment variable 'AMD64'
TpTrace Verbose: 0 : 82408, 7, 2022/12/14, 22:42:25.064, 220208195002, vstest.console.dll, DotnetTestHostmanager.IsWinOnArm: Is Windows on ARM 'False'
TpTrace Verbose: 0 : 82408, 7, 2022/12/14, 22:42:25.064, 220208196844, vstest.console.dll, DotnetTestHostManager: testhost.exe found at path: C:\Users\aline\Desktop\ProjetoFinal\Tryitter\TryitterSolution\tests\TryitterSolution.UnitTests\bin\Debug\net7.0\fine-code-coverage\build-output\testhost.exe
TpTrace Verbose: 0 : 82408, 7, 2022/12/14, 22:42:25.064, 220208197688, vstest.console.dll, DotnetTestHostmanager: Full path of host exe is C:\Users\aline\Desktop\ProjetoFinal\Tryitter\TryitterSolution\tests\TryitterSolution.UnitTests\bin\Debug\net7.0\fine-code-coverage\build-output\testhost.exe
TpTrace Verbose: 0 : 82408, 7, 2022/12/14, 22:42:25.064, 220208200393, vstest.console.dll, DotnetTestHostmanager.LaunchTestHostAsync: Found 'VSTEST_WINAPPHOST_DOTNET_ROOT' in env variables, value 'C:\Program Files\dotnet', forwarding to 'DOTNET_ROOT'
TpTrace Verbose: 0 : 82408, 7, 2022/12/14, 22:42:25.064, 220208203266, vstest.console.dll, DotnetTestHostManager: Starting process 'C:\Users\aline\Desktop\ProjetoFinal\Tryitter\TryitterSolution\tests\TryitterSolution.UnitTests\bin\Debug\net7.0\fine-code-coverage\build-output\testhost.exe' with command line ' --runtimeconfig "C:\Users\aline\Desktop\ProjetoFinal\Tryitter\TryitterSolution\tests\TryitterSolution.UnitTests\bin\Debug\net7.0\fine-code-coverage\build-output\TryitterSolution.UnitTests.runtimeconfig.json" --depsfile "C:\Users\aline\Desktop\ProjetoFinal\Tryitter\TryitterSolution\tests\TryitterSolution.UnitTests\bin\Debug\net7.0\fine-code-coverage\build-output\TryitterSolution.UnitTests.deps.json" --port 27451 --endpoint 127.0.0.1:027451 --role client --parentprocessid 82408 --diag "C:\Users\aline\Desktop\ProjetoFinal\Tryitter\TryitterSolution\tests\TryitterSolution.UnitTests\bin\Debug\net7.0\fine-code-coverage\coverage-tool-output\diagnostics.host.22-12-14_22-42-25_06190_7.log" --tracelevel 4 --datacollectionport 27450 --telemetryoptedin false'
TpTrace Verbose: 0 : 82408, 7, 2022/12/14, 22:42:25.081, 220208369659, vstest.console.dll, MulticastDelegateUtilities.SafeInvoke: HostProviderEvents.OnHostLaunched: Invoking callback 1/2 for Microsoft.VisualStudio.TestPlatform.CrossPlatEngine.Client.ProxyExecutionManagerWithDataCollection., took 1 ms.
TpTrace Verbose: 0 : 82408, 7, 2022/12/14, 22:42:25.081, 220208373606, vstest.console.dll, Test Runtime launched
TpTrace Verbose: 0 : 82408, 7, 2022/12/14, 22:42:25.082, 220208374798, vstest.console.dll, MulticastDelegateUtilities.SafeInvoke: HostProviderEvents.OnHostLaunched: Invoking callback 2/2 for Microsoft.VisualStudio.TestPlatform.CrossPlatEngine.Client.ProxyOperationManager., took 0 ms.
TpTrace Verbose: 0 : 82408, 7, 2022/12/14, 22:42:25.082, 220208377014, vstest.console.dll, TestRequestSender.WaitForRequestHandlerConnection: waiting for connection with timeout: 90000.
TpTrace Verbose: 0 : 82408, 7, 2022/12/14, 22:42:25.368, 220211242343, vstest.console.dll, TestRequestSender.WaitForRequestHandlerConnection: waiting took 286 ms, with timeout 90000 ms, and result 0, which is success.
TpTrace Verbose: 0 : 82408, 7, 2022/12/14, 22:42:25.370, 220211254952, vstest.console.dll, TestRequestSender.CheckVersionWithTestHost: Sending check version message: {"MessageType":"ProtocolVersion","Payload":7}
TpTrace Verbose: 0 : 82408, 11, 2022/12/14, 22:42:25.370, 220211257972, vstest.console.dll, MulticastDelegateUtilities.SafeInvoke: SocketServer: ClientConnected: Invoking callback 1/1 for Microsoft.VisualStudio.TestPlatform.CommunicationUtilities.TestRequestSender., took 1 ms.
TpTrace Verbose: 0 : 82408, 11, 2022/12/14, 22:42:25.370, 220211259635, vstest.console.dll, SocketServer.OnClientConnected: Client connected for endPoint: 127.0.0.1:27451, starting MessageLoopAsync:
TpTrace Verbose: 0 : 82408, 11, 2022/12/14, 22:42:25.370, 220211262239, vstest.console.dll, TcpClientExtensions.MessageLoopAsync: Polling on remoteEndPoint: 127.0.0.1:27452 localEndPoint: 127.0.0.1:27451
TpTrace Verbose: 0 : 82408, 11, 2022/12/14, 22:42:25.551, 220213072164, vstest.console.dll, TcpClientExtensions.MessageLoopAsync: NotifyDataAvailable remoteEndPoint: 127.0.0.1:27452 localEndPoint: 127.0.0.1:27451
TpTrace Verbose: 0 : 82408, 11, 2022/12/14, 22:42:25.552, 220213074744, vstest.console.dll, TestRequestSender.CheckVersionWithTestHost: onMessageReceived received message: (ProtocolVersion) -> {"MessageType":"ProtocolVersion","Payload":7}
TpTrace Verbose: 0 : 82408, 11, 2022/12/14, 22:42:25.552, 220213083070, vstest.console.dll, MulticastDelegateUtilities.SafeInvoke: LengthPrefixCommunicationChannel: MessageReceived: Invoking callback 1/1 for Microsoft.VisualStudio.TestPlatform.CommunicationUtilities.TestRequestSender+<>c__DisplayClass26_0., took 0 ms.
TpTrace Verbose: 0 : 82408, 7, 2022/12/14, 22:42:25.552, 220213084273, vstest.console.dll, TestPluginCache.GetExtensionPaths: Filtered extension paths: 
TpTrace Verbose: 0 : 82408, 11, 2022/12/14, 22:42:25.552, 220213084652, vstest.console.dll, TcpClientExtensions.MessageLoopAsync: Polling on remoteEndPoint: 127.0.0.1:27452 localEndPoint: 127.0.0.1:27451
TpTrace Verbose: 0 : 82408, 7, 2022/12/14, 22:42:25.553, 220213085534, vstest.console.dll, TestPluginCache.GetExtensionPaths: Added default extension paths: C:\Program Files\dotnet\sdk\7.0.100\Extensions\Microsoft.Diagnostics.NETCore.Client.dll
C:\Program Files\dotnet\sdk\7.0.100\Extensions\Microsoft.TestPlatform.Extensions.BlameDataCollector.dll
C:\Program Files\dotnet\sdk\7.0.100\Extensions\Microsoft.TestPlatform.Extensions.EventLogCollector.dll
C:\Program Files\dotnet\sdk\7.0.100\Extensions\Microsoft.TestPlatform.TestHostRuntimeProvider.dll
C:\Program Files\dotnet\sdk\7.0.100\Extensions\Microsoft.VisualStudio.TestPlatform.Extensions.Html.TestLogger.dll
C:\Program Files\dotnet\sdk\7.0.100\Extensions\Microsoft.VisualStudio.TestPlatform.Extensions.Trx.TestLogger.dll
TpTrace Verbose: 0 : 82408, 7, 2022/12/14, 22:42:25.553, 220213087198, vstest.console.dll, TestPluginCache.GetExtensionPaths: Added unfilterableExtensionPaths: 
TpTrace Verbose: 0 : 82408, 7, 2022/12/14, 22:42:25.559, 220213146412, vstest.console.dll, TestRequestSender.InitializeExecution: Sending initialize execution with message: {"Version":7,"MessageType":"TestExecution.Initialize","Payload":["C:\\Users\\aline\\Desktop\\ProjetoFinal\\Tryitter\\TryitterSolution\\tests\\TryitterSolution.UnitTests\\bin\\Debug\\net7.0\\fine-code-coverage\\build-output\\xunit.runner.visualstudio.dotnetcore.testadapter.dll"]}
TpTrace Warning: 0 : 82408, 7, 2022/12/14, 22:42:25.559, 220213153493, vstest.console.dll, InferRunSettingsHelper.MakeRunsettingsCompatible: Removing the following settings: TargetPlatform from RunSettings file. To use those settings please move to latest version of Microsoft.NET.Test.Sdk
TpTrace Verbose: 0 : 82408, 11, 2022/12/14, 22:42:25.562, 220213180362, vstest.console.dll, TcpClientExtensions.MessageLoopAsync: NotifyDataAvailable remoteEndPoint: 127.0.0.1:27452 localEndPoint: 127.0.0.1:27451
TpTrace Verbose: 0 : 82408, 11, 2022/12/14, 22:42:25.563, 220213185402, vstest.console.dll, TestRequestSender.OnExecutionMessageReceived: Received message: {"Version":7,"MessageType":"TestSession.Message","Payload":{"MessageLevel":0,"Message":"Logging TestHost Diagnostics in file: C:\\Users\\aline\\Desktop\\ProjetoFinal\\Tryitter\\TryitterSolution\\tests\\TryitterSolution.UnitTests\\bin\\Debug\\net7.0\\fine-code-coverage\\coverage-tool-output\\diagnostics.host.22-12-14_22-42-25_06190_7.log"}}
TpTrace Verbose: 0 : 82408, 11, 2022/12/14, 22:42:25.567, 220213228065, vstest.console.dll, TestRunRequest:SendTestRunMessage: Starting.
TpTrace Verbose: 0 : 82408, 11, 2022/12/14, 22:42:25.567, 220213230539, vstest.console.dll, MulticastDelegateUtilities.SafeInvoke: TestRun.LogMessages: Invoking callback 1/1 for Microsoft.VisualStudio.TestPlatform.CommandLine.TestRunResultAggregator., took 0 ms.
TpTrace Verbose: 0 : 82408, 4, 2022/12/14, 22:42:25.567, 220213230744, vstest.console.dll, MulticastDelegateUtilities.SafeInvoke: InternalTestLoggerEvents.SendTestRunMessage: Invoking callback 1/1 for Microsoft.VisualStudio.TestPlatform.CommandLine.Internal.ConsoleLogger., took 0 ms.
TpTrace Information: 0 : 82408, 11, 2022/12/14, 22:42:25.567, 220213231375, vstest.console.dll, TestRunRequest:SendTestRunMessage: Completed.
TpTrace Verbose: 0 : 82408, 11, 2022/12/14, 22:42:25.567, 220213233370, vstest.console.dll, MulticastDelegateUtilities.SafeInvoke: LengthPrefixCommunicationChannel: MessageReceived: Invoking callback 1/1 for Microsoft.VisualStudio.TestPlatform.CommunicationUtilities.TestRequestSender+<>c__DisplayClass31_0., took 5 ms.
TpTrace Verbose: 0 : 82408, 11, 2022/12/14, 22:42:25.567, 220213233925, vstest.console.dll, TcpClientExtensions.MessageLoopAsync: Polling on remoteEndPoint: 127.0.0.1:27452 localEndPoint: 127.0.0.1:27451
TpTrace Verbose: 0 : 82408, 7, 2022/12/14, 22:42:25.575, 220213309291, vstest.console.dll, TestRequestSender.StartTestRun: Sending test run with message: {"Version":7,"MessageType":"TestExecution.StartWithSources","Payload":{"AdapterSourceMap":{"_none_":["C:\\Users\\aline\\Desktop\\ProjetoFinal\\Tryitter\\TryitterSolution\\tests\\TryitterSolution.UnitTests\\bin\\Debug\\net7.0\\fine-code-coverage\\build-output\\TryitterSolution.UnitTests.dll"]},"RunSettings":"<RunSettings>\r\n  <RunConfiguration>\r\n    <ResultsDirectory>C:\\Users\\aline\\Desktop\\ProjetoFinal\\Tryitter\\TryitterSolution\\tests\\TryitterSolution.UnitTests\\bin\\Debug\\net7.0\\fine-code-coverage\\coverage-tool-output</ResultsDirectory>\r\n    <TargetFrameworkVersion>.NETCoreApp,Version=v7.0</TargetFrameworkVersion>\r\n    <DesignMode>False</DesignMode>\r\n    <CollectSourceInformation>False</CollectSourceInformation>\r\n  </RunConfiguration>\r\n  <LoggerRunSettings>\r\n    <Loggers>\r\n      <Logger friendlyName=\"blame\" enabled=\"True\" />\r\n      <Logger friendlyName=\"Console\" uri=\"logger://microsoft/TestPlatform/ConsoleLogger/v1\" assemblyQualifiedName=\"Microsoft.VisualStudio.TestPlatform.CommandLine.Internal.ConsoleLogger, vstest.console, Version=15.0.0.0, Culture=neutral, PublicKeyToken=b03f5f7f11d50a3a\" codeBase=\"C:\\Program Files\\dotnet\\sdk\\7.0.100\\vstest.console.dll\" enabled=\"True\" />\r\n    </Loggers>\r\n  </LoggerRunSettings>\r\n  <DataCollectionRunSettings>\r\n    <DataCollectors>\r\n      <DataCollector friendlyName=\"blame\" enabled=\"True\">\r\n        <Configuration>\r\n          <ResultsDirectory>C:\\Users\\aline\\Desktop\\ProjetoFinal\\Tryitter\\TryitterSolution\\tests\\TryitterSolution.UnitTests\\bin\\Debug\\net7.0\\fine-code-coverage\\coverage-tool-output</ResultsDirectory>\r\n        </Configuration>\r\n      </DataCollector>\r\n    </DataCollectors>\r\n  </DataCollectionRunSettings>\r\n</RunSettings>","TestExecutionContext":{"FrequencyOfRunStatsChangeEvent":10,"RunStatsChangeEventTimeout":"00:00:01.5000000","InIsolation":false,"KeepAlive":false,"AreTestCaseLevelEventsRequired":false,"IsDebug":false,"TestCaseFilter":null,"FilterOptions":null},"Package":null}}
TpTrace Verbose: 0 : 82408, 11, 2022/12/14, 22:42:25.777, 220215330013, vstest.console.dll, TcpClientExtensions.MessageLoopAsync: NotifyDataAvailable remoteEndPoint: 127.0.0.1:27452 localEndPoint: 127.0.0.1:27451
TpTrace Verbose: 0 : 82408, 11, 2022/12/14, 22:42:25.777, 220215331948, vstest.console.dll, TestRequestSender.OnExecutionMessageReceived: Received message: {"Version":7,"MessageType":"TestSession.Message","Payload":{"MessageLevel":0,"Message":"[xUnit.net 00:00:00.00] xUnit.net VSTest Adapter v2.4.5+1caef2f33e (64-bit .NET 7.0.0)"}}
TpTrace Verbose: 0 : 82408, 11, 2022/12/14, 22:42:25.778, 220215335104, vstest.console.dll, TestRunRequest:SendTestRunMessage: Starting.
TpTrace Verbose: 0 : 82408, 11, 2022/12/14, 22:42:25.778, 220215335974, vstest.console.dll, MulticastDelegateUtilities.SafeInvoke: TestRun.LogMessages: Invoking callback 1/1 for Microsoft.VisualStudio.TestPlatform.CommandLine.TestRunResultAggregator., took 0 ms.
TpTrace Information: 0 : 82408, 11, 2022/12/14, 22:42:25.778, 220215336357, vstest.console.dll, TestRunRequest:SendTestRunMessage: Completed.
TpTrace Verbose: 0 : 82408, 4, 2022/12/14, 22:42:25.778, 220215336290, vstest.console.dll, MulticastDelegateUtilities.SafeInvoke: InternalTestLoggerEvents.SendTestRunMessage: Invoking callback 1/1 for Microsoft.VisualStudio.TestPlatform.CommandLine.Internal.ConsoleLogger., took 0 ms.
TpTrace Verbose: 0 : 82408, 11, 2022/12/14, 22:42:25.778, 220215336789, vstest.console.dll, MulticastDelegateUtilities.SafeInvoke: LengthPrefixCommunicationChannel: MessageReceived: Invoking callback 1/1 for Microsoft.VisualStudio.TestPlatform.CommunicationUtilities.TestRequestSender+<>c__DisplayClass31_0., took 0 ms.
TpTrace Verbose: 0 : 82408, 11, 2022/12/14, 22:42:25.778, 220215338431, vstest.console.dll, TcpClientExtensions.MessageLoopAsync: Polling on remoteEndPoint: 127.0.0.1:27452 localEndPoint: 127.0.0.1:27451
TpTrace Verbose: 0 : 82408, 11, 2022/12/14, 22:42:26.784, 220225398600, vstest.console.dll, TcpClientExtensions.MessageLoopAsync: Polling on remoteEndPoint: 127.0.0.1:27452 localEndPoint: 127.0.0.1:27451
TpTrace Verbose: 0 : 82408, 11, 2022/12/14, 22:42:27.794, 220235498833, vstest.console.dll, TcpClientExtensions.MessageLoopAsync: Polling on remoteEndPoint: 127.0.0.1:27452 localEndPoint: 127.0.0.1:27451
TpTrace Verbose: 0 : 82408, 11, 2022/12/14, 22:42:28.056, 220238118598, vstest.console.dll, TcpClientExtensions.MessageLoopAsync: NotifyDataAvailable remoteEndPoint: 127.0.0.1:27452 localEndPoint: 127.0.0.1:27451
TpTrace Verbose: 0 : 82408, 11, 2022/12/14, 22:42:28.056, 220238120385, vstest.console.dll, TestRequestSender.OnExecutionMessageReceived: Received message: {"Version":7,"MessageType":"TestSession.Message","Payload":{"MessageLevel":0,"Message":"[xUnit.net 00:00:02.28]   Discovering: TryitterSolution.UnitTests"}}
TpTrace Verbose: 0 : 82408, 11, 2022/12/14, 22:42:28.056, 220238122234, vstest.console.dll, TestRunRequest:SendTestRunMessage: Starting.
TpTrace Verbose: 0 : 82408, 11, 2022/12/14, 22:42:28.056, 220238123124, vstest.console.dll, MulticastDelegateUtilities.SafeInvoke: TestRun.LogMessages: Invoking callback 1/1 for Microsoft.VisualStudio.TestPlatform.CommandLine.TestRunResultAggregator., took 0 ms.
TpTrace Verbose: 0 : 82408, 4, 2022/12/14, 22:42:28.056, 220238123417, vstest.console.dll, MulticastDelegateUtilities.SafeInvoke: InternalTestLoggerEvents.SendTestRunMessage: Invoking callback 1/1 for Microsoft.VisualStudio.TestPlatform.CommandLine.Internal.ConsoleLogger., took 0 ms.
TpTrace Information: 0 : 82408, 11, 2022/12/14, 22:42:28.056, 220238123566, vstest.console.dll, TestRunRequest:SendTestRunMessage: Completed.
TpTrace Verbose: 0 : 82408, 11, 2022/12/14, 22:42:28.057, 220238125003, vstest.console.dll, MulticastDelegateUtilities.SafeInvoke: LengthPrefixCommunicationChannel: MessageReceived: Invoking callback 1/1 for Microsoft.VisualStudio.TestPlatform.CommunicationUtilities.TestRequestSender+<>c__DisplayClass31_0., took 0 ms.
TpTrace Verbose: 0 : 82408, 11, 2022/12/14, 22:42:28.057, 220238125558, vstest.console.dll, TcpClientExtensions.MessageLoopAsync: Polling on remoteEndPoint: 127.0.0.1:27452 localEndPoint: 127.0.0.1:27451
TpTrace Verbose: 0 : 82408, 11, 2022/12/14, 22:42:28.096, 220238522583, vstest.console.dll, TcpClientExtensions.MessageLoopAsync: NotifyDataAvailable remoteEndPoint: 127.0.0.1:27452 localEndPoint: 127.0.0.1:27451
TpTrace Verbose: 0 : 82408, 11, 2022/12/14, 22:42:28.096, 220238523847, vstest.console.dll, TestRequestSender.OnExecutionMessageReceived: Received message: {"Version":7,"MessageType":"TestSession.Message","Payload":{"MessageLevel":0,"Message":"[xUnit.net 00:00:02.32]   Discovered:  TryitterSolution.UnitTests"}}
TpTrace Verbose: 0 : 82408, 11, 2022/12/14, 22:42:28.097, 220238525433, vstest.console.dll, TestRunRequest:SendTestRunMessage: Starting.
TpTrace Verbose: 0 : 82408, 11, 2022/12/14, 22:42:28.097, 220238526115, vstest.console.dll, MulticastDelegateUtilities.SafeInvoke: TestRun.LogMessages: Invoking callback 1/1 for Microsoft.VisualStudio.TestPlatform.CommandLine.TestRunResultAggregator., took 0 ms.
TpTrace Information: 0 : 82408, 11, 2022/12/14, 22:42:28.097, 220238526427, vstest.console.dll, TestRunRequest:SendTestRunMessage: Completed.
TpTrace Verbose: 0 : 82408, 11, 2022/12/14, 22:42:28.097, 220238526872, vstest.console.dll, MulticastDelegateUtilities.SafeInvoke: LengthPrefixCommunicationChannel: MessageReceived: Invoking callback 1/1 for Microsoft.VisualStudio.TestPlatform.CommunicationUtilities.TestRequestSender+<>c__DisplayClass31_0., took 0 ms.
TpTrace Verbose: 0 : 82408, 11, 2022/12/14, 22:42:28.097, 220238527420, vstest.console.dll, TcpClientExtensions.MessageLoopAsync: Polling on remoteEndPoint: 127.0.0.1:27452 localEndPoint: 127.0.0.1:27451
TpTrace Verbose: 0 : 82408, 4, 2022/12/14, 22:42:28.097, 220238526471, vstest.console.dll, MulticastDelegateUtilities.SafeInvoke: InternalTestLoggerEvents.SendTestRunMessage: Invoking callback 1/1 for Microsoft.VisualStudio.TestPlatform.CommandLine.Internal.ConsoleLogger., took 0 ms.
TpTrace Verbose: 0 : 82408, 11, 2022/12/14, 22:42:28.101, 220238565194, vstest.console.dll, TcpClientExtensions.MessageLoopAsync: NotifyDataAvailable remoteEndPoint: 127.0.0.1:27452 localEndPoint: 127.0.0.1:27451
TpTrace Verbose: 0 : 82408, 11, 2022/12/14, 22:42:28.101, 220238566672, vstest.console.dll, TestRequestSender.OnExecutionMessageReceived: Received message: {"Version":7,"MessageType":"TestSession.Message","Payload":{"MessageLevel":0,"Message":"[xUnit.net 00:00:02.32]   Starting:    TryitterSolution.UnitTests"}}
TpTrace Verbose: 0 : 82408, 11, 2022/12/14, 22:42:28.101, 220238568190, vstest.console.dll, TestRunRequest:SendTestRunMessage: Starting.
TpTrace Verbose: 0 : 82408, 11, 2022/12/14, 22:42:28.101, 220238568987, vstest.console.dll, MulticastDelegateUtilities.SafeInvoke: TestRun.LogMessages: Invoking callback 1/1 for Microsoft.VisualStudio.TestPlatform.CommandLine.TestRunResultAggregator., took 0 ms.
TpTrace Information: 0 : 82408, 11, 2022/12/14, 22:42:28.101, 220238569291, vstest.console.dll, TestRunRequest:SendTestRunMessage: Completed.
TpTrace Verbose: 0 : 82408, 11, 2022/12/14, 22:42:28.101, 220238569562, vstest.console.dll, MulticastDelegateUtilities.SafeInvoke: LengthPrefixCommunicationChannel: MessageReceived: Invoking callback 1/1 for Microsoft.VisualStudio.TestPlatform.CommunicationUtilities.TestRequestSender+<>c__DisplayClass31_0., took 0 ms.
TpTrace Verbose: 0 : 82408, 4, 2022/12/14, 22:42:28.101, 220238569554, vstest.console.dll, MulticastDelegateUtilities.SafeInvoke: InternalTestLoggerEvents.SendTestRunMessage: Invoking callback 1/1 for Microsoft.VisualStudio.TestPlatform.CommandLine.Internal.ConsoleLogger., took 0 ms.
TpTrace Verbose: 0 : 82408, 11, 2022/12/14, 22:42:28.101, 220238569907, vstest.console.dll, TcpClientExtensions.MessageLoopAsync: Polling on remoteEndPoint: 127.0.0.1:27452 localEndPoint: 127.0.0.1:27451
TpTrace Verbose: 0 : 82408, 11, 2022/12/14, 22:42:28.188, 220239441855, vstest.console.dll, TcpClientExtensions.MessageLoopAsync: NotifyDataAvailable remoteEndPoint: 127.0.0.1:27452 localEndPoint: 127.0.0.1:27451
TpTrace Verbose: 0 : 82408, 11, 2022/12/14, 22:42:28.188, 220239443807, vstest.console.dll, TestRequestSender.OnExecutionMessageReceived: Received message: {"Version":7,"MessageType":"TestExecution.StatsChange","Payload":{"NewTestResults":[],"TestRunStatistics":{"ExecutedTests":0,"Stats":{}},"ActiveTests":[{"Id":"bb5ecb62-bb54-8e41-17e1-5ec759ea2756","FullyQualifiedName":"TryitterSolution.UnitTests.Services.PostServiceTests.DeveSerPossivelObterTodosOsPosts","DisplayName":"TryitterSolution.UnitTests.Services.PostServiceTests.DeveSerPossivelObterTodosOsPosts","ExecutorUri":"executor://xunit/VsTestRunner2/netcoreapp","Source":"C:\\Users\\aline\\Desktop\\ProjetoFinal\\Tryitter\\TryitterSolution\\tests\\TryitterSolution.UnitTests\\bin\\Debug\\net7.0\\fine-code-coverage\\build-output\\TryitterSolution.UnitTests.dll","CodeFilePath":null,"LineNumber":0,"Properties":[]}]}}
TpTrace Verbose: 0 : 82408, 11, 2022/12/14, 22:42:28.206, 220239624250, vstest.console.dll, TestRunRequest:SendTestRunStatsChange: Starting.
TpTrace Verbose: 0 : 82408, 11, 2022/12/14, 22:42:28.207, 220239626681, vstest.console.dll, InProgress is TryitterSolution.UnitTests.Services.PostServiceTests.DeveSerPossivelObterTodosOsPosts
TpTrace Verbose: 0 : 82408, 11, 2022/12/14, 22:42:28.207, 220239627864, vstest.console.dll, MulticastDelegateUtilities.SafeInvoke: TestRun.RunStatsChanged: Invoking callbacks was skipped because there are no subscribers.
TpTrace Information: 0 : 82408, 11, 2022/12/14, 22:42:28.207, 220239628242, vstest.console.dll, TestRunRequest:SendTestRunStatsChange: Completed.
TpTrace Verbose: 0 : 82408, 11, 2022/12/14, 22:42:28.207, 220239628565, vstest.console.dll, MulticastDelegateUtilities.SafeInvoke: LengthPrefixCommunicationChannel: MessageReceived: Invoking callback 1/1 for Microsoft.VisualStudio.TestPlatform.CommunicationUtilities.TestRequestSender+<>c__DisplayClass31_0., took 18 ms.
TpTrace Verbose: 0 : 82408, 11, 2022/12/14, 22:42:28.207, 220239628896, vstest.console.dll, TcpClientExtensions.MessageLoopAsync: Polling on remoteEndPoint: 127.0.0.1:27452 localEndPoint: 127.0.0.1:27451
TpTrace Verbose: 0 : 82408, 11, 2022/12/14, 22:42:28.414, 220241701782, vstest.console.dll, TcpClientExtensions.MessageLoopAsync: NotifyDataAvailable remoteEndPoint: 127.0.0.1:27452 localEndPoint: 127.0.0.1:27451
TpTrace Verbose: 0 : 82408, 11, 2022/12/14, 22:42:28.414, 220241704463, vstest.console.dll, TestRequestSender.OnExecutionMessageReceived: Received message: {"Version":7,"MessageType":"TestExecution.StatsChange","Payload":{"NewTestResults":[{"TestCase":{"Id":"bb5ecb62-bb54-8e41-17e1-5ec759ea2756","FullyQualifiedName":"TryitterSolution.UnitTests.Services.PostServiceTests.DeveSerPossivelObterTodosOsPosts","DisplayName":"TryitterSolution.UnitTests.Services.PostServiceTests.DeveSerPossivelObterTodosOsPosts","ExecutorUri":"executor://xunit/VsTestRunner2/netcoreapp","Source":"C:\\Users\\aline\\Desktop\\ProjetoFinal\\Tryitter\\TryitterSolution\\tests\\TryitterSolution.UnitTests\\bin\\Debug\\net7.0\\fine-code-coverage\\build-output\\TryitterSolution.UnitTests.dll","CodeFilePath":null,"LineNumber":0,"Properties":[]},"Attachments":[],"Outcome":1,"ErrorMessage":null,"ErrorStackTrace":null,"DisplayName":"TryitterSolution.UnitTests.Services.PostServiceTests.DeveSerPossivelObterTodosOsPosts","Messages":[],"ComputerName":"DESKTOP-G6MOHVR","Duration":"00:00:00.1557006","StartTime":"2022-12-15T01:42:28.3281632+00:00","EndTime":"2022-12-15T01:42:28.3282287+00:00","Properties":[]},{"TestCase":{"Id":"717e9b4b-d9e6-09e0-ecf7-68d6a9069c23","FullyQualifiedName":"TryitterSolution.UnitTests.Services.UserServiceTests.NaoDeveSerPossivelDeletarUmUsuarioQuandoForInvalido","DisplayName":"TryitterSolution.UnitTests.Services.UserServiceTests.NaoDeveSerPossivelDeletarUmUsuarioQuandoForInvalido","ExecutorUri":"executor://xunit/VsTestRunner2/netcoreapp","Source":"C:\\Users\\aline\\Desktop\\ProjetoFinal\\Tryitter\\TryitterSolution\\tests\\TryitterSolution.UnitTests\\bin\\Debug\\net7.0\\fine-code-coverage\\build-output\\TryitterSolution.UnitTests.dll","CodeFilePath":null,"LineNumber":0,"Properties":[]},"Attachments":[],"Outcome":1,"ErrorMessage":null,"ErrorStackTrace":null,"DisplayName":"TryitterSolution.UnitTests.Services.UserServiceTests.NaoDeveSerPossivelDeletarUmUsuarioQuandoForInvalido","Messages":[],"ComputerName":"DESKTOP-G6MOHVR","Duration":"00:00:00.1559189","StartTime":"2022-12-15T01:42:28.36372+00:00","EndTime":"2022-12-15T01:42:28.3637202+00:00","Properties":[]},{"TestCase":{"Id":"7b36bd71-9bab-a2b7-5a37-c92e6e0df2ab","FullyQualifiedName":"TryitterSolution.UnitTests.Services.PostServiceTests.NaoDeveSerPossivelDeletarUmPostQuandoForInvalido","DisplayName":"TryitterSolution.UnitTests.Services.PostServiceTests.NaoDeveSerPossivelDeletarUmPostQuandoForInvalido","ExecutorUri":"executor://xunit/VsTestRunner2/netcoreapp","Source":"C:\\Users\\aline\\Desktop\\ProjetoFinal\\Tryitter\\TryitterSolution\\tests\\TryitterSolution.UnitTests\\bin\\Debug\\net7.0\\fine-code-coverage\\build-output\\TryitterSolution.UnitTests.dll","CodeFilePath":null,"LineNumber":0,"Properties":[]},"Attachments":[],"Outcome":1,"ErrorMessage":null,"ErrorStackTrace":null,"DisplayName":"TryitterSolution.UnitTests.Services.PostServiceTests.NaoDeveSerPossivelDeletarUmPostQuandoForInvalido","Messages":[],"ComputerName":"DESKTOP-G6MOHVR","Duration":"00:00:00.0114134","StartTime":"2022-12-15T01:42:28.3757213+00:00","EndTime":"2022-12-15T01:42:28.3757219+00:00","Properties":[]},{"TestCase":{"Id":"afc65d96-f3ee-2a91-80ba-5336cc1ac7f5","FullyQualifiedName":"TryitterSolution.UnitTests.Services.UserServiceTests.DeveSerPossivelAdicionarUmUsuario","DisplayName":"TryitterSolution.UnitTests.Services.UserServiceTests.DeveSerPossivelAdicionarUmUsuario","ExecutorUri":"executor://xunit/VsTestRunner2/netcoreapp","Source":"C:\\Users\\aline\\Desktop\\ProjetoFinal\\Tryitter\\TryitterSolution\\tests\\TryitterSolution.UnitTests\\bin\\Debug\\net7.0\\fine-code-coverage\\build-output\\TryitterSolution.UnitTests.dll","CodeFilePath":null,"LineNumber":0,"Properties":[]},"Attachments":[],"Outcome":1,"ErrorMessage":null,"ErrorStackTrace":null,"DisplayName":"TryitterSolution.UnitTests.Services.UserServiceTests.DeveSerPossivelAdicionarUmUsuario","Messages":[],"ComputerName":"DESKTOP-G6MOHVR","Duration":"00:00:00.0306158","StartTime":"2022-12-15T01:42:28.3800644+00:00","EndTime":"2022-12-15T01:42:28.3800649+00:00","Properties":[]},{"TestCase":{"Id":"d9791e48-3c2a-4ff0-d6c3-d38fbcb7bf5b","FullyQualifiedName":"TryitterSolution.UnitTests.Services.PostServiceTests.NaoDeveSerPossivelAlterarUmPostQuandoForInvalido","DisplayName":"TryitterSolution.UnitTests.Services.PostServiceTests.NaoDeveSerPossivelAlterarUmPostQuandoForInvalido","ExecutorUri":"executor://xunit/VsTestRunner2/netcoreapp","Source":"C:\\Users\\aline\\Desktop\\ProjetoFinal\\Tryitter\\TryitterSolution\\tests\\TryitterSolution.UnitTests\\bin\\Debug\\net7.0\\fine-code-coverage\\build-output\\TryitterSolution.UnitTests.dll","CodeFilePath":null,"LineNumber":0,"Properties":[]},"Attachments":[],"Outcome":1,"ErrorMessage":null,"ErrorStackTrace":null,"DisplayName":"TryitterSolution.UnitTests.Services.PostServiceTests.NaoDeveSerPossivelAlterarUmPostQuandoForInvalido","Messages":[],"ComputerName":"DESKTOP-G6MOHVR","Duration":"00:00:00.0210633","StartTime":"2022-12-15T01:42:28.3885346+00:00","EndTime":"2022-12-15T01:42:28.3885349+00:00","Properties":[]},{"TestCase":{"Id":"1d5b85c4-80c4-6633-f607-702235ee168a","FullyQualifiedName":"TryitterSolution.UnitTests.Services.PostServiceTests.DeveSerPossivelAdicionarUmPost","DisplayName":"TryitterSolution.UnitTests.Services.PostServiceTests.DeveSerPossivelAdicionarUmPost","ExecutorUri":"executor://xunit/VsTestRunner2/netcoreapp","Source":"C:\\Users\\aline\\Desktop\\ProjetoFinal\\Tryitter\\TryitterSolution\\tests\\TryitterSolution.UnitTests\\bin\\Debug\\net7.0\\fine-code-coverage\\build-output\\TryitterSolution.UnitTests.dll","CodeFilePath":null,"LineNumber":0,"Properties":[]},"Attachments":[],"Outcome":1,"ErrorMessage":null,"ErrorStackTrace":null,"DisplayName":"TryitterSolution.UnitTests.Services.PostServiceTests.DeveSerPossivelAdicionarUmPost","Messages":[],"ComputerName":"DESKTOP-G6MOHVR","Duration":"00:00:00.0103410","StartTime":"2022-12-15T01:42:28.3935579+00:00","EndTime":"2022-12-15T01:42:28.3935581+00:00","Properties":[]},{"TestCase":{"Id":"530b2577-9307-0efb-ec70-59e3f1e1b26e","FullyQualifiedName":"TryitterSolution.UnitTests.Services.UserServiceTests.DeveSerPossivelAlterarSenhaDeUmUsuario","DisplayName":"TryitterSolution.UnitTests.Services.UserServiceTests.DeveSerPossivelAlterarSenhaDeUmUsuario","ExecutorUri":"executor://xunit/VsTestRunner2/netcoreapp","Source":"C:\\Users\\aline\\Desktop\\ProjetoFinal\\Tryitter\\TryitterSolution\\tests\\TryitterSolution.UnitTests\\bin\\Debug\\net7.0\\fine-code-coverage\\build-output\\TryitterSolution.UnitTests.dll","CodeFilePath":null,"LineNumber":0,"Properties":[]},"Attachments":[],"Outcome":1,"ErrorMessage":null,"ErrorStackTrace":null,"DisplayName":"TryitterSolution.UnitTests.Services.UserServiceTests.DeveSerPossivelAlterarSenhaDeUmUsuario","Messages":[],"ComputerName":"DESKTOP-G6MOHVR","Duration":"00:00:00.0163799","StartTime":"2022-12-15T01:42:28.3977635+00:00","EndTime":"2022-12-15T01:42:28.3977636+00:00","Properties":[]},{"TestCase":{"Id":"7531b1a5-f812-d692-6b0d-d162e8c8e375","FullyQualifiedName":"TryitterSolution.UnitTests.Services.PostServiceTests.DeveSerPossivelDeletarUmPost","DisplayName":"TryitterSolution.UnitTests.Services.PostServiceTests.DeveSerPossivelDeletarUmPost","ExecutorUri":"executor://xunit/VsTestRunner2/netcoreapp","Source":"C:\\Users\\aline\\Desktop\\ProjetoFinal\\Tryitter\\TryitterSolution\\tests\\TryitterSolution.UnitTests\\bin\\Debug\\net7.0\\fine-code-coverage\\build-output\\TryitterSolution.UnitTests.dll","CodeFilePath":null,"LineNumber":0,"Properties":[]},"Attachments":[],"Outcome":1,"ErrorMessage":null,"ErrorStackTrace":null,"DisplayName":"TryitterSolution.UnitTests.Services.PostServiceTests.DeveSerPossivelDeletarUmPost","Messages":[],"ComputerName":"DESKTOP-G6MOHVR","Duration":"00:00:00.0066684","StartTime":"2022-12-15T01:42:28.4014246+00:00","EndTime":"2022-12-15T01:42:28.4014247+00:00","Properties":[]}],"TestRunStatistics":{"ExecutedTests":8,"Stats":{"Passed":8}},"ActiveTests":[{"Id":"5fb994b8-b063-8648-2be9-1ad95520faef","FullyQualifiedName":"TryitterSolution.UnitTests.Services.UserServiceTests.NaoDeveSerPossivelAdicionarUmUsuarioQuandoForInvalido","DisplayName":"TryitterSolution.UnitTests.Services.UserServiceTests.NaoDeveSerPossivelAdicionarUmUsuarioQuandoForInvalido","ExecutorUri":"executor://xunit/VsTestRunner2/netcoreapp","Source":"C:\\Users\\aline\\Desktop\\ProjetoFinal\\Tryitter\\TryitterSolution\\tests\\TryitterSolution.UnitTests\\bin\\Debug\\net7.0\\fine-code-coverage\\build-output\\TryitterSolution.UnitTests.dll","CodeFilePath":null,"LineNumber":0,"Properties":[]},{"Id":"df50b373-a971-9504-fa3f-79887ce754ec","FullyQualifiedName":"TryitterSolution.UnitTests.Services.PostServiceTests.DeveSerPossivelAlterarUmPost","DisplayName":"TryitterSolution.UnitTests.Services.PostServiceTests.DeveSerPossivelAlterarUmPost","ExecutorUri":"executor://xunit/VsTestRunner2/netcoreapp","Source":"C:\\Users\\aline\\Desktop\\ProjetoFinal\\Tryitter\\TryitterSolution\\tests\\TryitterSolution.UnitTests\\bin\\Debug\\net7.0\\fine-code-coverage\\build-output\\TryitterSolution.UnitTests.dll","CodeFilePath":null,"LineNumber":0,"Properties":[]}]}}
TpTrace Verbose: 0 : 82408, 11, 2022/12/14, 22:42:28.424, 220241801639, vstest.console.dll, TestRunRequest:SendTestRunStatsChange: Starting.
TpTrace Verbose: 0 : 82408, 11, 2022/12/14, 22:42:28.424, 220241802891, vstest.console.dll, InProgress is TryitterSolution.UnitTests.Services.UserServiceTests.NaoDeveSerPossivelAdicionarUmUsuarioQuandoForInvalido
TpTrace Verbose: 0 : 82408, 11, 2022/12/14, 22:42:28.424, 220241803469, vstest.console.dll, InProgress is TryitterSolution.UnitTests.Services.PostServiceTests.DeveSerPossivelAlterarUmPost
TpTrace Verbose: 0 : 82408, 11, 2022/12/14, 22:42:28.425, 220241807766, vstest.console.dll, MulticastDelegateUtilities.SafeInvoke: TestRun.RunStatsChanged: Invoking callbacks was skipped because there are no subscribers.
TpTrace Information: 0 : 82408, 11, 2022/12/14, 22:42:28.425, 220241808523, vstest.console.dll, TestRunRequest:SendTestRunStatsChange: Completed.
TpTrace Verbose: 0 : 82408, 11, 2022/12/14, 22:42:28.425, 220241809481, vstest.console.dll, MulticastDelegateUtilities.SafeInvoke: LengthPrefixCommunicationChannel: MessageReceived: Invoking callback 1/1 for Microsoft.VisualStudio.TestPlatform.CommunicationUtilities.TestRequestSender+<>c__DisplayClass31_0., took 10 ms.
TpTrace Verbose: 0 : 82408, 11, 2022/12/14, 22:42:28.425, 220241810198, vstest.console.dll, TcpClientExtensions.MessageLoopAsync: Polling on remoteEndPoint: 127.0.0.1:27452 localEndPoint: 127.0.0.1:27451
TpTrace Verbose: 0 : 82408, 4, 2022/12/14, 22:42:28.429, 220241854265, vstest.console.dll, MulticastDelegateUtilities.SafeInvoke: InternalTestLoggerEvents.SendTestResult: Invoking callback 1/1 for Microsoft.VisualStudio.TestPlatform.CommandLine.Internal.ConsoleLogger., took 4 ms.
TpTrace Verbose: 0 : 82408, 4, 2022/12/14, 22:42:28.430, 220241858045, vstest.console.dll, MulticastDelegateUtilities.SafeInvoke: InternalTestLoggerEvents.SendTestResult: Invoking callback 1/1 for Microsoft.VisualStudio.TestPlatform.CommandLine.Internal.ConsoleLogger., took 0 ms.
TpTrace Verbose: 0 : 82408, 4, 2022/12/14, 22:42:28.430, 220241859082, vstest.console.dll, MulticastDelegateUtilities.SafeInvoke: InternalTestLoggerEvents.SendTestResult: Invoking callback 1/1 for Microsoft.VisualStudio.TestPlatform.CommandLine.Internal.ConsoleLogger., took 0 ms.
TpTrace Verbose: 0 : 82408, 4, 2022/12/14, 22:42:28.430, 220241859576, vstest.console.dll, MulticastDelegateUtilities.SafeInvoke: InternalTestLoggerEvents.SendTestResult: Invoking callback 1/1 for Microsoft.VisualStudio.TestPlatform.CommandLine.Internal.ConsoleLogger., took 0 ms.
TpTrace Verbose: 0 : 82408, 4, 2022/12/14, 22:42:28.430, 220241859999, vstest.console.dll, MulticastDelegateUtilities.SafeInvoke: InternalTestLoggerEvents.SendTestResult: Invoking callback 1/1 for Microsoft.VisualStudio.TestPlatform.CommandLine.Internal.ConsoleLogger., took 0 ms.
TpTrace Verbose: 0 : 82408, 4, 2022/12/14, 22:42:28.430, 220241860420, vstest.console.dll, MulticastDelegateUtilities.SafeInvoke: InternalTestLoggerEvents.SendTestResult: Invoking callback 1/1 for Microsoft.VisualStudio.TestPlatform.CommandLine.Internal.ConsoleLogger., took 0 ms.
TpTrace Verbose: 0 : 82408, 4, 2022/12/14, 22:42:28.430, 220241860801, vstest.console.dll, MulticastDelegateUtilities.SafeInvoke: InternalTestLoggerEvents.SendTestResult: Invoking callback 1/1 for Microsoft.VisualStudio.TestPlatform.CommandLine.Internal.ConsoleLogger., took 0 ms.
TpTrace Verbose: 0 : 82408, 11, 2022/12/14, 22:42:28.431, 220241866713, vstest.console.dll, TcpClientExtensions.MessageLoopAsync: NotifyDataAvailable remoteEndPoint: 127.0.0.1:27452 localEndPoint: 127.0.0.1:27451
TpTrace Verbose: 0 : 82408, 11, 2022/12/14, 22:42:28.431, 220241868156, vstest.console.dll, TestRequestSender.OnExecutionMessageReceived: Received message: {"Version":7,"MessageType":"TestSession.Message","Payload":{"MessageLevel":0,"Message":"[xUnit.net 00:00:02.65]   Finished:    TryitterSolution.UnitTests"}}
TpTrace Verbose: 0 : 82408, 11, 2022/12/14, 22:42:28.431, 220241869723, vstest.console.dll, TestRunRequest:SendTestRunMessage: Starting.
TpTrace Verbose: 0 : 82408, 11, 2022/12/14, 22:42:28.431, 220241870720, vstest.console.dll, MulticastDelegateUtilities.SafeInvoke: TestRun.LogMessages: Invoking callback 1/1 for Microsoft.VisualStudio.TestPlatform.CommandLine.TestRunResultAggregator., took 0 ms.
TpTrace Information: 0 : 82408, 11, 2022/12/14, 22:42:28.431, 220241871296, vstest.console.dll, TestRunRequest:SendTestRunMessage: Completed.
TpTrace Verbose: 0 : 82408, 11, 2022/12/14, 22:42:28.431, 220241871926, vstest.console.dll, MulticastDelegateUtilities.SafeInvoke: LengthPrefixCommunicationChannel: MessageReceived: Invoking callback 1/1 for Microsoft.VisualStudio.TestPlatform.CommunicationUtilities.TestRequestSender+<>c__DisplayClass31_0., took 0 ms.
TpTrace Verbose: 0 : 82408, 4, 2022/12/14, 22:42:28.431, 220241872256, vstest.console.dll, MulticastDelegateUtilities.SafeInvoke: InternalTestLoggerEvents.SendTestResult: Invoking callback 1/1 for Microsoft.VisualStudio.TestPlatform.CommandLine.Internal.ConsoleLogger., took 1 ms.
TpTrace Verbose: 0 : 82408, 11, 2022/12/14, 22:42:28.431, 220241872404, vstest.console.dll, TcpClientExtensions.MessageLoopAsync: Polling on remoteEndPoint: 127.0.0.1:27452 localEndPoint: 127.0.0.1:27451
TpTrace Verbose: 0 : 82408, 4, 2022/12/14, 22:42:28.431, 220241873209, vstest.console.dll, MulticastDelegateUtilities.SafeInvoke: InternalTestLoggerEvents.SendTestRunMessage: Invoking callback 1/1 for Microsoft.VisualStudio.TestPlatform.CommandLine.Internal.ConsoleLogger., took 0 ms.
TpTrace Verbose: 0 : 82408, 11, 2022/12/14, 22:42:28.458, 220242144648, vstest.console.dll, TcpClientExtensions.MessageLoopAsync: NotifyDataAvailable remoteEndPoint: 127.0.0.1:27452 localEndPoint: 127.0.0.1:27451
TpTrace Verbose: 0 : 82408, 11, 2022/12/14, 22:42:28.459, 220242146490, vstest.console.dll, TestRequestSender.OnExecutionMessageReceived: Received message: {"Version":7,"MessageType":"TestExecution.Completed","Payload":{"TestRunCompleteArgs":{"TestRunStatistics":{"ExecutedTests":12,"Stats":{"Passed":12}},"IsCanceled":false,"IsAborted":false,"Error":null,"AttachmentSets":[],"InvokedDataCollectors":[],"ElapsedTimeInRunningTests":"00:00:02.6674584","Metrics":{},"DiscoveredExtensions":{"TestDiscoverers":["Xunit.Runner.VisualStudio.VsTestRunner, xunit.runner.visualstudio.dotnetcore.testadapter, Version=2.4.0.0, Culture=neutral, PublicKeyToken=8d05b1bb7a6fdb6c"],"TestExecutors":["executor://xunit/VsTestRunner2/netcoreapp"],"TestExecutors2":[],"TestSettingsProviders":[]}},"LastRunTests":{"NewTestResults":[{"TestCase":{"Id":"5fb994b8-b063-8648-2be9-1ad95520faef","FullyQualifiedName":"TryitterSolution.UnitTests.Services.UserServiceTests.NaoDeveSerPossivelAdicionarUmUsuarioQuandoForInvalido","DisplayName":"TryitterSolution.UnitTests.Services.UserServiceTests.NaoDeveSerPossivelAdicionarUmUsuarioQuandoForInvalido","ExecutorUri":"executor://xunit/VsTestRunner2/netcoreapp","Source":"C:\\Users\\aline\\Desktop\\ProjetoFinal\\Tryitter\\TryitterSolution\\tests\\TryitterSolution.UnitTests\\bin\\Debug\\net7.0\\fine-code-coverage\\build-output\\TryitterSolution.UnitTests.dll","CodeFilePath":null,"LineNumber":0,"Properties":[]},"Attachments":[],"Outcome":1,"ErrorMessage":null,"ErrorStackTrace":null,"DisplayName":"TryitterSolution.UnitTests.Services.UserServiceTests.NaoDeveSerPossivelAdicionarUmUsuarioQuandoForInvalido","Messages":[],"ComputerName":"DESKTOP-G6MOHVR","Duration":"00:00:00.0099483","StartTime":"2022-12-15T01:42:28.4168882+00:00","EndTime":"2022-12-15T01:42:28.4168886+00:00","Properties":[]},{"TestCase":{"Id":"df50b373-a971-9504-fa3f-79887ce754ec","FullyQualifiedName":"TryitterSolution.UnitTests.Services.PostServiceTests.DeveSerPossivelAlterarUmPost","DisplayName":"TryitterSolution.UnitTests.Services.PostServiceTests.DeveSerPossivelAlterarUmPost","ExecutorUri":"executor://xunit/VsTestRunner2/netcoreapp","Source":"C:\\Users\\aline\\Desktop\\ProjetoFinal\\Tryitter\\TryitterSolution\\tests\\TryitterSolution.UnitTests\\bin\\Debug\\net7.0\\fine-code-coverage\\build-output\\TryitterSolution.UnitTests.dll","CodeFilePath":null,"LineNumber":0,"Properties":[]},"Attachments":[],"Outcome":1,"ErrorMessage":null,"ErrorStackTrace":null,"DisplayName":"TryitterSolution.UnitTests.Services.PostServiceTests.DeveSerPossivelAlterarUmPost","Messages":[],"ComputerName":"DESKTOP-G6MOHVR","Duration":"00:00:00.0076907","StartTime":"2022-12-15T01:42:28.4210055+00:00","EndTime":"2022-12-15T01:42:28.4210056+00:00","Properties":[]},{"TestCase":{"Id":"42615b68-ecb3-5ff8-71ea-f52eb04082af","FullyQualifiedName":"TryitterSolution.UnitTests.Services.UserServiceTests.NaoDeveSerPossivelAlterarSenhaDeUmUsuarioQuandoForInvalido","DisplayName":"TryitterSolution.UnitTests.Services.UserServiceTests.NaoDeveSerPossivelAlterarSenhaDeUmUsuarioQuandoForInvalido","ExecutorUri":"executor://xunit/VsTestRunner2/netcoreapp","Source":"C:\\Users\\aline\\Desktop\\ProjetoFinal\\Tryitter\\TryitterSolution\\tests\\TryitterSolution.UnitTests\\bin\\Debug\\net7.0\\fine-code-coverage\\build-output\\TryitterSolution.UnitTests.dll","CodeFilePath":null,"LineNumber":0,"Properties":[]},"Attachments":[],"Outcome":1,"ErrorMessage":null,"ErrorStackTrace":null,"DisplayName":"TryitterSolution.UnitTests.Services.UserServiceTests.NaoDeveSerPossivelAlterarSenhaDeUmUsuarioQuandoForInvalido","Messages":[],"ComputerName":"DESKTOP-G6MOHVR","Duration":"00:00:00.0053315","StartTime":"2022-12-15T01:42:28.4232414+00:00","EndTime":"2022-12-15T01:42:28.4232415+00:00","Properties":[]},{"TestCase":{"Id":"52b2310f-5e9a-6564-32be-65716419b8f8","FullyQualifiedName":"TryitterSolution.UnitTests.Services.UserServiceTests.DeveSerPossivelDeletarUmUsuario","DisplayName":"TryitterSolution.UnitTests.Services.UserServiceTests.DeveSerPossivelDeletarUmUsuario","ExecutorUri":"executor://xunit/VsTestRunner2/netcoreapp","Source":"C:\\Users\\aline\\Desktop\\ProjetoFinal\\Tryitter\\TryitterSolution\\tests\\TryitterSolution.UnitTests\\bin\\Debug\\net7.0\\fine-code-coverage\\build-output\\TryitterSolution.UnitTests.dll","CodeFilePath":null,"LineNumber":0,"Properties":[]},"Attachments":[],"Outcome":1,"ErrorMessage":null,"ErrorStackTrace":null,"DisplayName":"TryitterSolution.UnitTests.Services.UserServiceTests.DeveSerPossivelDeletarUmUsuario","Messages":[],"ComputerName":"DESKTOP-G6MOHVR","Duration":"00:00:00.0068042","StartTime":"2022-12-15T01:42:28.4274116+00:00","EndTime":"2022-12-15T01:42:28.4274118+00:00","Properties":[]}],"TestRunStatistics":{"ExecutedTests":12,"Stats":{"Passed":12}},"ActiveTests":[]},"RunAttachments":[],"ExecutorUris":["executor://xunit/VsTestRunner2/netcoreapp"]}}
TpTrace Verbose: 0 : 82408, 11, 2022/12/14, 22:42:28.459, 220242147687, vstest.console.dll, TestRequestSender.EndSession: Sending end session.
TpTrace Verbose: 0 : 82408, 11, 2022/12/14, 22:42:28.459, 220242150198, vstest.console.dll, ProxyOperationManager.Close: waiting for test host to exit for 100 ms
TpTrace Warning: 0 : 82408, 10, 2022/12/14, 22:42:28.480, 220242362165, vstest.console.dll, TestHostManagerCallbacks.ErrorReceivedCallback Test host standard error line: 
TpTrace Verbose: 0 : 82408, 10, 2022/12/14, 22:42:28.515, 220242713401, vstest.console.dll, TestHostProvider.ExitCallBack: Host exited starting callback.
TpTrace Information: 0 : 82408, 10, 2022/12/14, 22:42:28.516, 220242716038, vstest.console.dll, TestHostManagerCallbacks.ExitCallBack: Testhost processId: 88976 exited with exitcode: 0 error: ''
TpTrace Verbose: 0 : 82408, 10, 2022/12/14, 22:42:28.516, 220242716779, vstest.console.dll, DotnetTestHostManager.OnHostExited: invoking OnHostExited callback
TpTrace Verbose: 0 : 82408, 10, 2022/12/14, 22:42:28.516, 220242717562, vstest.console.dll, CrossPlatEngine.TestHostManagerHostExited: calling on client process exit callback.
TpTrace Information: 0 : 82408, 10, 2022/12/14, 22:42:28.516, 220242718406, vstest.console.dll, TestRequestSender.OnClientProcessExit: Test host process exited. Standard error: 
TpTrace Information: 0 : 82408, 10, 2022/12/14, 22:42:28.516, 220242719143, vstest.console.dll, SocketServer.Stop: Stop server endPoint: 127.0.0.1:27451
TpTrace Information: 0 : 82408, 10, 2022/12/14, 22:42:28.516, 220242719647, vstest.console.dll, SocketServer.Stop: Cancellation requested. Stopping message loop.
TpTrace Information: 0 : 82408, 11, 2022/12/14, 22:42:28.516, 220242720263, vstest.console.dll, SocketServer.Stop: Stop server endPoint: 127.0.0.1:27451
TpTrace Information: 0 : 82408, 11, 2022/12/14, 22:42:28.516, 220242721062, vstest.console.dll, SocketServer.Stop: Cancellation requested. Stopping message loop.
TpTrace Verbose: 0 : 82408, 10, 2022/12/14, 22:42:28.516, 220242721150, vstest.console.dll, MulticastDelegateUtilities.SafeInvoke: HostProviderEvents.OnHostExited: Invoking callback 1/1 for Microsoft.VisualStudio.TestPlatform.CrossPlatEngine.Client.ProxyOperationManager., took 0 ms.
TpTrace Information: 0 : 82408, 11, 2022/12/14, 22:42:28.516, 220242721730, vstest.console.dll, Closing the connection
TpTrace Verbose: 0 : 82408, 11, 2022/12/14, 22:42:28.517, 220242726186, vstest.console.dll, ProxyDataCollectionManager.InvokeDataCollectionServiceAction: Starting.
TpTrace Information: 0 : 82408, 11, 2022/12/14, 22:42:28.517, 220242726956, vstest.console.dll, ProxyDataCollectionManager.AfterTestRunEnd: Get attachment set and invoked data collectors processId: 79648 port: 27448
TpTrace Verbose: 0 : 82408, 11, 2022/12/14, 22:42:28.517, 220242727800, vstest.console.dll, DataCollectionRequestSender.SendAfterTestRunStartAndGetResult: Send AfterTestRunEnd message with isCancelled: False
TpTrace Verbose: 0 : 82408, 11, 2022/12/14, 22:42:28.528, 220242839248, vstest.console.dll, DataCollectionRequestSender.SendAfterTestRunStartAndGetResult: Received message: (DataCollection.AfterTestRunEndResult) -> {"MessageType":"DataCollection.AfterTestRunEndResult","Payload":{"AttachmentSets":[],"InvokedDataCollectors":[{"Uri":"datacollector://Microsoft/TestPlatform/Extensions/Blame/v1","FriendlyName":"Blame","AssemblyQualifiedName":"Microsoft.TestPlatform.Extensions.BlameDataCollector.BlameCollector, Microsoft.TestPlatform.Extensions.BlameDataCollector, Version=15.0.0.0, Culture=neutral, PublicKeyToken=b03f5f7f11d50a3a","FilePath":"C:\\Program Files\\dotnet\\sdk\\7.0.100\\Extensions\\Microsoft.TestPlatform.Extensions.BlameDataCollector.dll","HasAttachmentProcessor":false}],"Metrics":{}}}
TpTrace Warning: 0 : 82408, 9, 2022/12/14, 22:42:28.534, 220242902237, vstest.console.dll, DataCollectionLauncher.ErrorReceivedCallback datacollector standard error line: 
TpTrace Information: 0 : 82408, 11, 2022/12/14, 22:42:28.536, 220242919246, vstest.console.dll, ProxyDataCollectionManager.InvokeDataCollectionServiceAction: Completed.
TpTrace Information: 0 : 82408, 9, 2022/12/14, 22:42:28.544, 220242997089, vstest.console.dll, DataCollectionLauncher.ExitCallBack: Data collector exited with exitcode: 0 error: ''
TpTrace Verbose: 0 : 82408, 11, 2022/12/14, 22:42:28.593, 220243487730, vstest.console.dll, TestRunRequest:SendTestRunStatsChange: Starting.
TpTrace Verbose: 0 : 82408, 11, 2022/12/14, 22:42:28.593, 220243488817, vstest.console.dll, MulticastDelegateUtilities.SafeInvoke: TestRun.RunStatsChanged: Invoking callbacks was skipped because there are no subscribers.
TpTrace Information: 0 : 82408, 11, 2022/12/14, 22:42:28.593, 220243489156, vstest.console.dll, TestRunRequest:SendTestRunStatsChange: Completed.
TpTrace Verbose: 0 : 82408, 4, 2022/12/14, 22:42:28.593, 220243489558, vstest.console.dll, MulticastDelegateUtilities.SafeInvoke: InternalTestLoggerEvents.SendTestResult: Invoking callback 1/1 for Microsoft.VisualStudio.TestPlatform.CommandLine.Internal.ConsoleLogger., took 0 ms.
TpTrace Verbose: 0 : 82408, 4, 2022/12/14, 22:42:28.593, 220243490974, vstest.console.dll, MulticastDelegateUtilities.SafeInvoke: InternalTestLoggerEvents.SendTestResult: Invoking callback 1/1 for Microsoft.VisualStudio.TestPlatform.CommandLine.Internal.ConsoleLogger., took 0 ms.
TpTrace Verbose: 0 : 82408, 4, 2022/12/14, 22:42:28.593, 220243491861, vstest.console.dll, MulticastDelegateUtilities.SafeInvoke: InternalTestLoggerEvents.SendTestResult: Invoking callback 1/1 for Microsoft.VisualStudio.TestPlatform.CommandLine.Internal.ConsoleLogger., took 0 ms.
TpTrace Verbose: 0 : 82408, 4, 2022/12/14, 22:42:28.593, 220243492319, vstest.console.dll, MulticastDelegateUtilities.SafeInvoke: InternalTestLoggerEvents.SendTestResult: Invoking callback 1/1 for Microsoft.VisualStudio.TestPlatform.CommandLine.Internal.ConsoleLogger., took 0 ms.
TpTrace Verbose: 0 : 82408, 11, 2022/12/14, 22:42:28.593, 220243493795, vstest.console.dll, ParallelProxyExecutionManager: HandlePartialRunComplete: Total completed clients = 1, Run complete = True, Run canceled: False.
TpTrace Verbose: 0 : 82408, 4, 2022/12/14, 22:42:28.609, 220243654568, vstest.console.dll, MulticastDelegateUtilities.SafeInvoke: InternalTestLoggerEvents.SendTestRunComplete: Invoking callback 1/2 for Microsoft.TestPlatform.Extensions.BlameDataCollector.BlameLogger., took 0 ms.
TpTrace Verbose: 0 : 82408, 4, 2022/12/14, 22:42:28.619, 220243744948, vstest.console.dll, MulticastDelegateUtilities.SafeInvoke: InternalTestLoggerEvents.SendTestRunComplete: Invoking callback 2/2 for Microsoft.VisualStudio.TestPlatform.CommandLine.Internal.ConsoleLogger., took 8 ms.
TpTrace Verbose: 0 : 82408, 11, 2022/12/14, 22:42:28.619, 220243749515, vstest.console.dll, TestRunRequest:TestRunComplete: Starting. IsAborted:False IsCanceled:False.
TpTrace Verbose: 0 : 82408, 11, 2022/12/14, 22:42:28.621, 220243769120, vstest.console.dll, TestLoggerManager.HandleTestRunComplete: Ignoring as the object is disposed.
TpTrace Verbose: 0 : 82408, 11, 2022/12/14, 22:42:28.621, 220243772771, vstest.console.dll, MulticastDelegateUtilities.SafeInvoke: TestRun.TestRunComplete: Invoking callback 1/2 for Microsoft.VisualStudio.TestPlatform.CommandLine.TestRunResultAggregator., took 0 ms.
TpTrace Verbose: 0 : 82408, 11, 2022/12/14, 22:42:28.622, 220243775119, vstest.console.dll, MulticastDelegateUtilities.SafeInvoke: TestRun.TestRunComplete: Invoking callback 2/2 for Microsoft.VisualStudio.TestPlatform.CommandLine.Processors.RunTestsArgumentExecutor+TestRunRequestEventsRegistrar., took 0 ms.
TpTrace Information: 0 : 82408, 11, 2022/12/14, 22:42:28.622, 220243776697, vstest.console.dll, TestRunRequest:TestRunComplete: Completed.
TpTrace Verbose: 0 : 82408, 1, 2022/12/14, 22:42:28.622, 220243777125, vstest.console.dll, TestRunRequest.Dispose: Starting.
TpTrace Verbose: 0 : 82408, 11, 2022/12/14, 22:42:28.622, 220243777438, vstest.console.dll, TestRequestSender.SetOperationComplete: Setting operation complete.
TpTrace Information: 0 : 82408, 1, 2022/12/14, 22:42:28.622, 220243778191, vstest.console.dll, TestRunRequest.Dispose: Completed.
TpTrace Information: 0 : 82408, 11, 2022/12/14, 22:42:28.622, 220243778732, vstest.console.dll, SocketServer.Stop: Stop server endPoint: 127.0.0.1:27451
TpTrace Information: 0 : 82408, 1, 2022/12/14, 22:42:28.622, 220243779421, vstest.console.dll, TestRequestManager.RunTests: run tests completed.
TpTrace Information: 0 : 82408, 11, 2022/12/14, 22:42:28.622, 220243780063, vstest.console.dll, SocketServer.Stop: Cancellation requested. Stopping message loop.
TpTrace Verbose: 0 : 82408, 11, 2022/12/14, 22:42:28.622, 220243781265, vstest.console.dll, MulticastDelegateUtilities.SafeInvoke: LengthPrefixCommunicationChannel: MessageReceived: Invoking callback 1/1 for Microsoft.VisualStudio.TestPlatform.CommunicationUtilities.TestRequestSender+<>c__DisplayClass31_0., took 163 ms.
TpTrace Information: 0 : 82408, 1, 2022/12/14, 22:42:28.622, 220243781468, vstest.console.dll, RunTestsArgumentProcessor:Execute: Test run is completed.
TpTrace Information: 0 : 82408, 11, 2022/12/14, 22:42:28.622, 220243781955, vstest.console.dll, SocketServer.PrivateStop: Stopping server endPoint: 127.0.0.1:27451 error: 
TpTrace Verbose: 0 : 82408, 1, 2022/12/14, 22:42:28.622, 220243784091, vstest.console.dll, Executor.Execute: Exiting with exit code of 0
TpTrace Verbose: 0 : 82408, 11, 2022/12/14, 22:42:28.623, 220243788780, vstest.console.dll, LengthPrefixCommunicationChannel.Dispose: Dispose reader and writer.
