<?xml version="1.0" encoding="utf-8"?>
<coverage line-rate="0.523" branch-rate="0.5416" version="1.9" timestamp="1671068548" lines-covered="216" lines-valid="413" branches-covered="26" branches-valid="48">
  <sources>
    <source>C:\Users\aline\</source>
  </sources>
  <packages>
    <package name="TryitterSolution.UnitTests" line-rate="0.9934000000000001" branch-rate="0.6666" complexity="34">
      <classes>
        <class name="AutoGeneratedProgram" filename=".nuget\packages\microsoft.net.test.sdk\17.3.2\build\netcoreapp2.1\Microsoft.NET.Test.Sdk.Program.cs" line-rate="0" branch-rate="1" complexity="1">
          <methods>
            <method name="Main" signature="(System.String[])" line-rate="0" branch-rate="1" complexity="1">
              <lines>
                <line number="4" hits="0" branch="False" />
              </lines>
            </method>
          </methods>
          <lines>
            <line number="4" hits="0" branch="False" />
          </lines>
        </class>
        <class name="TryitterSolution.UnitTests.Services.PostServiceTests" filename="Desktop\ProjetoFinal\Tryitter\TryitterSolution\tests\TryitterSolution.UnitTests\Services\PostServiceTests.cs" line-rate="1" branch-rate="1" complexity="4">
          <methods>
            <method name="BuildPostService" signature="()" line-rate="1" branch-rate="1" complexity="1">
              <lines>
                <line number="25" hits="6" branch="False" />
                <line number="26" hits="6" branch="False" />
                <line number="27" hits="6" branch="False" />
              </lines>
            </method>
            <method name="DeveSerPossivelObterTodosOsPosts" signature="()" line-rate="1" branch-rate="1" complexity="2">
              <lines>
                <line number="140" hits="1" branch="False" />
                <line number="142" hits="1" branch="False" />
                <line number="143" hits="1" branch="False" />
                <line number="145" hits="1" branch="False" />
                <line number="146" hits="1" branch="False" />
                <line number="147" hits="1" branch="False" />
                <line number="149" hits="1" branch="False" />
                <line number="152" hits="1" branch="False" />
                <line number="155" hits="1" branch="False" />
                <line number="157" hits="1" branch="True" condition-coverage="100% (2/2)">
                  <conditions>
                    <condition number="304" type="jump" coverage="100%" />
                  </conditions>
                </line>
                <line number="159" hits="1" branch="False" />
              </lines>
            </method>
            <method name=".ctor" signature="()" line-rate="1" branch-rate="1" complexity="1">
              <lines>
                <line number="18" hits="6" branch="False" />
                <line number="19" hits="6" branch="False" />
                <line number="20" hits="6" branch="False" />
                <line number="21" hits="6" branch="False" />
                <line number="22" hits="6" branch="False" />
              </lines>
            </method>
          </methods>
          <lines>
            <line number="25" hits="6" branch="False" />
            <line number="26" hits="6" branch="False" />
            <line number="27" hits="6" branch="False" />
            <line number="140" hits="1" branch="False" />
            <line number="142" hits="1" branch="False" />
            <line number="143" hits="1" branch="False" />
            <line number="145" hits="1" branch="False" />
            <line number="146" hits="1" branch="False" />
            <line number="147" hits="1" branch="False" />
            <line number="149" hits="1" branch="False" />
            <line number="152" hits="1" branch="False" />
            <line number="155" hits="1" branch="False" />
            <line number="157" hits="1" branch="True" condition-coverage="100% (2/2)">
              <conditions>
                <condition number="304" type="jump" coverage="100%" />
              </conditions>
            </line>
            <line number="159" hits="1" branch="False" />
            <line number="18" hits="6" branch="False" />
            <line number="19" hits="6" branch="False" />
            <line number="20" hits="6" branch="False" />
            <line number="21" hits="6" branch="False" />
            <line number="22" hits="6" branch="False" />
          </lines>
        </class>
        <class name="TryitterSolution.UnitTests.Services.PostServiceTests/&lt;&gt;c__DisplayClass6_0" filename="Desktop\ProjetoFinal\Tryitter\TryitterSolution\tests\TryitterSolution.UnitTests\Services\PostServiceTests.cs" line-rate="1" branch-rate="1" complexity="1">
          <methods>
            <method name="&lt;NaoDeveSerPossivelAlterarUmPostQuandoForInvalido&gt;b__0" signature="()" line-rate="1" branch-rate="1" complexity="1">
              <lines>
                <line number="81" hits="2" branch="False" />
              </lines>
            </method>
          </methods>
          <lines>
            <line number="81" hits="2" branch="False" />
          </lines>
        </class>
        <class name="TryitterSolution.UnitTests.Services.PostServiceTests/&lt;&gt;c__DisplayClass8_0" filename="Desktop\ProjetoFinal\Tryitter\TryitterSolution\tests\TryitterSolution.UnitTests\Services\PostServiceTests.cs" line-rate="1" branch-rate="1" complexity="1">
          <methods>
            <method name="&lt;NaoDeveSerPossivelDeletarUmPostQuandoForInvalido&gt;b__0" signature="()" line-rate="1" branch-rate="1" complexity="1">
              <lines>
                <line number="127" hits="2" branch="False" />
              </lines>
            </method>
          </methods>
          <lines>
            <line number="127" hits="2" branch="False" />
          </lines>
        </class>
        <class name="TryitterSolution.UnitTests.Services.PostServiceTests/&lt;DeveSerPossivelAdicionarUmPost&gt;d__4" filename="Desktop\ProjetoFinal\Tryitter\TryitterSolution\tests\TryitterSolution.UnitTests\Services\PostServiceTests.cs" line-rate="1" branch-rate="0.5" complexity="2">
          <methods>
            <method name="MoveNext" signature="()" line-rate="1" branch-rate="0.5" complexity="2">
              <lines>
                <line number="31" hits="1" branch="False" />
                <line number="33" hits="1" branch="False" />
                <line number="34" hits="1" branch="False" />
                <line number="36" hits="1" branch="False" />
                <line number="39" hits="1" branch="False" />
                <line number="42" hits="1" branch="True" condition-coverage="50% (1/2)">
                  <conditions>
                    <condition number="371" type="jump" coverage="50%" />
                  </conditions>
                </line>
                <line number="43" hits="1" branch="False" />
              </lines>
            </method>
          </methods>
          <lines>
            <line number="31" hits="1" branch="False" />
            <line number="33" hits="1" branch="False" />
            <line number="34" hits="1" branch="False" />
            <line number="36" hits="1" branch="False" />
            <line number="39" hits="1" branch="False" />
            <line number="42" hits="1" branch="True" condition-coverage="50% (1/2)">
              <conditions>
                <condition number="371" type="jump" coverage="50%" />
              </conditions>
            </line>
            <line number="43" hits="1" branch="False" />
          </lines>
        </class>
        <class name="TryitterSolution.UnitTests.Services.PostServiceTests/&lt;DeveSerPossivelAlterarUmPost&gt;d__5" filename="Desktop\ProjetoFinal\Tryitter\TryitterSolution\tests\TryitterSolution.UnitTests\Services\PostServiceTests.cs" line-rate="1" branch-rate="0.5" complexity="2">
          <methods>
            <method name="MoveNext" signature="()" line-rate="1" branch-rate="0.5" complexity="2">
              <lines>
                <line number="47" hits="1" branch="False" />
                <line number="49" hits="1" branch="False" />
                <line number="50" hits="1" branch="False" />
                <line number="51" hits="1" branch="False" />
                <line number="53" hits="1" branch="False" />
                <line number="55" hits="1" branch="False" />
                <line number="56" hits="1" branch="False" />
                <line number="57" hits="1" branch="False" />
                <line number="59" hits="1" branch="False" />
                <line number="62" hits="1" branch="False" />
                <line number="65" hits="1" branch="True" condition-coverage="50% (1/2)">
                  <conditions>
                    <condition number="724" type="jump" coverage="50%" />
                  </conditions>
                </line>
                <line number="66" hits="1" branch="False" />
              </lines>
            </method>
          </methods>
          <lines>
            <line number="47" hits="1" branch="False" />
            <line number="49" hits="1" branch="False" />
            <line number="50" hits="1" branch="False" />
            <line number="51" hits="1" branch="False" />
            <line number="53" hits="1" branch="False" />
            <line number="55" hits="1" branch="False" />
            <line number="56" hits="1" branch="False" />
            <line number="57" hits="1" branch="False" />
            <line number="59" hits="1" branch="False" />
            <line number="62" hits="1" branch="False" />
            <line number="65" hits="1" branch="True" condition-coverage="50% (1/2)">
              <conditions>
                <condition number="724" type="jump" coverage="50%" />
              </conditions>
            </line>
            <line number="66" hits="1" branch="False" />
          </lines>
        </class>
        <class name="TryitterSolution.UnitTests.Services.PostServiceTests/&lt;DeveSerPossivelDeletarUmPost&gt;d__7" filename="Desktop\ProjetoFinal\Tryitter\TryitterSolution\tests\TryitterSolution.UnitTests\Services\PostServiceTests.cs" line-rate="1" branch-rate="0.5" complexity="2">
          <methods>
            <method name="MoveNext" signature="()" line-rate="1" branch-rate="0.5" complexity="2">
              <lines>
                <line number="97" hits="1" branch="False" />
                <line number="100" hits="1" branch="False" />
                <line number="102" hits="1" branch="False" />
                <line number="104" hits="1" branch="False" />
                <line number="105" hits="1" branch="False" />
                <line number="106" hits="1" branch="False" />
                <line number="108" hits="1" branch="False" />
                <line number="111" hits="1" branch="False" />
                <line number="114" hits="1" branch="True" condition-coverage="50% (1/2)">
                  <conditions>
                    <condition number="531" type="jump" coverage="50%" />
                  </conditions>
                </line>
                <line number="115" hits="1" branch="False" />
              </lines>
            </method>
          </methods>
          <lines>
            <line number="97" hits="1" branch="False" />
            <line number="100" hits="1" branch="False" />
            <line number="102" hits="1" branch="False" />
            <line number="104" hits="1" branch="False" />
            <line number="105" hits="1" branch="False" />
            <line number="106" hits="1" branch="False" />
            <line number="108" hits="1" branch="False" />
            <line number="111" hits="1" branch="False" />
            <line number="114" hits="1" branch="True" condition-coverage="50% (1/2)">
              <conditions>
                <condition number="531" type="jump" coverage="50%" />
              </conditions>
            </line>
            <line number="115" hits="1" branch="False" />
          </lines>
        </class>
        <class name="TryitterSolution.UnitTests.Services.PostServiceTests/&lt;NaoDeveSerPossivelAlterarUmPostQuandoForInvalido&gt;d__6" filename="Desktop\ProjetoFinal\Tryitter\TryitterSolution\tests\TryitterSolution.UnitTests\Services\PostServiceTests.cs" line-rate="1" branch-rate="0.5" complexity="2">
          <methods>
            <method name="MoveNext" signature="()" line-rate="1" branch-rate="0.5" complexity="2">
              <lines>
                <line number="70" hits="1" branch="False" />
                <line number="72" hits="1" branch="False" />
                <line number="73" hits="1" branch="False" />
                <line number="74" hits="1" branch="False" />
                <line number="76" hits="1" branch="False" />
                <line number="78" hits="1" branch="False" />
                <line number="84" hits="1" branch="False" />
                <line number="85" hits="1" branch="False" />
                <line number="86" hits="1" branch="False" />
                <line number="88" hits="1" branch="True" condition-coverage="50% (1/2)">
                  <conditions>
                    <condition number="568" type="jump" coverage="50%" />
                  </conditions>
                </line>
                <line number="89" hits="1" branch="False" />
                <line number="90" hits="1" branch="False" />
                <line number="91" hits="1" branch="False" />
                <line number="92" hits="1" branch="False" />
                <line number="93" hits="1" branch="False" />
              </lines>
            </method>
          </methods>
          <lines>
            <line number="70" hits="1" branch="False" />
            <line number="72" hits="1" branch="False" />
            <line number="73" hits="1" branch="False" />
            <line number="74" hits="1" branch="False" />
            <line number="76" hits="1" branch="False" />
            <line number="78" hits="1" branch="False" />
            <line number="84" hits="1" branch="False" />
            <line number="85" hits="1" branch="False" />
            <line number="86" hits="1" branch="False" />
            <line number="88" hits="1" branch="True" condition-coverage="50% (1/2)">
              <conditions>
                <condition number="568" type="jump" coverage="50%" />
              </conditions>
            </line>
            <line number="89" hits="1" branch="False" />
            <line number="90" hits="1" branch="False" />
            <line number="91" hits="1" branch="False" />
            <line number="92" hits="1" branch="False" />
            <line number="93" hits="1" branch="False" />
          </lines>
        </class>
        <class name="TryitterSolution.UnitTests.Services.PostServiceTests/&lt;NaoDeveSerPossivelDeletarUmPostQuandoForInvalido&gt;d__8" filename="Desktop\ProjetoFinal\Tryitter\TryitterSolution\tests\TryitterSolution.UnitTests\Services\PostServiceTests.cs" line-rate="1" branch-rate="1" complexity="2">
          <methods>
            <method name="MoveNext" signature="()" line-rate="1" branch-rate="1" complexity="2">
              <lines>
                <line number="119" hits="1" branch="False" />
                <line number="120" hits="1" branch="False" />
                <line number="122" hits="1" branch="False" />
                <line number="124" hits="1" branch="False" />
                <line number="130" hits="1" branch="False" />
                <line number="131" hits="1" branch="False" />
                <line number="132" hits="1" branch="False" />
                <line number="134" hits="1" branch="True" condition-coverage="100% (2/2)">
                  <conditions>
                    <condition number="427" type="jump" coverage="100%" />
                  </conditions>
                </line>
                <line number="135" hits="1" branch="False" />
                <line number="136" hits="1" branch="False" />
              </lines>
            </method>
          </methods>
          <lines>
            <line number="119" hits="1" branch="False" />
            <line number="120" hits="1" branch="False" />
            <line number="122" hits="1" branch="False" />
            <line number="124" hits="1" branch="False" />
            <line number="130" hits="1" branch="False" />
            <line number="131" hits="1" branch="False" />
            <line number="132" hits="1" branch="False" />
            <line number="134" hits="1" branch="True" condition-coverage="100% (2/2)">
              <conditions>
                <condition number="427" type="jump" coverage="100%" />
              </conditions>
            </line>
            <line number="135" hits="1" branch="False" />
            <line number="136" hits="1" branch="False" />
          </lines>
        </class>
        <class name="TryitterSolution.UnitTests.Services.UserServiceTests" filename="Desktop\ProjetoFinal\Tryitter\TryitterSolution\tests\TryitterSolution.UnitTests\Services\UserServiceTests.cs" line-rate="1" branch-rate="1" complexity="2">
          <methods>
            <method name="BuildUserService" signature="()" line-rate="1" branch-rate="1" complexity="1">
              <lines>
                <line number="24" hits="6" branch="False" />
                <line number="25" hits="6" branch="False" />
                <line number="26" hits="6" branch="False" />
              </lines>
            </method>
            <method name=".ctor" signature="()" line-rate="1" branch-rate="1" complexity="1">
              <lines>
                <line number="17" hits="6" branch="False" />
                <line number="18" hits="6" branch="False" />
                <line number="19" hits="6" branch="False" />
                <line number="20" hits="6" branch="False" />
                <line number="21" hits="6" branch="False" />
              </lines>
            </method>
          </methods>
          <lines>
            <line number="24" hits="6" branch="False" />
            <line number="25" hits="6" branch="False" />
            <line number="26" hits="6" branch="False" />
            <line number="17" hits="6" branch="False" />
            <line number="18" hits="6" branch="False" />
            <line number="19" hits="6" branch="False" />
            <line number="20" hits="6" branch="False" />
            <line number="21" hits="6" branch="False" />
          </lines>
        </class>
        <class name="TryitterSolution.UnitTests.Services.UserServiceTests/&lt;&gt;c__DisplayClass5_0" filename="Desktop\ProjetoFinal\Tryitter\TryitterSolution\tests\TryitterSolution.UnitTests\Services\UserServiceTests.cs" line-rate="1" branch-rate="1" complexity="1">
          <methods>
            <method name="&lt;NaoDeveSerPossivelAdicionarUmUsuarioQuandoForInvalido&gt;b__1" signature="()" line-rate="1" branch-rate="1" complexity="1">
              <lines>
                <line number="59" hits="2" branch="False" />
              </lines>
            </method>
          </methods>
          <lines>
            <line number="59" hits="2" branch="False" />
          </lines>
        </class>
        <class name="TryitterSolution.UnitTests.Services.UserServiceTests/&lt;&gt;c__DisplayClass7_0" filename="Desktop\ProjetoFinal\Tryitter\TryitterSolution\tests\TryitterSolution.UnitTests\Services\UserServiceTests.cs" line-rate="1" branch-rate="1" complexity="1">
          <methods>
            <method name="&lt;NaoDeveSerPossivelAlterarSenhaDeUmUsuarioQuandoForInvalido&gt;b__0" signature="()" line-rate="1" branch-rate="1" complexity="1">
              <lines>
                <line number="103" hits="2" branch="False" />
              </lines>
            </method>
          </methods>
          <lines>
            <line number="103" hits="2" branch="False" />
          </lines>
        </class>
        <class name="TryitterSolution.UnitTests.Services.UserServiceTests/&lt;&gt;c__DisplayClass9_0" filename="Desktop\ProjetoFinal\Tryitter\TryitterSolution\tests\TryitterSolution.UnitTests\Services\UserServiceTests.cs" line-rate="1" branch-rate="1" complexity="1">
          <methods>
            <method name="&lt;NaoDeveSerPossivelDeletarUmUsuarioQuandoForInvalido&gt;b__0" signature="()" line-rate="1" branch-rate="1" complexity="1">
              <lines>
                <line number="147" hits="2" branch="False" />
              </lines>
            </method>
          </methods>
          <lines>
            <line number="147" hits="2" branch="False" />
          </lines>
        </class>
        <class name="TryitterSolution.UnitTests.Services.UserServiceTests/&lt;DeveSerPossivelAdicionarUmUsuario&gt;d__4" filename="Desktop\ProjetoFinal\Tryitter\TryitterSolution\tests\TryitterSolution.UnitTests\Services\UserServiceTests.cs" line-rate="1" branch-rate="1" complexity="2">
          <methods>
            <method name="MoveNext" signature="()" line-rate="1" branch-rate="1" complexity="2">
              <lines>
                <line number="30" hits="1" branch="False" />
                <line number="32" hits="1" branch="False" />
                <line number="33" hits="1" branch="False" />
                <line number="36" hits="1" branch="False" />
                <line number="39" hits="1" branch="False" />
                <line number="42" hits="1" branch="True" condition-coverage="100% (2/2)">
                  <conditions>
                    <condition number="371" type="jump" coverage="100%" />
                  </conditions>
                </line>
                <line number="43" hits="1" branch="False" />
              </lines>
            </method>
          </methods>
          <lines>
            <line number="30" hits="1" branch="False" />
            <line number="32" hits="1" branch="False" />
            <line number="33" hits="1" branch="False" />
            <line number="36" hits="1" branch="False" />
            <line number="39" hits="1" branch="False" />
            <line number="42" hits="1" branch="True" condition-coverage="100% (2/2)">
              <conditions>
                <condition number="371" type="jump" coverage="100%" />
              </conditions>
            </line>
            <line number="43" hits="1" branch="False" />
          </lines>
        </class>
        <class name="TryitterSolution.UnitTests.Services.UserServiceTests/&lt;DeveSerPossivelAlterarSenhaDeUmUsuario&gt;d__6" filename="Desktop\ProjetoFinal\Tryitter\TryitterSolution\tests\TryitterSolution.UnitTests\Services\UserServiceTests.cs" line-rate="1" branch-rate="0.5" complexity="2">
          <methods>
            <method name="MoveNext" signature="()" line-rate="1" branch-rate="0.5" complexity="2">
              <lines>
                <line number="73" hits="1" branch="False" />
                <line number="75" hits="1" branch="False" />
                <line number="76" hits="1" branch="False" />
                <line number="77" hits="1" branch="False" />
                <line number="79" hits="1" branch="False" />
                <line number="80" hits="1" branch="False" />
                <line number="81" hits="1" branch="False" />
                <line number="83" hits="1" branch="False" />
                <line number="86" hits="1" branch="False" />
                <line number="89" hits="1" branch="True" condition-coverage="50% (1/2)">
                  <conditions>
                    <condition number="647" type="jump" coverage="50%" />
                  </conditions>
                </line>
                <line number="90" hits="1" branch="False" />
              </lines>
            </method>
          </methods>
          <lines>
            <line number="73" hits="1" branch="False" />
            <line number="75" hits="1" branch="False" />
            <line number="76" hits="1" branch="False" />
            <line number="77" hits="1" branch="False" />
            <line number="79" hits="1" branch="False" />
            <line number="80" hits="1" branch="False" />
            <line number="81" hits="1" branch="False" />
            <line number="83" hits="1" branch="False" />
            <line number="86" hits="1" branch="False" />
            <line number="89" hits="1" branch="True" condition-coverage="50% (1/2)">
              <conditions>
                <condition number="647" type="jump" coverage="50%" />
              </conditions>
            </line>
            <line number="90" hits="1" branch="False" />
          </lines>
        </class>
        <class name="TryitterSolution.UnitTests.Services.UserServiceTests/&lt;DeveSerPossivelDeletarUmUsuario&gt;d__8" filename="Desktop\ProjetoFinal\Tryitter\TryitterSolution\tests\TryitterSolution.UnitTests\Services\UserServiceTests.cs" line-rate="1" branch-rate="0.5" complexity="2">
          <methods>
            <method name="MoveNext" signature="()" line-rate="1" branch-rate="0.5" complexity="2">
              <lines>
                <line number="118" hits="1" branch="False" />
                <line number="120" hits="1" branch="False" />
                <line number="122" hits="1" branch="False" />
                <line number="124" hits="1" branch="False" />
                <line number="125" hits="1" branch="False" />
                <line number="126" hits="1" branch="False" />
                <line number="128" hits="1" branch="False" />
                <line number="131" hits="1" branch="False" />
                <line number="134" hits="1" branch="True" condition-coverage="50% (1/2)">
                  <conditions>
                    <condition number="531" type="jump" coverage="50%" />
                  </conditions>
                </line>
                <line number="135" hits="1" branch="False" />
              </lines>
            </method>
          </methods>
          <lines>
            <line number="118" hits="1" branch="False" />
            <line number="120" hits="1" branch="False" />
            <line number="122" hits="1" branch="False" />
            <line number="124" hits="1" branch="False" />
            <line number="125" hits="1" branch="False" />
            <line number="126" hits="1" branch="False" />
            <line number="128" hits="1" branch="False" />
            <line number="131" hits="1" branch="False" />
            <line number="134" hits="1" branch="True" condition-coverage="50% (1/2)">
              <conditions>
                <condition number="531" type="jump" coverage="50%" />
              </conditions>
            </line>
            <line number="135" hits="1" branch="False" />
          </lines>
        </class>
        <class name="TryitterSolution.UnitTests.Services.UserServiceTests/&lt;NaoDeveSerPossivelAdicionarUmUsuarioQuandoForInvalido&gt;d__5" filename="Desktop\ProjetoFinal\Tryitter\TryitterSolution\tests\TryitterSolution.UnitTests\Services\UserServiceTests.cs" line-rate="1" branch-rate="0.5" complexity="2">
          <methods>
            <method name="MoveNext" signature="()" line-rate="1" branch-rate="0.5" complexity="2">
              <lines>
                <line number="47" hits="1" branch="False" />
                <line number="49" hits="1" branch="False" />
                <line number="50" hits="1" branch="False" />
                <line number="52" hits="1" branch="False" />
                <line number="53" hits="1" branch="False" />
                <line number="54" hits="1" branch="False" />
                <line number="56" hits="1" branch="False" />
                <line number="62" hits="1" branch="False" />
                <line number="63" hits="1" branch="False" />
                <line number="64" hits="1" branch="False" />
                <line number="66" hits="1" branch="True" condition-coverage="50% (1/2)">
                  <conditions>
                    <condition number="582" type="jump" coverage="50%" />
                  </conditions>
                </line>
                <line number="67" hits="1" branch="False" />
                <line number="68" hits="1" branch="False" />
                <line number="69" hits="1" branch="False" />
              </lines>
            </method>
          </methods>
          <lines>
            <line number="47" hits="1" branch="False" />
            <line number="49" hits="1" branch="False" />
            <line number="50" hits="1" branch="False" />
            <line number="52" hits="1" branch="False" />
            <line number="53" hits="1" branch="False" />
            <line number="54" hits="1" branch="False" />
            <line number="56" hits="1" branch="False" />
            <line number="62" hits="1" branch="False" />
            <line number="63" hits="1" branch="False" />
            <line number="64" hits="1" branch="False" />
            <line number="66" hits="1" branch="True" condition-coverage="50% (1/2)">
              <conditions>
                <condition number="582" type="jump" coverage="50%" />
              </conditions>
            </line>
            <line number="67" hits="1" branch="False" />
            <line number="68" hits="1" branch="False" />
            <line number="69" hits="1" branch="False" />
          </lines>
        </class>
        <class name="TryitterSolution.UnitTests.Services.UserServiceTests/&lt;NaoDeveSerPossivelAlterarSenhaDeUmUsuarioQuandoForInvalido&gt;d__7" filename="Desktop\ProjetoFinal\Tryitter\TryitterSolution\tests\TryitterSolution.UnitTests\Services\UserServiceTests.cs" line-rate="1" branch-rate="0.5" complexity="2">
          <methods>
            <method name="MoveNext" signature="()" line-rate="1" branch-rate="0.5" complexity="2">
              <lines>
                <line number="94" hits="1" branch="False" />
                <line number="96" hits="1" branch="False" />
                <line number="97" hits="1" branch="False" />
                <line number="98" hits="1" branch="False" />
                <line number="100" hits="1" branch="False" />
                <line number="106" hits="1" branch="False" />
                <line number="107" hits="1" branch="False" />
                <line number="108" hits="1" branch="False" />
                <line number="110" hits="1" branch="True" condition-coverage="50% (1/2)">
                  <conditions>
                    <condition number="512" type="jump" coverage="50%" />
                  </conditions>
                </line>
                <line number="111" hits="1" branch="False" />
                <line number="112" hits="1" branch="False" />
                <line number="113" hits="1" branch="False" />
                <line number="114" hits="1" branch="False" />
              </lines>
            </method>
          </methods>
          <lines>
            <line number="94" hits="1" branch="False" />
            <line number="96" hits="1" branch="False" />
            <line number="97" hits="1" branch="False" />
            <line number="98" hits="1" branch="False" />
            <line number="100" hits="1" branch="False" />
            <line number="106" hits="1" branch="False" />
            <line number="107" hits="1" branch="False" />
            <line number="108" hits="1" branch="False" />
            <line number="110" hits="1" branch="True" condition-coverage="50% (1/2)">
              <conditions>
                <condition number="512" type="jump" coverage="50%" />
              </conditions>
            </line>
            <line number="111" hits="1" branch="False" />
            <line number="112" hits="1" branch="False" />
            <line number="113" hits="1" branch="False" />
            <line number="114" hits="1" branch="False" />
          </lines>
        </class>
        <class name="TryitterSolution.UnitTests.Services.UserServiceTests/&lt;NaoDeveSerPossivelDeletarUmUsuarioQuandoForInvalido&gt;d__9" filename="Desktop\ProjetoFinal\Tryitter\TryitterSolution\tests\TryitterSolution.UnitTests\Services\UserServiceTests.cs" line-rate="1" branch-rate="1" complexity="2">
          <methods>
            <method name="MoveNext" signature="()" line-rate="1" branch-rate="1" complexity="2">
              <lines>
                <line number="139" hits="1" branch="False" />
                <line number="141" hits="1" branch="False" />
                <line number="142" hits="1" branch="False" />
                <line number="144" hits="1" branch="False" />
                <line number="150" hits="1" branch="False" />
                <line number="151" hits="1" branch="False" />
                <line number="152" hits="1" branch="False" />
                <line number="154" hits="1" branch="True" condition-coverage="100% (2/2)">
                  <conditions>
                    <condition number="427" type="jump" coverage="100%" />
                  </conditions>
                </line>
                <line number="155" hits="1" branch="False" />
                <line number="156" hits="1" branch="False" />
              </lines>
            </method>
          </methods>
          <lines>
            <line number="139" hits="1" branch="False" />
            <line number="141" hits="1" branch="False" />
            <line number="142" hits="1" branch="False" />
            <line number="144" hits="1" branch="False" />
            <line number="150" hits="1" branch="False" />
            <line number="151" hits="1" branch="False" />
            <line number="152" hits="1" branch="False" />
            <line number="154" hits="1" branch="True" condition-coverage="100% (2/2)">
              <conditions>
                <condition number="427" type="jump" coverage="100%" />
              </conditions>
            </line>
            <line number="155" hits="1" branch="False" />
            <line number="156" hits="1" branch="False" />
          </lines>
        </class>
      </classes>
    </package>
    <package name="TryitterSolution.WebAPI" line-rate="0.249" branch-rate="0.41659999999999997" complexity="80">
      <classes>
        <class name="Program" filename="Desktop\ProjetoFinal\Tryitter\TryitterSolution\src\TryitterSolution.WebAPI\Program.cs" line-rate="0" branch-rate="0" complexity="2">
          <methods>
            <method name="&lt;Main&gt;$" signature="(System.String[])" line-rate="0" branch-rate="0" complexity="2">
              <lines>
                <line number="3" hits="0" branch="False" />
                <line number="5" hits="0" branch="False" />
                <line number="6" hits="0" branch="False" />
                <line number="7" hits="0" branch="False" />
                <line number="8" hits="0" branch="False" />
                <line number="9" hits="0" branch="False" />
                <line number="10" hits="0" branch="False" />
                <line number="12" hits="0" branch="False" />
                <line number="14" hits="0" branch="True" condition-coverage="0% (0/2)">
                  <conditions>
                    <condition number="111" type="jump" coverage="0%" />
                  </conditions>
                </line>
                <line number="15" hits="0" branch="False" />
                <line number="16" hits="0" branch="False" />
                <line number="17" hits="0" branch="False" />
                <line number="19" hits="0" branch="False" />
                <line number="20" hits="0" branch="False" />
                <line number="21" hits="0" branch="False" />
                <line number="22" hits="0" branch="False" />
                <line number="23" hits="0" branch="False" />
              </lines>
            </method>
          </methods>
          <lines>
            <line number="3" hits="0" branch="False" />
            <line number="5" hits="0" branch="False" />
            <line number="6" hits="0" branch="False" />
            <line number="7" hits="0" branch="False" />
            <line number="8" hits="0" branch="False" />
            <line number="9" hits="0" branch="False" />
            <line number="10" hits="0" branch="False" />
            <line number="12" hits="0" branch="False" />
            <line number="14" hits="0" branch="True" condition-coverage="0% (0/2)">
              <conditions>
                <condition number="111" type="jump" coverage="0%" />
              </conditions>
            </line>
            <line number="15" hits="0" branch="False" />
            <line number="16" hits="0" branch="False" />
            <line number="17" hits="0" branch="False" />
            <line number="19" hits="0" branch="False" />
            <line number="20" hits="0" branch="False" />
            <line number="21" hits="0" branch="False" />
            <line number="22" hits="0" branch="False" />
            <line number="23" hits="0" branch="False" />
          </lines>
        </class>
        <class name="TryitterSolution.WebAPI.ViewModels.AddPostViewModel" filename="Desktop\ProjetoFinal\Tryitter\TryitterSolution\src\TryitterSolution.WebAPI\ViewModels\AddPostViewModel.cs" line-rate="0" branch-rate="1" complexity="3">
          <methods>
            <method name="get_Text" signature="()" line-rate="0" branch-rate="1" complexity="1">
              <lines>
                <line number="12" hits="0" branch="False" />
              </lines>
            </method>
            <method name="get_Imagem" signature="()" line-rate="0" branch-rate="1" complexity="1">
              <lines>
                <line number="16" hits="0" branch="False" />
              </lines>
            </method>
            <method name="get_UserId" signature="()" line-rate="0" branch-rate="1" complexity="1">
              <lines>
                <line number="19" hits="0" branch="False" />
              </lines>
            </method>
          </methods>
          <lines>
            <line number="12" hits="0" branch="False" />
            <line number="16" hits="0" branch="False" />
            <line number="19" hits="0" branch="False" />
          </lines>
        </class>
        <class name="TryitterSolution.WebAPI.ViewModels.AddUserViewModel" filename="Desktop\ProjetoFinal\Tryitter\TryitterSolution\src\TryitterSolution.WebAPI\ViewModels\AddUserViewModel.cs" line-rate="0" branch-rate="1" complexity="3">
          <methods>
            <method name="get_FullName" signature="()" line-rate="0" branch-rate="1" complexity="1">
              <lines>
                <line number="10" hits="0" branch="False" />
              </lines>
            </method>
            <method name="get_Email" signature="()" line-rate="0" branch-rate="1" complexity="1">
              <lines>
                <line number="14" hits="0" branch="False" />
              </lines>
            </method>
            <method name="get_Password" signature="()" line-rate="0" branch-rate="1" complexity="1">
              <lines>
                <line number="18" hits="0" branch="False" />
              </lines>
            </method>
          </methods>
          <lines>
            <line number="10" hits="0" branch="False" />
            <line number="14" hits="0" branch="False" />
            <line number="18" hits="0" branch="False" />
          </lines>
        </class>
        <class name="TryitterSolution.WebAPI.ViewModels.ChangePasswordViewModel" filename="Desktop\ProjetoFinal\Tryitter\TryitterSolution\src\TryitterSolution.WebAPI\ViewModels\ChangePasswordViewModel.cs" line-rate="0" branch-rate="1" complexity="2">
          <methods>
            <method name="get_UserId" signature="()" line-rate="0" branch-rate="1" complexity="1">
              <lines>
                <line number="11" hits="0" branch="False" />
              </lines>
            </method>
            <method name="get_NewPassword" signature="()" line-rate="0" branch-rate="1" complexity="1">
              <lines>
                <line number="15" hits="0" branch="False" />
              </lines>
            </method>
          </methods>
          <lines>
            <line number="11" hits="0" branch="False" />
            <line number="15" hits="0" branch="False" />
          </lines>
        </class>
        <class name="TryitterSolution.WebAPI.ViewModels.ChangePostViewModel" filename="Desktop\ProjetoFinal\Tryitter\TryitterSolution\src\TryitterSolution.WebAPI\ViewModels\ChangePostViewModel.cs" line-rate="0" branch-rate="1" complexity="4">
          <methods>
            <method name="get_PostId" signature="()" line-rate="0" branch-rate="1" complexity="1">
              <lines>
                <line number="9" hits="0" branch="False" />
              </lines>
            </method>
            <method name="get_Text" signature="()" line-rate="0" branch-rate="1" complexity="1">
              <lines>
                <line number="13" hits="0" branch="False" />
              </lines>
            </method>
            <method name="get_Imagem" signature="()" line-rate="0" branch-rate="1" complexity="1">
              <lines>
                <line number="17" hits="0" branch="False" />
              </lines>
            </method>
            <method name="get_UserId" signature="()" line-rate="0" branch-rate="1" complexity="1">
              <lines>
                <line number="20" hits="0" branch="False" />
              </lines>
            </method>
          </methods>
          <lines>
            <line number="9" hits="0" branch="False" />
            <line number="13" hits="0" branch="False" />
            <line number="17" hits="0" branch="False" />
            <line number="20" hits="0" branch="False" />
          </lines>
        </class>
        <class name="TryitterSolution.WebAPI.ViewModels.LoginViewModel" filename="Desktop\ProjetoFinal\Tryitter\TryitterSolution\src\TryitterSolution.WebAPI\ViewModels\LoginViewModel.cs" line-rate="0" branch-rate="1" complexity="2">
          <methods>
            <method name="get_Email" signature="()" line-rate="0" branch-rate="1" complexity="1">
              <lines>
                <line number="10" hits="0" branch="False" />
              </lines>
            </method>
            <method name="get_Password" signature="()" line-rate="0" branch-rate="1" complexity="1">
              <lines>
                <line number="14" hits="0" branch="False" />
              </lines>
            </method>
          </methods>
          <lines>
            <line number="10" hits="0" branch="False" />
            <line number="14" hits="0" branch="False" />
          </lines>
        </class>
        <class name="TryitterSolution.WebAPI.ViewModels.PostViewModel" filename="Desktop\ProjetoFinal\Tryitter\TryitterSolution\src\TryitterSolution.WebAPI\ViewModels\PostViewModel.cs" line-rate="0" branch-rate="1" complexity="4">
          <methods>
            <method name="get_PostId" signature="()" line-rate="0" branch-rate="1" complexity="1">
              <lines>
                <line number="9" hits="0" branch="False" />
              </lines>
            </method>
            <method name="get_Text" signature="()" line-rate="0" branch-rate="1" complexity="1">
              <lines>
                <line number="13" hits="0" branch="False" />
              </lines>
            </method>
            <method name="get_Imagem" signature="()" line-rate="0" branch-rate="1" complexity="1">
              <lines>
                <line number="17" hits="0" branch="False" />
              </lines>
            </method>
            <method name="get_UserId" signature="()" line-rate="0" branch-rate="1" complexity="1">
              <lines>
                <line number="20" hits="0" branch="False" />
              </lines>
            </method>
          </methods>
          <lines>
            <line number="9" hits="0" branch="False" />
            <line number="13" hits="0" branch="False" />
            <line number="17" hits="0" branch="False" />
            <line number="20" hits="0" branch="False" />
          </lines>
        </class>
        <class name="TryitterSolution.WebAPI.ViewModels.UserViewModel" filename="Desktop\ProjetoFinal\Tryitter\TryitterSolution\src\TryitterSolution.WebAPI\ViewModels\UserViewModel.cs" line-rate="0" branch-rate="1" complexity="5">
          <methods>
            <method name="get_UserId" signature="()" line-rate="0" branch-rate="1" complexity="1">
              <lines>
                <line number="8" hits="0" branch="False" />
              </lines>
            </method>
            <method name="get_FullName" signature="()" line-rate="0" branch-rate="1" complexity="1">
              <lines>
                <line number="11" hits="0" branch="False" />
              </lines>
            </method>
            <method name="get_Email" signature="()" line-rate="0" branch-rate="1" complexity="1">
              <lines>
                <line number="14" hits="0" branch="False" />
              </lines>
            </method>
            <method name="get_Modulo" signature="()" line-rate="0" branch-rate="1" complexity="1">
              <lines>
                <line number="16" hits="0" branch="False" />
              </lines>
            </method>
            <method name="get_Status" signature="()" line-rate="0" branch-rate="1" complexity="1">
              <lines>
                <line number="19" hits="0" branch="False" />
              </lines>
            </method>
          </methods>
          <lines>
            <line number="8" hits="0" branch="False" />
            <line number="11" hits="0" branch="False" />
            <line number="14" hits="0" branch="False" />
            <line number="16" hits="0" branch="False" />
            <line number="19" hits="0" branch="False" />
          </lines>
        </class>
        <class name="TryitterSolution.WebAPI.Services.AuthService" filename="Desktop\ProjetoFinal\Tryitter\TryitterSolution\src\TryitterSolution.WebAPI\Services\AuthService.cs" line-rate="0" branch-rate="1" complexity="1">
          <methods>
            <method name="GenerateToken" signature="(System.String,System.String,System.String,TryitterSolution.WebAPI.Models.User)" line-rate="0" branch-rate="1" complexity="1">
              <lines>
                <line number="13" hits="0" branch="False" />
                <line number="14" hits="0" branch="False" />
                <line number="15" hits="0" branch="False" />
                <line number="16" hits="0" branch="False" />
                <line number="17" hits="0" branch="False" />
                <line number="18" hits="0" branch="False" />
                <line number="19" hits="0" branch="False" />
                <line number="21" hits="0" branch="False" />
                <line number="23" hits="0" branch="False" />
                <line number="25" hits="0" branch="False" />
                <line number="26" hits="0" branch="False" />
                <line number="27" hits="0" branch="False" />
                <line number="28" hits="0" branch="False" />
                <line number="29" hits="0" branch="False" />
                <line number="30" hits="0" branch="False" />
                <line number="32" hits="0" branch="False" />
                <line number="33" hits="0" branch="False" />
                <line number="34" hits="0" branch="False" />
              </lines>
            </method>
          </methods>
          <lines>
            <line number="13" hits="0" branch="False" />
            <line number="14" hits="0" branch="False" />
            <line number="15" hits="0" branch="False" />
            <line number="16" hits="0" branch="False" />
            <line number="17" hits="0" branch="False" />
            <line number="18" hits="0" branch="False" />
            <line number="19" hits="0" branch="False" />
            <line number="21" hits="0" branch="False" />
            <line number="23" hits="0" branch="False" />
            <line number="25" hits="0" branch="False" />
            <line number="26" hits="0" branch="False" />
            <line number="27" hits="0" branch="False" />
            <line number="28" hits="0" branch="False" />
            <line number="29" hits="0" branch="False" />
            <line number="30" hits="0" branch="False" />
            <line number="32" hits="0" branch="False" />
            <line number="33" hits="0" branch="False" />
            <line number="34" hits="0" branch="False" />
          </lines>
        </class>
        <class name="TryitterSolution.WebAPI.Services.PostService" filename="Desktop\ProjetoFinal\Tryitter\TryitterSolution\src\TryitterSolution.WebAPI\Services\PostService.cs" line-rate="1" branch-rate="1" complexity="2">
          <methods>
            <method name="GetAll" signature="(System.Threading.CancellationToken)" line-rate="1" branch-rate="1" complexity="1">
              <lines>
                <line number="44" hits="1" branch="False" />
                <line number="45" hits="1" branch="False" />
                <line number="46" hits="1" branch="False" />
              </lines>
            </method>
            <method name=".ctor" signature="(TryitterSolution.WebAPI.Interfaces.Repositories.IPostRepository)" line-rate="1" branch-rate="1" complexity="1">
              <lines>
                <line number="12" hits="6" branch="False" />
                <line number="13" hits="6" branch="False" />
                <line number="14" hits="6" branch="False" />
                <line number="15" hits="6" branch="False" />
              </lines>
            </method>
          </methods>
          <lines>
            <line number="44" hits="1" branch="False" />
            <line number="45" hits="1" branch="False" />
            <line number="46" hits="1" branch="False" />
            <line number="12" hits="6" branch="False" />
            <line number="13" hits="6" branch="False" />
            <line number="14" hits="6" branch="False" />
            <line number="15" hits="6" branch="False" />
          </lines>
        </class>
        <class name="TryitterSolution.WebAPI.Services.PostService/&lt;AddAsync&gt;d__2" filename="Desktop\ProjetoFinal\Tryitter\TryitterSolution\src\TryitterSolution.WebAPI\Services\PostService.cs" line-rate="1" branch-rate="1" complexity="1">
          <methods>
            <method name="MoveNext" signature="()" line-rate="1" branch-rate="1" complexity="1">
              <lines>
                <line number="18" hits="1" branch="False" />
                <line number="19" hits="1" branch="False" />
                <line number="20" hits="1" branch="False" />
              </lines>
            </method>
          </methods>
          <lines>
            <line number="18" hits="1" branch="False" />
            <line number="19" hits="1" branch="False" />
            <line number="20" hits="1" branch="False" />
          </lines>
        </class>
        <class name="TryitterSolution.WebAPI.Services.PostService/&lt;ChangePostAsync&gt;d__3" filename="Desktop\ProjetoFinal\Tryitter\TryitterSolution\src\TryitterSolution.WebAPI\Services\PostService.cs" line-rate="1" branch-rate="1" complexity="2">
          <methods>
            <method name="MoveNext" signature="()" line-rate="1" branch-rate="1" complexity="2">
              <lines>
                <line number="23" hits="2" branch="False" />
                <line number="24" hits="2" branch="False" />
                <line number="26" hits="2" branch="True" condition-coverage="100% (2/2)">
                  <conditions>
                    <condition number="168" type="jump" coverage="100%" />
                  </conditions>
                </line>
                <line number="27" hits="1" branch="False" />
                <line number="28" hits="1" branch="False" />
                <line number="30" hits="1" branch="False" />
                <line number="31" hits="1" branch="False" />
              </lines>
            </method>
          </methods>
          <lines>
            <line number="23" hits="2" branch="False" />
            <line number="24" hits="2" branch="False" />
            <line number="26" hits="2" branch="True" condition-coverage="100% (2/2)">
              <conditions>
                <condition number="168" type="jump" coverage="100%" />
              </conditions>
            </line>
            <line number="27" hits="1" branch="False" />
            <line number="28" hits="1" branch="False" />
            <line number="30" hits="1" branch="False" />
            <line number="31" hits="1" branch="False" />
          </lines>
        </class>
        <class name="TryitterSolution.WebAPI.Services.PostService/&lt;DeleteAsync&gt;d__4" filename="Desktop\ProjetoFinal\Tryitter\TryitterSolution\src\TryitterSolution.WebAPI\Services\PostService.cs" line-rate="1" branch-rate="1" complexity="2">
          <methods>
            <method name="MoveNext" signature="()" line-rate="1" branch-rate="1" complexity="2">
              <lines>
                <line number="33" hits="2" branch="False" />
                <line number="34" hits="2" branch="False" />
                <line number="36" hits="2" branch="True" condition-coverage="100% (2/2)">
                  <conditions>
                    <condition number="168" type="jump" coverage="100%" />
                  </conditions>
                </line>
                <line number="37" hits="1" branch="False" />
                <line number="38" hits="1" branch="False" />
                <line number="40" hits="1" branch="False" />
                <line number="41" hits="1" branch="False" />
              </lines>
            </method>
          </methods>
          <lines>
            <line number="33" hits="2" branch="False" />
            <line number="34" hits="2" branch="False" />
            <line number="36" hits="2" branch="True" condition-coverage="100% (2/2)">
              <conditions>
                <condition number="168" type="jump" coverage="100%" />
              </conditions>
            </line>
            <line number="37" hits="1" branch="False" />
            <line number="38" hits="1" branch="False" />
            <line number="40" hits="1" branch="False" />
            <line number="41" hits="1" branch="False" />
          </lines>
        </class>
        <class name="TryitterSolution.WebAPI.Services.UserService" filename="Desktop\ProjetoFinal\Tryitter\TryitterSolution\src\TryitterSolution.WebAPI\Services\UserService.cs" line-rate="0.5714" branch-rate="1" complexity="2">
          <methods>
            <method name="GetAll" signature="(System.Threading.CancellationToken)" line-rate="0" branch-rate="1" complexity="1">
              <lines>
                <line number="52" hits="0" branch="False" />
                <line number="53" hits="0" branch="False" />
                <line number="54" hits="0" branch="False" />
              </lines>
            </method>
            <method name=".ctor" signature="(TryitterSolution.WebAPI.Interfaces.Repositories.IUserRepository)" line-rate="1" branch-rate="1" complexity="1">
              <lines>
                <line number="12" hits="6" branch="False" />
                <line number="13" hits="6" branch="False" />
                <line number="14" hits="6" branch="False" />
                <line number="15" hits="6" branch="False" />
              </lines>
            </method>
          </methods>
          <lines>
            <line number="52" hits="0" branch="False" />
            <line number="53" hits="0" branch="False" />
            <line number="54" hits="0" branch="False" />
            <line number="12" hits="6" branch="False" />
            <line number="13" hits="6" branch="False" />
            <line number="14" hits="6" branch="False" />
            <line number="15" hits="6" branch="False" />
          </lines>
        </class>
        <class name="TryitterSolution.WebAPI.Services.UserService/&lt;AddAsync&gt;d__2" filename="Desktop\ProjetoFinal\Tryitter\TryitterSolution\src\TryitterSolution.WebAPI\Services\UserService.cs" line-rate="1" branch-rate="1" complexity="2">
          <methods>
            <method name="MoveNext" signature="()" line-rate="1" branch-rate="1" complexity="2">
              <lines>
                <line number="18" hits="2" branch="False" />
                <line number="19" hits="2" branch="True" condition-coverage="100% (2/2)">
                  <conditions>
                    <condition number="157" type="jump" coverage="100%" />
                  </conditions>
                </line>
                <line number="20" hits="1" branch="False" />
                <line number="21" hits="1" branch="False" />
                <line number="24" hits="1" branch="False" />
                <line number="25" hits="1" branch="False" />
              </lines>
            </method>
          </methods>
          <lines>
            <line number="18" hits="2" branch="False" />
            <line number="19" hits="2" branch="True" condition-coverage="100% (2/2)">
              <conditions>
                <condition number="157" type="jump" coverage="100%" />
              </conditions>
            </line>
            <line number="20" hits="1" branch="False" />
            <line number="21" hits="1" branch="False" />
            <line number="24" hits="1" branch="False" />
            <line number="25" hits="1" branch="False" />
          </lines>
        </class>
        <class name="TryitterSolution.WebAPI.Services.UserService/&lt;ChangePasswordAsync&gt;d__3" filename="Desktop\ProjetoFinal\Tryitter\TryitterSolution\src\TryitterSolution.WebAPI\Services\UserService.cs" line-rate="1" branch-rate="1" complexity="2">
          <methods>
            <method name="MoveNext" signature="()" line-rate="1" branch-rate="1" complexity="2">
              <lines>
                <line number="28" hits="2" branch="False" />
                <line number="29" hits="2" branch="False" />
                <line number="31" hits="2" branch="True" condition-coverage="100% (2/2)">
                  <conditions>
                    <condition number="168" type="jump" coverage="100%" />
                  </conditions>
                </line>
                <line number="32" hits="1" branch="False" />
                <line number="33" hits="1" branch="False" />
                <line number="36" hits="1" branch="False" />
                <line number="37" hits="1" branch="False" />
              </lines>
            </method>
          </methods>
          <lines>
            <line number="28" hits="2" branch="False" />
            <line number="29" hits="2" branch="False" />
            <line number="31" hits="2" branch="True" condition-coverage="100% (2/2)">
              <conditions>
                <condition number="168" type="jump" coverage="100%" />
              </conditions>
            </line>
            <line number="32" hits="1" branch="False" />
            <line number="33" hits="1" branch="False" />
            <line number="36" hits="1" branch="False" />
            <line number="37" hits="1" branch="False" />
          </lines>
        </class>
        <class name="TryitterSolution.WebAPI.Services.UserService/&lt;DeleteAsync&gt;d__4" filename="Desktop\ProjetoFinal\Tryitter\TryitterSolution\src\TryitterSolution.WebAPI\Services\UserService.cs" line-rate="1" branch-rate="1" complexity="2">
          <methods>
            <method name="MoveNext" signature="()" line-rate="1" branch-rate="1" complexity="2">
              <lines>
                <line number="40" hits="2" branch="False" />
                <line number="41" hits="2" branch="False" />
                <line number="43" hits="2" branch="True" condition-coverage="100% (2/2)">
                  <conditions>
                    <condition number="168" type="jump" coverage="100%" />
                  </conditions>
                </line>
                <line number="44" hits="1" branch="False" />
                <line number="45" hits="1" branch="False" />
                <line number="48" hits="1" branch="False" />
                <line number="49" hits="1" branch="False" />
              </lines>
            </method>
          </methods>
          <lines>
            <line number="40" hits="2" branch="False" />
            <line number="41" hits="2" branch="False" />
            <line number="43" hits="2" branch="True" condition-coverage="100% (2/2)">
              <conditions>
                <condition number="168" type="jump" coverage="100%" />
              </conditions>
            </line>
            <line number="44" hits="1" branch="False" />
            <line number="45" hits="1" branch="False" />
            <line number="48" hits="1" branch="False" />
            <line number="49" hits="1" branch="False" />
          </lines>
        </class>
        <class name="TryitterSolution.WebAPI.Services.UserService/&lt;GetByEmailAndPasswordAsync&gt;d__6" filename="Desktop\ProjetoFinal\Tryitter\TryitterSolution\src\TryitterSolution.WebAPI\Services\UserService.cs" line-rate="0" branch-rate="0" complexity="2">
          <methods>
            <method name="MoveNext" signature="()" line-rate="0" branch-rate="0" complexity="2">
              <lines>
                <line number="57" hits="0" branch="False" />
                <line number="58" hits="0" branch="False" />
                <line number="60" hits="0" branch="True" condition-coverage="0% (0/2)">
                  <conditions>
                    <condition number="176" type="jump" coverage="0%" />
                  </conditions>
                </line>
                <line number="61" hits="0" branch="False" />
                <line number="62" hits="0" branch="False" />
                <line number="65" hits="0" branch="False" />
                <line number="66" hits="0" branch="False" />
              </lines>
            </method>
          </methods>
          <lines>
            <line number="57" hits="0" branch="False" />
            <line number="58" hits="0" branch="False" />
            <line number="60" hits="0" branch="True" condition-coverage="0% (0/2)">
              <conditions>
                <condition number="176" type="jump" coverage="0%" />
              </conditions>
            </line>
            <line number="61" hits="0" branch="False" />
            <line number="62" hits="0" branch="False" />
            <line number="65" hits="0" branch="False" />
            <line number="66" hits="0" branch="False" />
          </lines>
        </class>
        <class name="TryitterSolution.WebAPI.Models.Post" filename="Desktop\ProjetoFinal\Tryitter\TryitterSolution\src\TryitterSolution.WebAPI\Models\Post.cs" line-rate="1" branch-rate="1" complexity="4">
          <methods>
            <method name="get_PostId" signature="()" line-rate="1" branch-rate="1" complexity="1">
              <lines>
                <line number="9" hits="36" branch="False" />
              </lines>
            </method>
            <method name="get_Text" signature="()" line-rate="1" branch-rate="1" complexity="1">
              <lines>
                <line number="12" hits="26" branch="False" />
              </lines>
            </method>
            <method name="get_Imagem" signature="()" line-rate="1" branch-rate="1" complexity="1">
              <lines>
                <line number="14" hits="26" branch="False" />
              </lines>
            </method>
            <method name="get_UserId" signature="()" line-rate="1" branch-rate="1" complexity="1">
              <lines>
                <line number="17" hits="26" branch="False" />
              </lines>
            </method>
          </methods>
          <lines>
            <line number="9" hits="36" branch="False" />
            <line number="12" hits="26" branch="False" />
            <line number="14" hits="26" branch="False" />
            <line number="17" hits="26" branch="False" />
          </lines>
        </class>
        <class name="TryitterSolution.WebAPI.Models.User" filename="Desktop\ProjetoFinal\Tryitter\TryitterSolution\src\TryitterSolution.WebAPI\Models\User.cs" line-rate="1" branch-rate="1" complexity="7">
          <methods>
            <method name="get_UserId" signature="()" line-rate="1" branch-rate="1" complexity="1">
              <lines>
                <line number="8" hits="16" branch="False" />
              </lines>
            </method>
            <method name="get_Fullname" signature="()" line-rate="1" branch-rate="1" complexity="1">
              <lines>
                <line number="11" hits="6" branch="False" />
              </lines>
            </method>
            <method name="get_Email" signature="()" line-rate="1" branch-rate="1" complexity="1">
              <lines>
                <line number="14" hits="8" branch="False" />
              </lines>
            </method>
            <method name="get_Modulo" signature="()" line-rate="1" branch-rate="1" complexity="1">
              <lines>
                <line number="16" hits="6" branch="False" />
              </lines>
            </method>
            <method name="get_Status" signature="()" line-rate="1" branch-rate="1" complexity="1">
              <lines>
                <line number="18" hits="6" branch="False" />
              </lines>
            </method>
            <method name="get_Password" signature="()" line-rate="1" branch-rate="1" complexity="1">
              <lines>
                <line number="21" hits="6" branch="False" />
              </lines>
            </method>
            <method name="get_Posts" signature="()" line-rate="1" branch-rate="1" complexity="1">
              <lines>
                <line number="23" hits="6" branch="False" />
              </lines>
            </method>
          </methods>
          <lines>
            <line number="8" hits="16" branch="False" />
            <line number="11" hits="6" branch="False" />
            <line number="14" hits="8" branch="False" />
            <line number="16" hits="6" branch="False" />
            <line number="18" hits="6" branch="False" />
            <line number="21" hits="6" branch="False" />
            <line number="23" hits="6" branch="False" />
          </lines>
        </class>
        <class name="TryitterSolution.WebAPI.Extensions.AuthenticationExtensions" filename="Desktop\ProjetoFinal\Tryitter\TryitterSolution\src\TryitterSolution.WebAPI\Extensions\AuthenticationExtensions.cs" line-rate="0" branch-rate="1" complexity="1">
          <methods>
            <method name="AddCustomAuthentication" signature="(Microsoft.Extensions.DependencyInjection.IServiceCollection,Microsoft.Extensions.Configuration.IConfiguration)" line-rate="0" branch-rate="1" complexity="1">
              <lines>
                <line number="10" hits="0" branch="False" />
                <line number="11" hits="0" branch="False" />
                <line number="12" hits="0" branch="False" />
                <line number="13" hits="0" branch="False" />
                <line number="14" hits="0" branch="False" />
                <line number="15" hits="0" branch="False" />
                <line number="16" hits="0" branch="False" />
                <line number="17" hits="0" branch="False" />
                <line number="18" hits="0" branch="False" />
                <line number="19" hits="0" branch="False" />
                <line number="20" hits="0" branch="False" />
                <line number="21" hits="0" branch="False" />
                <line number="22" hits="0" branch="False" />
                <line number="23" hits="0" branch="False" />
                <line number="24" hits="0" branch="False" />
                <line number="25" hits="0" branch="False" />
                <line number="26" hits="0" branch="False" />
                <line number="27" hits="0" branch="False" />
                <line number="28" hits="0" branch="False" />
                <line number="29" hits="0" branch="False" />
                <line number="30" hits="0" branch="False" />
                <line number="32" hits="0" branch="False" />
                <line number="34" hits="0" branch="False" />
                <line number="35" hits="0" branch="False" />
              </lines>
            </method>
          </methods>
          <lines>
            <line number="10" hits="0" branch="False" />
            <line number="11" hits="0" branch="False" />
            <line number="12" hits="0" branch="False" />
            <line number="13" hits="0" branch="False" />
            <line number="14" hits="0" branch="False" />
            <line number="15" hits="0" branch="False" />
            <line number="16" hits="0" branch="False" />
            <line number="17" hits="0" branch="False" />
            <line number="18" hits="0" branch="False" />
            <line number="19" hits="0" branch="False" />
            <line number="20" hits="0" branch="False" />
            <line number="21" hits="0" branch="False" />
            <line number="22" hits="0" branch="False" />
            <line number="23" hits="0" branch="False" />
            <line number="24" hits="0" branch="False" />
            <line number="25" hits="0" branch="False" />
            <line number="26" hits="0" branch="False" />
            <line number="27" hits="0" branch="False" />
            <line number="28" hits="0" branch="False" />
            <line number="29" hits="0" branch="False" />
            <line number="30" hits="0" branch="False" />
            <line number="32" hits="0" branch="False" />
            <line number="34" hits="0" branch="False" />
            <line number="35" hits="0" branch="False" />
          </lines>
        </class>
        <class name="TryitterSolution.WebAPI.Extensions.DatabaseExtensions" filename="Desktop\ProjetoFinal\Tryitter\TryitterSolution\src\TryitterSolution.WebAPI\Extensions\DatabaseExtensions.cs" line-rate="0" branch-rate="1" complexity="1">
          <methods>
            <method name="AddDatabase" signature="(Microsoft.Extensions.DependencyInjection.IServiceCollection,Microsoft.Extensions.Configuration.IConfiguration)" line-rate="0" branch-rate="1" complexity="1">
              <lines>
                <line number="10" hits="0" branch="False" />
                <line number="11" hits="0" branch="False" />
                <line number="12" hits="0" branch="False" />
                <line number="14" hits="0" branch="False" />
                <line number="15" hits="0" branch="False" />
                <line number="16" hits="0" branch="False" />
                <line number="18" hits="0" branch="False" />
                <line number="19" hits="0" branch="False" />
              </lines>
            </method>
          </methods>
          <lines>
            <line number="10" hits="0" branch="False" />
            <line number="11" hits="0" branch="False" />
            <line number="12" hits="0" branch="False" />
            <line number="14" hits="0" branch="False" />
            <line number="15" hits="0" branch="False" />
            <line number="16" hits="0" branch="False" />
            <line number="18" hits="0" branch="False" />
            <line number="19" hits="0" branch="False" />
          </lines>
        </class>
        <class name="TryitterSolution.WebAPI.Extensions.ServiceExtensions" filename="Desktop\ProjetoFinal\Tryitter\TryitterSolution\src\TryitterSolution.WebAPI\Extensions\ServiceExtensions.cs" line-rate="0" branch-rate="1" complexity="1">
          <methods>
            <method name="AddServices" signature="(Microsoft.Extensions.DependencyInjection.IServiceCollection)" line-rate="0" branch-rate="1" complexity="1">
              <lines>
                <line number="9" hits="0" branch="False" />
                <line number="10" hits="0" branch="False" />
                <line number="11" hits="0" branch="False" />
                <line number="12" hits="0" branch="False" />
                <line number="14" hits="0" branch="False" />
                <line number="15" hits="0" branch="False" />
              </lines>
            </method>
          </methods>
          <lines>
            <line number="9" hits="0" branch="False" />
            <line number="10" hits="0" branch="False" />
            <line number="11" hits="0" branch="False" />
            <line number="12" hits="0" branch="False" />
            <line number="14" hits="0" branch="False" />
            <line number="15" hits="0" branch="False" />
          </lines>
        </class>
        <class name="TryitterSolution.WebAPI.Exceptions.PostAlreadyExistsException" filename="Desktop\ProjetoFinal\Tryitter\TryitterSolution\src\TryitterSolution.WebAPI\Exceptions\PostAlreadyExistsException.cs" line-rate="0" branch-rate="1" complexity="1">
          <methods>
            <method name=".ctor" signature="(System.String)" line-rate="0" branch-rate="1" complexity="1">
              <lines>
                <line number="6" hits="0" branch="False" />
                <line number="7" hits="0" branch="False" />
              </lines>
            </method>
          </methods>
          <lines>
            <line number="6" hits="0" branch="False" />
            <line number="7" hits="0" branch="False" />
          </lines>
        </class>
        <class name="TryitterSolution.WebAPI.Exceptions.PostNotExistsException" filename="Desktop\ProjetoFinal\Tryitter\TryitterSolution\src\TryitterSolution.WebAPI\Exceptions\PostNotExistsException.cs" line-rate="1" branch-rate="1" complexity="1">
          <methods>
            <method name=".ctor" signature="(System.String)" line-rate="1" branch-rate="1" complexity="1">
              <lines>
                <line number="6" hits="2" branch="False" />
                <line number="7" hits="4" branch="False" />
              </lines>
            </method>
          </methods>
          <lines>
            <line number="6" hits="2" branch="False" />
            <line number="7" hits="4" branch="False" />
          </lines>
        </class>
        <class name="TryitterSolution.WebAPI.Exceptions.UserAlreadyExistsException" filename="Desktop\ProjetoFinal\Tryitter\TryitterSolution\src\TryitterSolution.WebAPI\Exceptions\UserAlreadyExistsException.cs" line-rate="1" branch-rate="1" complexity="1">
          <methods>
            <method name=".ctor" signature="(System.String)" line-rate="1" branch-rate="1" complexity="1">
              <lines>
                <line number="6" hits="1" branch="False" />
                <line number="7" hits="2" branch="False" />
              </lines>
            </method>
          </methods>
          <lines>
            <line number="6" hits="1" branch="False" />
            <line number="7" hits="2" branch="False" />
          </lines>
        </class>
        <class name="TryitterSolution.WebAPI.Exceptions.UserNotExistsException" filename="Desktop\ProjetoFinal\Tryitter\TryitterSolution\src\TryitterSolution.WebAPI\Exceptions\UserNotExistsException.cs" line-rate="1" branch-rate="1" complexity="1">
          <methods>
            <method name=".ctor" signature="(System.String)" line-rate="1" branch-rate="1" complexity="1">
              <lines>
                <line number="6" hits="2" branch="False" />
                <line number="7" hits="4" branch="False" />
              </lines>
            </method>
          </methods>
          <lines>
            <line number="6" hits="2" branch="False" />
            <line number="7" hits="4" branch="False" />
          </lines>
        </class>
        <class name="TryitterSolution.WebAPI.Controllers.LoginController" filename="Desktop\ProjetoFinal\Tryitter\TryitterSolution\src\TryitterSolution.WebAPI\Controllers\LoginController.cs" line-rate="0" branch-rate="1" complexity="1">
          <methods>
            <method name=".ctor" signature="(TryitterSolution.WebAPI.Interfaces.Services.IUserService,TryitterSolution.WebAPI.Interfaces.Services.IAuthService,Microsoft.Extensions.Configuration.IConfiguration)" line-rate="0" branch-rate="1" complexity="1">
              <lines>
                <line number="17" hits="0" branch="False" />
                <line number="18" hits="0" branch="False" />
                <line number="19" hits="0" branch="False" />
                <line number="20" hits="0" branch="False" />
                <line number="21" hits="0" branch="False" />
                <line number="22" hits="0" branch="False" />
              </lines>
            </method>
          </methods>
          <lines>
            <line number="17" hits="0" branch="False" />
            <line number="18" hits="0" branch="False" />
            <line number="19" hits="0" branch="False" />
            <line number="20" hits="0" branch="False" />
            <line number="21" hits="0" branch="False" />
            <line number="22" hits="0" branch="False" />
          </lines>
        </class>
        <class name="TryitterSolution.WebAPI.Controllers.LoginController/&lt;LoginAsync&gt;d__4" filename="Desktop\ProjetoFinal\Tryitter\TryitterSolution\src\TryitterSolution.WebAPI\Controllers\LoginController.cs" line-rate="0" branch-rate="1" complexity="1">
          <methods>
            <method name="MoveNext" signature="()" line-rate="0" branch-rate="1" complexity="1">
              <lines>
                <line number="30" hits="0" branch="False" />
                <line number="31" hits="0" branch="False" />
                <line number="33" hits="0" branch="False" />
                <line number="34" hits="0" branch="False" />
                <line number="35" hits="0" branch="False" />
                <line number="36" hits="0" branch="False" />
                <line number="37" hits="0" branch="False" />
                <line number="39" hits="0" branch="False" />
                <line number="40" hits="0" branch="False" />
              </lines>
            </method>
          </methods>
          <lines>
            <line number="30" hits="0" branch="False" />
            <line number="31" hits="0" branch="False" />
            <line number="33" hits="0" branch="False" />
            <line number="34" hits="0" branch="False" />
            <line number="35" hits="0" branch="False" />
            <line number="36" hits="0" branch="False" />
            <line number="37" hits="0" branch="False" />
            <line number="39" hits="0" branch="False" />
            <line number="40" hits="0" branch="False" />
          </lines>
        </class>
        <class name="TryitterSolution.WebAPI.Controllers.PostController" filename="Desktop\ProjetoFinal\Tryitter\TryitterSolution\src\TryitterSolution.WebAPI\Controllers\PostController.cs" line-rate="0" branch-rate="0" complexity="5">
          <methods>
            <method name="GetAll" signature="(System.Threading.CancellationToken)" line-rate="0" branch-rate="0" complexity="4">
              <lines>
                <line number="53" hits="0" branch="False" />
                <line number="55" hits="0" branch="False" />
                <line number="57" hits="0" branch="True" condition-coverage="0% (0/4)">
                  <conditions>
                    <condition number="20" type="jump" coverage="0%" />
                    <condition number="36" type="jump" coverage="0%" />
                  </conditions>
                </line>
                <line number="58" hits="0" branch="False" />
                <line number="59" hits="0" branch="False" />
                <line number="62" hits="0" branch="False" />
                <line number="63" hits="0" branch="False" />
                <line number="64" hits="0" branch="False" />
                <line number="65" hits="0" branch="False" />
                <line number="66" hits="0" branch="False" />
                <line number="67" hits="0" branch="False" />
                <line number="68" hits="0" branch="False" />
                <line number="70" hits="0" branch="False" />
                <line number="71" hits="0" branch="False" />
              </lines>
            </method>
            <method name=".ctor" signature="(TryitterSolution.WebAPI.Interfaces.Services.IPostService)" line-rate="0" branch-rate="1" complexity="1">
              <lines>
                <line number="15" hits="0" branch="False" />
                <line number="16" hits="0" branch="False" />
                <line number="17" hits="0" branch="False" />
                <line number="18" hits="0" branch="False" />
              </lines>
            </method>
          </methods>
          <lines>
            <line number="53" hits="0" branch="False" />
            <line number="55" hits="0" branch="False" />
            <line number="57" hits="0" branch="True" condition-coverage="0% (0/4)">
              <conditions>
                <condition number="20" type="jump" coverage="0%" />
                <condition number="36" type="jump" coverage="0%" />
              </conditions>
            </line>
            <line number="58" hits="0" branch="False" />
            <line number="59" hits="0" branch="False" />
            <line number="62" hits="0" branch="False" />
            <line number="63" hits="0" branch="False" />
            <line number="64" hits="0" branch="False" />
            <line number="65" hits="0" branch="False" />
            <line number="66" hits="0" branch="False" />
            <line number="67" hits="0" branch="False" />
            <line number="68" hits="0" branch="False" />
            <line number="70" hits="0" branch="False" />
            <line number="71" hits="0" branch="False" />
            <line number="15" hits="0" branch="False" />
            <line number="16" hits="0" branch="False" />
            <line number="17" hits="0" branch="False" />
            <line number="18" hits="0" branch="False" />
          </lines>
        </class>
        <class name="TryitterSolution.WebAPI.Controllers.PostController/&lt;AddAsync&gt;d__2" filename="Desktop\ProjetoFinal\Tryitter\TryitterSolution\src\TryitterSolution.WebAPI\Controllers\PostController.cs" line-rate="0" branch-rate="1" complexity="1">
          <methods>
            <method name="MoveNext" signature="()" line-rate="0" branch-rate="1" complexity="1">
              <lines>
                <line number="26" hits="0" branch="False" />
                <line number="27" hits="0" branch="False" />
                <line number="28" hits="0" branch="False" />
                <line number="29" hits="0" branch="False" />
                <line number="30" hits="0" branch="False" />
                <line number="31" hits="0" branch="False" />
                <line number="32" hits="0" branch="False" />
                <line number="33" hits="0" branch="False" />
                <line number="34" hits="0" branch="False" />
                <line number="35" hits="0" branch="False" />
              </lines>
            </method>
          </methods>
          <lines>
            <line number="26" hits="0" branch="False" />
            <line number="27" hits="0" branch="False" />
            <line number="28" hits="0" branch="False" />
            <line number="29" hits="0" branch="False" />
            <line number="30" hits="0" branch="False" />
            <line number="31" hits="0" branch="False" />
            <line number="32" hits="0" branch="False" />
            <line number="33" hits="0" branch="False" />
            <line number="34" hits="0" branch="False" />
            <line number="35" hits="0" branch="False" />
          </lines>
        </class>
        <class name="TryitterSolution.WebAPI.Controllers.PostController/&lt;ChangePasswordAsync&gt;d__3" filename="Desktop\ProjetoFinal\Tryitter\TryitterSolution\src\TryitterSolution.WebAPI\Controllers\PostController.cs" line-rate="0" branch-rate="0" complexity="2">
          <methods>
            <method name="MoveNext" signature="()" line-rate="0" branch-rate="0" complexity="2">
              <lines>
                <line number="43" hits="0" branch="False" />
                <line number="44" hits="0" branch="True" condition-coverage="0% (0/2)">
                  <conditions>
                    <condition number="55" type="jump" coverage="0%" />
                  </conditions>
                </line>
                <line number="45" hits="0" branch="False" />
                <line number="46" hits="0" branch="False" />
              </lines>
            </method>
          </methods>
          <lines>
            <line number="43" hits="0" branch="False" />
            <line number="44" hits="0" branch="True" condition-coverage="0% (0/2)">
              <conditions>
                <condition number="55" type="jump" coverage="0%" />
              </conditions>
            </line>
            <line number="45" hits="0" branch="False" />
            <line number="46" hits="0" branch="False" />
          </lines>
        </class>
        <class name="TryitterSolution.WebAPI.Controllers.PostController/&lt;DeleteAsync&gt;d__5" filename="Desktop\ProjetoFinal\Tryitter\TryitterSolution\src\TryitterSolution.WebAPI\Controllers\PostController.cs" line-rate="0" branch-rate="1" complexity="1">
          <methods>
            <method name="MoveNext" signature="()" line-rate="0" branch-rate="1" complexity="1">
              <lines>
                <line number="80" hits="0" branch="False" />
                <line number="82" hits="0" branch="False" />
                <line number="84" hits="0" branch="False" />
                <line number="85" hits="0" branch="False" />
              </lines>
            </method>
          </methods>
          <lines>
            <line number="80" hits="0" branch="False" />
            <line number="82" hits="0" branch="False" />
            <line number="84" hits="0" branch="False" />
            <line number="85" hits="0" branch="False" />
          </lines>
        </class>
        <class name="TryitterSolution.WebAPI.Controllers.UserController" filename="Desktop\ProjetoFinal\Tryitter\TryitterSolution\src\TryitterSolution.WebAPI\Controllers\UserController.cs" line-rate="0" branch-rate="0" complexity="5">
          <methods>
            <method name="GetAll" signature="(System.Threading.CancellationToken)" line-rate="0" branch-rate="0" complexity="4">
              <lines>
                <line number="55" hits="0" branch="False" />
                <line number="57" hits="0" branch="False" />
                <line number="59" hits="0" branch="True" condition-coverage="0% (0/4)">
                  <conditions>
                    <condition number="20" type="jump" coverage="0%" />
                    <condition number="36" type="jump" coverage="0%" />
                  </conditions>
                </line>
                <line number="60" hits="0" branch="False" />
                <line number="61" hits="0" branch="False" />
                <line number="64" hits="0" branch="False" />
                <line number="65" hits="0" branch="False" />
                <line number="66" hits="0" branch="False" />
                <line number="67" hits="0" branch="False" />
                <line number="68" hits="0" branch="False" />
                <line number="69" hits="0" branch="False" />
                <line number="70" hits="0" branch="False" />
                <line number="71" hits="0" branch="False" />
                <line number="73" hits="0" branch="False" />
                <line number="74" hits="0" branch="False" />
              </lines>
            </method>
            <method name=".ctor" signature="(TryitterSolution.WebAPI.Interfaces.Services.IUserService)" line-rate="0" branch-rate="1" complexity="1">
              <lines>
                <line number="16" hits="0" branch="False" />
                <line number="17" hits="0" branch="False" />
                <line number="18" hits="0" branch="False" />
                <line number="19" hits="0" branch="False" />
              </lines>
            </method>
          </methods>
          <lines>
            <line number="55" hits="0" branch="False" />
            <line number="57" hits="0" branch="False" />
            <line number="59" hits="0" branch="True" condition-coverage="0% (0/4)">
              <conditions>
                <condition number="20" type="jump" coverage="0%" />
                <condition number="36" type="jump" coverage="0%" />
              </conditions>
            </line>
            <line number="60" hits="0" branch="False" />
            <line number="61" hits="0" branch="False" />
            <line number="64" hits="0" branch="False" />
            <line number="65" hits="0" branch="False" />
            <line number="66" hits="0" branch="False" />
            <line number="67" hits="0" branch="False" />
            <line number="68" hits="0" branch="False" />
            <line number="69" hits="0" branch="False" />
            <line number="70" hits="0" branch="False" />
            <line number="71" hits="0" branch="False" />
            <line number="73" hits="0" branch="False" />
            <line number="74" hits="0" branch="False" />
            <line number="16" hits="0" branch="False" />
            <line number="17" hits="0" branch="False" />
            <line number="18" hits="0" branch="False" />
            <line number="19" hits="0" branch="False" />
          </lines>
        </class>
        <class name="TryitterSolution.WebAPI.Controllers.UserController/&lt;AddAsync&gt;d__2" filename="Desktop\ProjetoFinal\Tryitter\TryitterSolution\src\TryitterSolution.WebAPI\Controllers\UserController.cs" line-rate="0" branch-rate="1" complexity="1">
          <methods>
            <method name="MoveNext" signature="()" line-rate="0" branch-rate="1" complexity="1">
              <lines>
                <line number="27" hits="0" branch="False" />
                <line number="28" hits="0" branch="False" />
                <line number="29" hits="0" branch="False" />
                <line number="30" hits="0" branch="False" />
                <line number="31" hits="0" branch="False" />
                <line number="32" hits="0" branch="False" />
                <line number="33" hits="0" branch="False" />
                <line number="34" hits="0" branch="False" />
                <line number="35" hits="0" branch="False" />
                <line number="36" hits="0" branch="False" />
              </lines>
            </method>
          </methods>
          <lines>
            <line number="27" hits="0" branch="False" />
            <line number="28" hits="0" branch="False" />
            <line number="29" hits="0" branch="False" />
            <line number="30" hits="0" branch="False" />
            <line number="31" hits="0" branch="False" />
            <line number="32" hits="0" branch="False" />
            <line number="33" hits="0" branch="False" />
            <line number="34" hits="0" branch="False" />
            <line number="35" hits="0" branch="False" />
            <line number="36" hits="0" branch="False" />
          </lines>
        </class>
        <class name="TryitterSolution.WebAPI.Controllers.UserController/&lt;ChangePasswordAsync&gt;d__3" filename="Desktop\ProjetoFinal\Tryitter\TryitterSolution\src\TryitterSolution.WebAPI\Controllers\UserController.cs" line-rate="0" branch-rate="1" complexity="1">
          <methods>
            <method name="MoveNext" signature="()" line-rate="0" branch-rate="1" complexity="1">
              <lines>
                <line number="44" hits="0" branch="False" />
                <line number="46" hits="0" branch="False" />
                <line number="47" hits="0" branch="False" />
                <line number="48" hits="0" branch="False" />
              </lines>
            </method>
          </methods>
          <lines>
            <line number="44" hits="0" branch="False" />
            <line number="46" hits="0" branch="False" />
            <line number="47" hits="0" branch="False" />
            <line number="48" hits="0" branch="False" />
          </lines>
        </class>
        <class name="TryitterSolution.WebAPI.Controllers.UserController/&lt;DeleteAsync&gt;d__5" filename="Desktop\ProjetoFinal\Tryitter\TryitterSolution\src\TryitterSolution.WebAPI\Controllers\UserController.cs" line-rate="0" branch-rate="1" complexity="1">
          <methods>
            <method name="MoveNext" signature="()" line-rate="0" branch-rate="1" complexity="1">
              <lines>
                <line number="82" hits="0" branch="False" />
                <line number="84" hits="0" branch="False" />
                <line number="86" hits="0" branch="False" />
                <line number="87" hits="0" branch="False" />
              </lines>
            </method>
          </methods>
          <lines>
            <line number="82" hits="0" branch="False" />
            <line number="84" hits="0" branch="False" />
            <line number="86" hits="0" branch="False" />
            <line number="87" hits="0" branch="False" />
          </lines>
        </class>
      </classes>
    </package>
  </packages>
</coverage>